This file contains any messages produced by compilers while
running configure, to aid debugging if configure makes a mistake.

It was created by configure, which was
generated by GNU Autoconf 2.57.  Invocation command line was

  $ ./configure 

## --------- ##
## Platform. ##
## --------- ##

hostname = condor
uname -m = i686
uname -r = 2.4.21-99-default
uname -s = Linux
uname -v = #1 Wed Sep 24 13:30:51 UTC 2003

/usr/bin/uname -p = unknown
/bin/uname -X     = unknown

/bin/arch              = i686
/usr/bin/arch -k       = unknown
/usr/convex/getsysinfo = unknown
hostinfo               = unknown
/bin/machine           = unknown
/usr/bin/oslevel       = unknown
/bin/universe          = unknown

PATH: /usr/local/sbin/
PATH: /usr/sbin/
PATH: /sbin
PATH: /usr/local/sbin
PATH: /usr/sbin
PATH: /sbin
PATH: /usr/local/sbin/
PATH: /usr/sbin/
PATH: /sbin
PATH: /usr/local/sbin/
PATH: /usr/sbin/
PATH: /sbin
PATH: /home/jahns/bin
PATH: /usr/local/bin
PATH: /usr/bin
PATH: /usr/X11R6/bin
PATH: /bin
PATH: /usr/games
PATH: /opt/gnome/bin
PATH: /opt/kde3/bin
PATH: /usr/lib/java/jre/bin


## ----------- ##
## Core tests. ##
## ----------- ##

configure:1303: checking for a BSD-compatible install
configure:1357: result: /usr/bin/install -c
configure:1368: checking whether build environment is sane
configure:1411: result: yes
configure:1444: checking for gawk
configure:1460: found /usr/bin/gawk
configure:1470: result: gawk
configure:1480: checking whether make sets $(MAKE)
configure:1500: result: yes
configure:1715: checking for gcc
configure:1731: found /usr/bin/gcc
configure:1741: result: gcc
configure:1985: checking for C compiler version
configure:1988: gcc --version </dev/null >&5
gcc (GCC) 3.3.1 (SuSE Linux)
Copyright (C) 2003 Free Software Foundation, Inc.
This is free software; see the source for copying conditions.  There is NO
warranty; not even for MERCHANTABILITY or FITNESS FOR A PARTICULAR PURPOSE.

configure:1991: $? = 0
configure:1993: gcc -v </dev/null >&5
Reading specs from /usr/lib/gcc-lib/i586-suse-linux/3.3.1/specs
Configured with: ../configure --enable-threads=posix --prefix=/usr --with-local-prefix=/usr/local --infodir=/usr/share/info --mandir=/usr/share/man --libdir=/usr/lib --enable-languages=c,c++,f77,objc,java,ada --disable-checking --enable-libgcj --with-gxx-include-dir=/usr/include/g++ --with-slibdir=/lib --with-system-zlib --enable-shared --enable-__cxa_atexit i586-suse-linux
Thread model: posix
gcc version 3.3.1 (SuSE Linux)
configure:1996: $? = 0
configure:1998: gcc -V </dev/null >&5
gcc: `-V' option must have argument
configure:2001: $? = 1
configure:2025: checking for C compiler default output
configure:2028: gcc    conftest.c  >&5
configure:2031: $? = 0
configure:2077: result: a.out
configure:2082: checking whether the C compiler works
configure:2088: ./a.out
configure:2091: $? = 0
configure:2108: result: yes
configure:2115: checking whether we are cross compiling
configure:2117: result: no
configure:2120: checking for suffix of executables
configure:2122: gcc -o conftest    conftest.c  >&5
configure:2125: $? = 0
configure:2150: result: 
configure:2156: checking for suffix of object files
configure:2178: gcc -c   conftest.c >&5
configure:2181: $? = 0
configure:2203: result: o
configure:2207: checking whether we are using the GNU C compiler
configure:2232: gcc -c   conftest.c >&5
configure:2235: $? = 0
configure:2238: test -s conftest.o
configure:2241: $? = 0
configure:2254: result: yes
configure:2260: checking whether gcc accepts -g
configure:2282: gcc -c -g  conftest.c >&5
configure:2285: $? = 0
configure:2288: test -s conftest.o
configure:2291: $? = 0
configure:2302: result: yes
configure:2319: checking for gcc option to accept ANSI C
configure:2380: gcc  -c -g -O2  conftest.c >&5
configure:2383: $? = 0
configure:2386: test -s conftest.o
configure:2389: $? = 0
configure:2407: result: none needed
configure:2425: gcc -c -g -O2  conftest.c >&5
conftest.c:2: error: parse error before "me"
configure:2428: $? = 1
configure: failed program was:
| #ifndef __cplusplus
|   choke me
| #endif
configure:2548: checking for style of include used by make
configure:2576: result: GNU
configure:2604: checking dependency style of gcc
configure:2687: result: gcc3
configure:2745: checking for ranlib
configure:2761: found /usr/bin/ranlib
configure:2772: result: ranlib
configure:2792: checking how to run the C preprocessor
configure:2828: gcc -E  conftest.c
configure:2834: $? = 0
configure:2866: gcc -E  conftest.c
configure:2868:28: ac_nonexistent.h: No such file or directory
configure:2872: $? = 1
configure: failed program was:
| #line 2857 "configure"
| /* confdefs.h.  */
| 
| #define PACKAGE_NAME ""
| #define PACKAGE_TARNAME ""
| #define PACKAGE_VERSION ""
| #define PACKAGE_STRING ""
| #define PACKAGE_BUGREPORT ""
| #define PACKAGE "pcwsr"
| #define VERSION "0.1.4"
| #define _GNU_SOURCE 1
| /* end confdefs.h.  */
| #include <ac_nonexistent.h>
configure:2910: result: gcc -E
configure:2935: gcc -E  conftest.c
configure:2941: $? = 0
configure:2973: gcc -E  conftest.c
configure:2975:28: ac_nonexistent.h: No such file or directory
configure:2979: $? = 1
configure: failed program was:
| #line 2964 "configure"
| /* confdefs.h.  */
| 
| #define PACKAGE_NAME ""
| #define PACKAGE_TARNAME ""
| #define PACKAGE_VERSION ""
| #define PACKAGE_STRING ""
| #define PACKAGE_BUGREPORT ""
| #define PACKAGE "pcwsr"
| #define VERSION "0.1.4"
| #define _GNU_SOURCE 1
| /* end confdefs.h.  */
| #include <ac_nonexistent.h>
configure:3022: checking for egrep
configure:3032: result: grep -E
configure:3037: checking for ANSI C header files
configure:3063: gcc -c -g -O2  conftest.c >&5
configure:3066: $? = 0
configure:3069: test -s conftest.o
configure:3072: $? = 0
configure:3161: gcc -o conftest -g -O2   conftest.c  >&5
configure:3164: $? = 0
configure:3166: ./conftest
configure:3169: $? = 0
configure:3184: result: yes
configure:3194: checking for sys/wait.h that is POSIX.1 compatible
configure:3226: gcc -c -g -O2  conftest.c >&5
configure:3229: $? = 0
configure:3232: test -s conftest.o
configure:3235: $? = 0
configure:3246: result: yes
configure:3270: checking for sys/types.h
configure:3287: gcc -c -g -O2  conftest.c >&5
configure:3290: $? = 0
configure:3293: test -s conftest.o
configure:3296: $? = 0
configure:3307: result: yes
configure:3270: checking for sys/stat.h
configure:3287: gcc -c -g -O2  conftest.c >&5
configure:3290: $? = 0
configure:3293: test -s conftest.o
configure:3296: $? = 0
configure:3307: result: yes
configure:3270: checking for stdlib.h
configure:3287: gcc -c -g -O2  conftest.c >&5
configure:3290: $? = 0
configure:3293: test -s conftest.o
configure:3296: $? = 0
configure:3307: result: yes
configure:3270: checking for string.h
configure:3287: gcc -c -g -O2  conftest.c >&5
configure:3290: $? = 0
configure:3293: test -s conftest.o
configure:3296: $? = 0
configure:3307: result: yes
configure:3270: checking for memory.h
configure:3287: gcc -c -g -O2  conftest.c >&5
configure:3290: $? = 0
configure:3293: test -s conftest.o
configure:3296: $? = 0
configure:3307: result: yes
configure:3270: checking for strings.h
configure:3287: gcc -c -g -O2  conftest.c >&5
configure:3290: $? = 0
configure:3293: test -s conftest.o
configure:3296: $? = 0
configure:3307: result: yes
configure:3270: checking for inttypes.h
configure:3287: gcc -c -g -O2  conftest.c >&5
configure:3290: $? = 0
configure:3293: test -s conftest.o
configure:3296: $? = 0
configure:3307: result: yes
configure:3270: checking for stdint.h
configure:3287: gcc -c -g -O2  conftest.c >&5
configure:3290: $? = 0
configure:3293: test -s conftest.o
configure:3296: $? = 0
configure:3307: result: yes
configure:3270: checking for unistd.h
configure:3287: gcc -c -g -O2  conftest.c >&5
configure:3290: $? = 0
configure:3293: test -s conftest.o
configure:3296: $? = 0
configure:3307: result: yes
configure:3334: checking fcntl.h usability
configure:3347: gcc -c -g -O2  conftest.c >&5
configure:3350: $? = 0
configure:3353: test -s conftest.o
configure:3356: $? = 0
configure:3366: result: yes
configure:3370: checking fcntl.h presence
configure:3381: gcc -E  conftest.c
configure:3387: $? = 0
configure:3406: result: yes
configure:3442: checking for fcntl.h
configure:3449: result: yes
configure:3325: checking for unistd.h
configure:3330: result: yes
configure:3463: checking for an ANSI C-conforming const
configure:3531: gcc -c -g -O2  conftest.c >&5
configure:3534: $? = 0
configure:3537: test -s conftest.o
configure:3540: $? = 0
configure:3551: result: yes
configure:3561: checking for pid_t
configure:3586: gcc -c -g -O2  conftest.c >&5
configure:3589: $? = 0
configure:3592: test -s conftest.o
configure:3595: $? = 0
configure:3606: result: yes
configure:3618: checking for size_t
configure:3643: gcc -c -g -O2  conftest.c >&5
configure:3646: $? = 0
configure:3649: test -s conftest.o
configure:3652: $? = 0
configure:3663: result: yes
configure:3675: checking whether struct tm is in sys/time.h or time.h
configure:3699: gcc -c -g -O2  conftest.c >&5
configure:3702: $? = 0
configure:3705: test -s conftest.o
configure:3708: $? = 0
configure:3719: result: time.h
configure:3731: checking whether gcc needs -traditional
configure:3775: result: no
configure:3924: creating ./config.status

## ---------------------- ##
## Running config.status. ##
## ---------------------- ##

This file was extended by config.status, which was
generated by GNU Autoconf 2.57.  Invocation command line was

  CONFIG_FILES    = 
  CONFIG_HEADERS  = 
  CONFIG_LINKS    = 
  CONFIG_COMMANDS = 
  $ ./config.status 

on condor

config.status:646: creating Makefile
config.status:771: executing depfiles commands

## ---------------- ##
## Cache variables. ##
## ---------------- ##

ac_cv_c_compiler_gnu=yes
ac_cv_c_const=yes
ac_cv_env_CC_set=
ac_cv_env_CC_value=
ac_cv_env_CFLAGS_set=
ac_cv_env_CFLAGS_value=
ac_cv_env_CPPFLAGS_set=
ac_cv_env_CPPFLAGS_value=
ac_cv_env_CPP_set=
ac_cv_env_CPP_value=
ac_cv_env_LDFLAGS_set=
ac_cv_env_LDFLAGS_value=
ac_cv_env_build_alias_set=
ac_cv_env_build_alias_value=
ac_cv_env_host_alias_set=
ac_cv_env_host_alias_value=
ac_cv_env_target_alias_set=
ac_cv_env_target_alias_value=
ac_cv_exeext=
ac_cv_header_fcntl_h=yes
ac_cv_header_inttypes_h=yes
ac_cv_header_memory_h=yes
ac_cv_header_stdc=yes
ac_cv_header_stdint_h=yes
ac_cv_header_stdlib_h=yes
ac_cv_header_string_h=yes
ac_cv_header_strings_h=yes
ac_cv_header_sys_stat_h=yes
ac_cv_header_sys_types_h=yes
ac_cv_header_sys_wait_h=yes
ac_cv_header_unistd_h=yes
ac_cv_objext=o
ac_cv_path_install='/usr/bin/install -c'
ac_cv_prog_AWK=gawk
ac_cv_prog_CPP='gcc -E'
ac_cv_prog_ac_ct_CC=gcc
ac_cv_prog_ac_ct_RANLIB=ranlib
ac_cv_prog_cc_g=yes
ac_cv_prog_cc_stdc=
ac_cv_prog_egrep='grep -E'
ac_cv_prog_gcc_traditional=no
ac_cv_prog_make_make_set=yes
ac_cv_struct_tm=time.h
ac_cv_type_pid_t=yes
ac_cv_type_size_t=yes
am_cv_CC_dependencies_compiler_type=gcc3

## ----------------- ##
## Output variables. ##
## ----------------- ##

ACLOCAL='${SHELL} /proj/wetter/software/serial/wth/pcwsr-0.1.4/missing --run aclocal-1.7'
AMDEPBACKSLASH='\'
AMDEP_FALSE='#'
AMDEP_TRUE=''
AMTAR='${SHELL} /proj/wetter/software/serial/wth/pcwsr-0.1.4/missing --run tar'
AUTOCONF='${SHELL} /proj/wetter/software/serial/wth/pcwsr-0.1.4/missing --run autoconf'
AUTOHEADER='${SHELL} /proj/wetter/software/serial/wth/pcwsr-0.1.4/missing --run autoheader'
AUTOMAKE='${SHELL} /proj/wetter/software/serial/wth/pcwsr-0.1.4/missing --run automake-1.7'
AWK='gawk'
CC='gcc'
CCDEPMODE='depmode=gcc3'
CFLAGS='-g -O2'
CPP='gcc -E'
CPPFLAGS=''
CYGPATH_W='echo'
DEFS='-DPACKAGE_NAME=\"\" -DPACKAGE_TARNAME=\"\" -DPACKAGE_VERSION=\"\" -DPACKAGE_STRING=\"\" -DPACKAGE_BUGREPORT=\"\" -DPACKAGE=\"pcwsr\" -DVERSION=\"0.1.4\" -D_GNU_SOURCE=1 -DSTDC_HEADERS=1 -DHAVE_SYS_WAIT_H=1 -DHAVE_SYS_TYPES_H=1 -DHAVE_SYS_STAT_H=1 -DHAVE_STDLIB_H=1 -DHAVE_STRING_H=1 -DHAVE_MEMORY_H=1 -DHAVE_STRINGS_H=1 -DHAVE_INTTYPES_H=1 -DHAVE_STDINT_H=1 -DHAVE_UNISTD_H=1 -DHAVE_FCNTL_H=1 -DHAVE_UNISTD_H=1 '
DEPDIR='.deps'
ECHO_C=''
ECHO_N='-n'
ECHO_T=''
EGREP='grep -E'
EXEEXT=''
INSTALL_DATA='${INSTALL} -m 644'
INSTALL_PROGRAM='${INSTALL}'
INSTALL_SCRIPT='${INSTALL}'
INSTALL_STRIP_PROGRAM='${SHELL} $(install_sh) -c -s'
LDFLAGS=''
LIBOBJS=''
LIBS=''
LTLIBOBJS=''
MAKEINFO='${SHELL} /proj/wetter/software/serial/wth/pcwsr-0.1.4/missing --run makeinfo'
OBJEXT='o'
PACKAGE='pcwsr'
PACKAGE_BUGREPORT=''
PACKAGE_NAME=''
PACKAGE_STRING=''
PACKAGE_TARNAME=''
PACKAGE_VERSION=''
PATH_SEPARATOR=':'
RANLIB='ranlib'
SET_MAKE=''
SHELL='/bin/sh'
STRIP=''
VERSION='0.1.4'
ac_ct_CC='gcc'
ac_ct_RANLIB='ranlib'
ac_ct_STRIP=''
am__fastdepCC_FALSE='#'
am__fastdepCC_TRUE=''
am__include='include'
am__leading_dot='.'
am__quote=''
bindir='${exec_prefix}/bin'
build_alias=''
datadir='${prefix}/share'
exec_prefix='${prefix}'
host_alias=''
includedir='${prefix}/include'
infodir='${prefix}/info'
install_sh='/proj/wetter/software/serial/wth/pcwsr-0.1.4/install-sh'
libdir='${exec_prefix}/lib'
libexecdir='${exec_prefix}/libexec'
localstatedir='${prefix}/var'
mandir='${prefix}/man'
oldincludedir='/usr/include'
prefix='/usr/local'
program_transform_name='s,x,x,'
sbindir='${exec_prefix}/sbin'
sharedstatedir='${prefix}/com'
sysconfdir='${prefix}/etc'
target_alias=''

## ----------- ##
## confdefs.h. ##
## ----------- ##

#define HAVE_FCNTL_H 1
#define HAVE_INTTYPES_H 1
#define HAVE_MEMORY_H 1
#define HAVE_STDINT_H 1
#define HAVE_STDLIB_H 1
#define HAVE_STRINGS_H 1
#define HAVE_STRING_H 1
#define HAVE_SYS_STAT_H 1
#define HAVE_SYS_TYPES_H 1
#define HAVE_SYS_WAIT_H 1
#define HAVE_UNISTD_H 1
#define HAVE_UNISTD_H 1
#define PACKAGE "pcwsr"
#define PACKAGE_BUGREPORT ""
#define PACKAGE_NAME ""
#define PACKAGE_STRING ""
#define PACKAGE_TARNAME ""
#define PACKAGE_VERSION ""
#define STDC_HEADERS 1
#define VERSION "0.1.4"
#define _GNU_SOURCE 1

configure: exit 0

## ---------------------- ##
## Running config.status. ##
## ---------------------- ##

This file was extended by config.status, which was
generated by GNU Autoconf 2.57.  Invocation command line was

  CONFIG_FILES    = 
  CONFIG_HEADERS  = 
  CONFIG_LINKS    = 
  CONFIG_COMMANDS = 
  $ ./config.status Makefile depfiles

on condor

config.status:646: creating Makefile
config.status:771: executing depfiles commands
