This file contains any messages produced by compilers while
running configure, to aid debugging if configure makes a mistake.

It was created by configure, which was
generated by GNU Autoconf 2.59.  Invocation command line was

  $ ./configure 

## --------- ##
## Platform. ##
## --------- ##

hostname = condor
uname -m = i686
uname -r = 2.6.5-7.111-default
uname -s = Linux
uname -v = #1 Wed Oct 13 15:45:13 UTC 2004

/usr/bin/uname -p = unknown
/bin/uname -X     = unknown

/bin/arch              = i686
/usr/bin/arch -k       = unknown
/usr/convex/getsysinfo = unknown
hostinfo               = unknown
/bin/machine           = unknown
/usr/bin/oslevel       = unknown
/bin/universe          = unknown

PATH: /opt/OpenOffice.org/program
PATH: /home/jahns/bin
PATH: /usr/local/sbin/
PATH: /usr/sbin/
PATH: /sbin
PATH: /opt/OpenOffice.org/program
PATH: /home/jahns/bin
PATH: /usr/local/sbin/
PATH: /usr/sbin/
PATH: /sbin
PATH: /opt/OpenOffice.org/program
PATH: /home/jahns/bin
PATH: /usr/local/sbin/
PATH: /usr/sbin/
PATH: /sbin
PATH: /opt/OpenOffice.org/program
PATH: /home/jahns/bin
PATH: /usr/local/sbin/
PATH: /usr/sbin/
PATH: /sbin
PATH: /opt/OpenOffice.org/program
PATH: /home/jahns/bin
PATH: /usr/local/sbin/
PATH: /usr/sbin/
PATH: /sbin
PATH: /opt/OpenOffice.org/program
PATH: /home/jahns/bin
PATH: /usr/local/sbin/
PATH: /usr/sbin/
PATH: /sbin
PATH: /home/jahns/bin
PATH: /usr/local/bin
PATH: /usr/bin
PATH: /usr/X11R6/bin
PATH: /bin
PATH: /usr/games
PATH: /opt/gnome/bin
PATH: /opt/kde3/bin
PATH: /usr/lib/java/bin


## ----------- ##
## Core tests. ##
## ----------- ##

configure:1334: checking build system type
configure:1352: result: i686-suse-linux
configure:1360: checking host system type
configure:1374: result: i686-suse-linux
configure:1382: checking target system type
configure:1396: result: i686-suse-linux
configure:1424: checking for a BSD-compatible install
configure:1479: result: /usr/bin/install -c
configure:1490: checking whether build environment is sane
configure:1533: result: yes
configure:1557: WARNING: `missing' script is too old or missing
configure:1590: checking for gawk
configure:1606: found /usr/bin/gawk
configure:1616: result: gawk
configure:1626: checking whether make sets $(MAKE)
configure:1646: result: yes
configure:1864: checking for gcc
configure:1880: found /usr/bin/gcc
configure:1890: result: gcc
configure:2134: checking for C compiler version
configure:2137: gcc --version </dev/null >&5
gcc (GCC) 3.3.3 (SuSE Linux)
Copyright (C) 2003 Free Software Foundation, Inc.
This is free software; see the source for copying conditions.  There is NO
warranty; not even for MERCHANTABILITY or FITNESS FOR A PARTICULAR PURPOSE.

configure:2140: $? = 0
configure:2142: gcc -v </dev/null >&5
Reading specs from /usr/lib/gcc-lib/i586-suse-linux/3.3.3/specs
Configured with: ../configure --enable-threads=posix --prefix=/usr --with-local-prefix=/usr/local --infodir=/usr/share/info --mandir=/usr/share/man --enable-languages=c,c++,f77,objc,java,ada --disable-checking --libdir=/usr/lib --enable-libgcj --with-gxx-include-dir=/usr/include/g++ --with-slibdir=/lib --with-system-zlib --enable-shared --enable-__cxa_atexit i586-suse-linux
Thread model: posix
gcc version 3.3.3 (SuSE Linux)
configure:2145: $? = 0
configure:2147: gcc -V </dev/null >&5
gcc: `-V' option must have argument
configure:2150: $? = 1
configure:2173: checking for C compiler default output file name
configure:2176: gcc    conftest.c  >&5
configure:2179: $? = 0
configure:2225: result: a.out
configure:2230: checking whether the C compiler works
configure:2236: ./a.out
configure:2239: $? = 0
configure:2256: result: yes
configure:2263: checking whether we are cross compiling
configure:2265: result: no
configure:2268: checking for suffix of executables
configure:2270: gcc -o conftest    conftest.c  >&5
configure:2273: $? = 0
configure:2298: result: 
configure:2304: checking for suffix of object files
configure:2325: gcc -c   conftest.c >&5
configure:2328: $? = 0
configure:2350: result: o
configure:2354: checking whether we are using the GNU C compiler
configure:2378: gcc -c   conftest.c >&5
configure:2384: $? = 0
configure:2388: test -z 
			 || test ! -s conftest.err
configure:2391: $? = 0
configure:2394: test -s conftest.o
configure:2397: $? = 0
configure:2410: result: yes
configure:2416: checking whether gcc accepts -g
configure:2437: gcc -c -g  conftest.c >&5
configure:2443: $? = 0
configure:2447: test -z 
			 || test ! -s conftest.err
configure:2450: $? = 0
configure:2453: test -s conftest.o
configure:2456: $? = 0
configure:2467: result: yes
configure:2484: checking for gcc option to accept ANSI C
configure:2554: gcc  -c -g -O2  conftest.c >&5
configure:2560: $? = 0
configure:2564: test -z 
			 || test ! -s conftest.err
configure:2567: $? = 0
configure:2570: test -s conftest.o
configure:2573: $? = 0
configure:2591: result: none needed
configure:2609: gcc -c -g -O2  conftest.c >&5
conftest.c:2: error: parse error before "me"
configure:2615: $? = 1
configure: failed program was:
| #ifndef __cplusplus
|   choke me
| #endif
configure:2759: checking for style of include used by make
configure:2787: result: GNU
configure:2815: checking dependency style of gcc
configure:2900: result: gcc3
configure:2958: checking for ranlib
configure:2974: found /usr/bin/ranlib
configure:2985: result: ranlib
configure:3018: checking how to run the C preprocessor
configure:3053: gcc -E  -I/usr/local/include/ conftest.c
configure:3059: $? = 0
configure:3091: gcc -E  -I/usr/local/include/ conftest.c
conftest.c:12:28: ac_nonexistent.h: No such file or directory
configure:3097: $? = 1
configure: failed program was:
| /* confdefs.h.  */
| 
| #define PACKAGE_NAME ""
| #define PACKAGE_TARNAME ""
| #define PACKAGE_VERSION ""
| #define PACKAGE_STRING ""
| #define PACKAGE_BUGREPORT ""
| #define PACKAGE "wth"
| #define VERSION "0.4.3"
| #define _GNU_SOURCE 1
| /* end confdefs.h.  */
| #include <ac_nonexistent.h>
configure:3136: result: gcc -E
configure:3160: gcc -E  -I/usr/local/include/ conftest.c
configure:3166: $? = 0
configure:3198: gcc -E  -I/usr/local/include/ conftest.c
conftest.c:12:28: ac_nonexistent.h: No such file or directory
configure:3204: $? = 1
configure: failed program was:
| /* confdefs.h.  */
| 
| #define PACKAGE_NAME ""
| #define PACKAGE_TARNAME ""
| #define PACKAGE_VERSION ""
| #define PACKAGE_STRING ""
| #define PACKAGE_BUGREPORT ""
| #define PACKAGE "wth"
| #define VERSION "0.4.3"
| #define _GNU_SOURCE 1
| /* end confdefs.h.  */
| #include <ac_nonexistent.h>
configure:3248: checking for egrep
configure:3258: result: grep -E
configure:3263: checking for ANSI C header files
configure:3288: gcc -c -g -O2 -DLINUX -Wall  -I/usr/local/include/ conftest.c >&5
configure:3294: $? = 0
configure:3298: test -z 
			 || test ! -s conftest.err
configure:3301: $? = 0
configure:3304: test -s conftest.o
configure:3307: $? = 0
configure:3393: gcc -o conftest -g -O2 -DLINUX -Wall  -I/usr/local/include/  conftest.c  >&5
conftest.c: In function `main':
conftest.c:29: warning: implicit declaration of function `exit'
configure:3396: $? = 0
configure:3398: ./conftest
configure:3401: $? = 0
configure:3416: result: yes
configure:3426: checking for sys/wait.h that is POSIX.1 compatible
configure:3457: gcc -c -g -O2 -DLINUX -Wall  -I/usr/local/include/ conftest.c >&5
configure:3463: $? = 0
configure:3467: test -z 
			 || test ! -s conftest.err
configure:3470: $? = 0
configure:3473: test -s conftest.o
configure:3476: $? = 0
configure:3487: result: yes
configure:3511: checking for sys/types.h
configure:3527: gcc -c -g -O2 -DLINUX -Wall  -I/usr/local/include/ conftest.c >&5
configure:3533: $? = 0
configure:3537: test -z 
			 || test ! -s conftest.err
configure:3540: $? = 0
configure:3543: test -s conftest.o
configure:3546: $? = 0
configure:3557: result: yes
configure:3511: checking for sys/stat.h
configure:3527: gcc -c -g -O2 -DLINUX -Wall  -I/usr/local/include/ conftest.c >&5
configure:3533: $? = 0
configure:3537: test -z 
			 || test ! -s conftest.err
configure:3540: $? = 0
configure:3543: test -s conftest.o
configure:3546: $? = 0
configure:3557: result: yes
configure:3511: checking for stdlib.h
configure:3527: gcc -c -g -O2 -DLINUX -Wall  -I/usr/local/include/ conftest.c >&5
configure:3533: $? = 0
configure:3537: test -z 
			 || test ! -s conftest.err
configure:3540: $? = 0
configure:3543: test -s conftest.o
configure:3546: $? = 0
configure:3557: result: yes
configure:3511: checking for string.h
configure:3527: gcc -c -g -O2 -DLINUX -Wall  -I/usr/local/include/ conftest.c >&5
configure:3533: $? = 0
configure:3537: test -z 
			 || test ! -s conftest.err
configure:3540: $? = 0
configure:3543: test -s conftest.o
configure:3546: $? = 0
configure:3557: result: yes
configure:3511: checking for memory.h
configure:3527: gcc -c -g -O2 -DLINUX -Wall  -I/usr/local/include/ conftest.c >&5
configure:3533: $? = 0
configure:3537: test -z 
			 || test ! -s conftest.err
configure:3540: $? = 0
configure:3543: test -s conftest.o
configure:3546: $? = 0
configure:3557: result: yes
configure:3511: checking for strings.h
configure:3527: gcc -c -g -O2 -DLINUX -Wall  -I/usr/local/include/ conftest.c >&5
configure:3533: $? = 0
configure:3537: test -z 
			 || test ! -s conftest.err
configure:3540: $? = 0
configure:3543: test -s conftest.o
configure:3546: $? = 0
configure:3557: result: yes
configure:3511: checking for inttypes.h
configure:3527: gcc -c -g -O2 -DLINUX -Wall  -I/usr/local/include/ conftest.c >&5
configure:3533: $? = 0
configure:3537: test -z 
			 || test ! -s conftest.err
configure:3540: $? = 0
configure:3543: test -s conftest.o
configure:3546: $? = 0
configure:3557: result: yes
configure:3511: checking for stdint.h
configure:3527: gcc -c -g -O2 -DLINUX -Wall  -I/usr/local/include/ conftest.c >&5
configure:3533: $? = 0
configure:3537: test -z 
			 || test ! -s conftest.err
configure:3540: $? = 0
configure:3543: test -s conftest.o
configure:3546: $? = 0
configure:3557: result: yes
configure:3511: checking for unistd.h
configure:3527: gcc -c -g -O2 -DLINUX -Wall  -I/usr/local/include/ conftest.c >&5
configure:3533: $? = 0
configure:3537: test -z 
			 || test ! -s conftest.err
configure:3540: $? = 0
configure:3543: test -s conftest.o
configure:3546: $? = 0
configure:3557: result: yes
configure:3587: checking fcntl.h usability
configure:3599: gcc -c -g -O2 -DLINUX -Wall  -I/usr/local/include/ conftest.c >&5
configure:3605: $? = 0
configure:3609: test -z 
			 || test ! -s conftest.err
configure:3612: $? = 0
configure:3615: test -s conftest.o
configure:3618: $? = 0
configure:3628: result: yes
configure:3632: checking fcntl.h presence
configure:3642: gcc -E  -I/usr/local/include/ conftest.c
configure:3648: $? = 0
configure:3668: result: yes
configure:3703: checking for fcntl.h
configure:3710: result: yes
configure:3578: checking for strings.h
configure:3583: result: yes
configure:3587: checking sys/ioctl.h usability
configure:3599: gcc -c -g -O2 -DLINUX -Wall  -I/usr/local/include/ conftest.c >&5
configure:3605: $? = 0
configure:3609: test -z 
			 || test ! -s conftest.err
configure:3612: $? = 0
configure:3615: test -s conftest.o
configure:3618: $? = 0
configure:3628: result: yes
configure:3632: checking sys/ioctl.h presence
configure:3642: gcc -E  -I/usr/local/include/ conftest.c
configure:3648: $? = 0
configure:3668: result: yes
configure:3703: checking for sys/ioctl.h
configure:3710: result: yes
configure:3587: checking syslog.h usability
configure:3599: gcc -c -g -O2 -DLINUX -Wall  -I/usr/local/include/ conftest.c >&5
configure:3605: $? = 0
configure:3609: test -z 
			 || test ! -s conftest.err
configure:3612: $? = 0
configure:3615: test -s conftest.o
configure:3618: $? = 0
configure:3628: result: yes
configure:3632: checking syslog.h presence
configure:3642: gcc -E  -I/usr/local/include/ conftest.c
configure:3648: $? = 0
configure:3668: result: yes
configure:3703: checking for syslog.h
configure:3710: result: yes
configure:3578: checking for unistd.h
configure:3583: result: yes
configure:3739: checking xmlrpc.h usability
configure:3751: gcc -c -g -O2 -DLINUX -Wall  -I/usr/local/include/ conftest.c >&5
configure:3757: $? = 0
configure:3761: test -z 
			 || test ! -s conftest.err
configure:3764: $? = 0
configure:3767: test -s conftest.o
configure:3770: $? = 0
configure:3780: result: yes
configure:3784: checking xmlrpc.h presence
configure:3794: gcc -E  -I/usr/local/include/ conftest.c
configure:3800: $? = 0
configure:3820: result: yes
configure:3855: checking for xmlrpc.h
configure:3862: result: yes
configure:3739: checking xmlrpc_client.h usability
configure:3751: gcc -c -g -O2 -DLINUX -Wall  -I/usr/local/include/ conftest.c >&5
In file included from conftest.c:63:
/usr/include/xmlrpc_client.h:83: error: parse error before '*' token
/usr/include/xmlrpc_client.h:98: error: parse error before '*' token
/usr/include/xmlrpc_client.h:111: error: parse error before '*' token
/usr/include/xmlrpc_client.h:112: error: parse error before '*' token
/usr/include/xmlrpc_client.h:118: error: parse error before '*' token
/usr/include/xmlrpc_client.h:119: error: parse error before '*' token
/usr/include/xmlrpc_client.h:124: error: parse error before '*' token
/usr/include/xmlrpc_client.h:125: error: parse error before '*' token
/usr/include/xmlrpc_client.h:131: error: parse error before '*' token
/usr/include/xmlrpc_client.h:132: error: parse error before '*' token
/usr/include/xmlrpc_client.h:157: error: parse error before "xmlrpc_value"
/usr/include/xmlrpc_client.h:194: error: parse error before "xmlrpc_value"
/usr/include/xmlrpc_client.h:203: error: parse error before "xmlrpc_value"
configure:3757: $? = 1
configure: failed program was:
| /* confdefs.h.  */
| 
| #define PACKAGE_NAME ""
| #define PACKAGE_TARNAME ""
| #define PACKAGE_VERSION ""
| #define PACKAGE_STRING ""
| #define PACKAGE_BUGREPORT ""
| #define PACKAGE "wth"
| #define VERSION "0.4.3"
| #define _GNU_SOURCE 1
| #define STDC_HEADERS 1
| #define HAVE_SYS_WAIT_H 1
| #define HAVE_SYS_TYPES_H 1
| #define HAVE_SYS_STAT_H 1
| #define HAVE_STDLIB_H 1
| #define HAVE_STRING_H 1
| #define HAVE_MEMORY_H 1
| #define HAVE_STRINGS_H 1
| #define HAVE_INTTYPES_H 1
| #define HAVE_STDINT_H 1
| #define HAVE_UNISTD_H 1
| #define HAVE_FCNTL_H 1
| #define HAVE_STRINGS_H 1
| #define HAVE_SYS_IOCTL_H 1
| #define HAVE_SYSLOG_H 1
| #define HAVE_UNISTD_H 1
| #define HAVE_XMLRPC_H 1
| /* end confdefs.h.  */
| #include <stdio.h>
| #if HAVE_SYS_TYPES_H
| # include <sys/types.h>
| #endif
| #if HAVE_SYS_STAT_H
| # include <sys/stat.h>
| #endif
| #if STDC_HEADERS
| # include <stdlib.h>
| # include <stddef.h>
| #else
| # if HAVE_STDLIB_H
| #  include <stdlib.h>
| # endif
| #endif
| #if HAVE_STRING_H
| # if !STDC_HEADERS && HAVE_MEMORY_H
| #  include <memory.h>
| # endif
| # include <string.h>
| #endif
| #if HAVE_STRINGS_H
| # include <strings.h>
| #endif
| #if HAVE_INTTYPES_H
| # include <inttypes.h>
| #else
| # if HAVE_STDINT_H
| #  include <stdint.h>
| # endif
| #endif
| #if HAVE_UNISTD_H
| # include <unistd.h>
| #endif
| #include <xmlrpc_client.h>
configure:3780: result: no
configure:3784: checking xmlrpc_client.h presence
configure:3794: gcc -E  -I/usr/local/include/ conftest.c
configure:3800: $? = 0
configure:3820: result: yes
configure:3833: WARNING: xmlrpc_client.h: present but cannot be compiled
configure:3835: WARNING: xmlrpc_client.h:     check for missing prerequisite headers?
configure:3837: WARNING: xmlrpc_client.h: see the Autoconf documentation
configure:3839: WARNING: xmlrpc_client.h:     section "Present But Cannot Be Compiled"
configure:3841: WARNING: xmlrpc_client.h: proceeding with the preprocessor's result
configure:3843: WARNING: xmlrpc_client.h: in the future, the compiler will take precedence
configure:3855: checking for xmlrpc_client.h
configure:3862: result: yes
configure:3739: checking xmlrpc_abyss.h usability
configure:3751: gcc -c -g -O2 -DLINUX -Wall  -I/usr/local/include/ conftest.c >&5
In file included from conftest.c:64:
/usr/include/xmlrpc_abyss.h:114: error: parse error before '*' token
/usr/include/xmlrpc_abyss.h:121: error: parse error before "xmlrpc_method"
/usr/include/xmlrpc_abyss.h:128: error: parse error before "xmlrpc_method"
configure:3757: $? = 1
configure: failed program was:
| /* confdefs.h.  */
| 
| #define PACKAGE_NAME ""
| #define PACKAGE_TARNAME ""
| #define PACKAGE_VERSION ""
| #define PACKAGE_STRING ""
| #define PACKAGE_BUGREPORT ""
| #define PACKAGE "wth"
| #define VERSION "0.4.3"
| #define _GNU_SOURCE 1
| #define STDC_HEADERS 1
| #define HAVE_SYS_WAIT_H 1
| #define HAVE_SYS_TYPES_H 1
| #define HAVE_SYS_STAT_H 1
| #define HAVE_STDLIB_H 1
| #define HAVE_STRING_H 1
| #define HAVE_MEMORY_H 1
| #define HAVE_STRINGS_H 1
| #define HAVE_INTTYPES_H 1
| #define HAVE_STDINT_H 1
| #define HAVE_UNISTD_H 1
| #define HAVE_FCNTL_H 1
| #define HAVE_STRINGS_H 1
| #define HAVE_SYS_IOCTL_H 1
| #define HAVE_SYSLOG_H 1
| #define HAVE_UNISTD_H 1
| #define HAVE_XMLRPC_H 1
| #define HAVE_XMLRPC_CLIENT_H 1
| /* end confdefs.h.  */
| #include <stdio.h>
| #if HAVE_SYS_TYPES_H
| # include <sys/types.h>
| #endif
| #if HAVE_SYS_STAT_H
| # include <sys/stat.h>
| #endif
| #if STDC_HEADERS
| # include <stdlib.h>
| # include <stddef.h>
| #else
| # if HAVE_STDLIB_H
| #  include <stdlib.h>
| # endif
| #endif
| #if HAVE_STRING_H
| # if !STDC_HEADERS && HAVE_MEMORY_H
| #  include <memory.h>
| # endif
| # include <string.h>
| #endif
| #if HAVE_STRINGS_H
| # include <strings.h>
| #endif
| #if HAVE_INTTYPES_H
| # include <inttypes.h>
| #else
| # if HAVE_STDINT_H
| #  include <stdint.h>
| # endif
| #endif
| #if HAVE_UNISTD_H
| # include <unistd.h>
| #endif
| #include <xmlrpc_abyss.h>
configure:3780: result: no
configure:3784: checking xmlrpc_abyss.h presence
configure:3794: gcc -E  -I/usr/local/include/ conftest.c
configure:3800: $? = 0
configure:3820: result: yes
configure:3833: WARNING: xmlrpc_abyss.h: present but cannot be compiled
configure:3835: WARNING: xmlrpc_abyss.h:     check for missing prerequisite headers?
configure:3837: WARNING: xmlrpc_abyss.h: see the Autoconf documentation
configure:3839: WARNING: xmlrpc_abyss.h:     section "Present But Cannot Be Compiled"
configure:3841: WARNING: xmlrpc_abyss.h: proceeding with the preprocessor's result
configure:3843: WARNING: xmlrpc_abyss.h: in the future, the compiler will take precedence
configure:3855: checking for xmlrpc_abyss.h
configure:3862: result: yes
configure:3880: checking for an ANSI C-conforming const
configure:3947: gcc -c -g -O2 -DLINUX -Wall  -I/usr/local/include/ conftest.c >&5
conftest.c: In function `main':
conftest.c:58: warning: unused variable `s'
conftest.c:78: warning: unused variable `foo'
conftest.c:39: warning: unused variable `x'
conftest.c:45: warning: unused variable `zero'
conftest.c:57: warning: `t' might be used uninitialized in this function
conftest.c:75: warning: `b' might be used uninitialized in this function
configure:3953: $? = 0
configure:3957: test -z 
			 || test ! -s conftest.err
configure:3960: $? = 0
configure:3963: test -s conftest.o
configure:3966: $? = 0
configure:3977: result: yes
configure:3987: checking for pid_t
configure:4011: gcc -c -g -O2 -DLINUX -Wall  -I/usr/local/include/ conftest.c >&5
configure:4017: $? = 0
configure:4021: test -z 
			 || test ! -s conftest.err
configure:4024: $? = 0
configure:4027: test -s conftest.o
configure:4030: $? = 0
configure:4041: result: yes
configure:4053: checking for size_t
configure:4077: gcc -c -g -O2 -DLINUX -Wall  -I/usr/local/include/ conftest.c >&5
configure:4083: $? = 0
configure:4087: test -z 
			 || test ! -s conftest.err
configure:4090: $? = 0
configure:4093: test -s conftest.o
configure:4096: $? = 0
configure:4107: result: yes
configure:4119: checking whether struct tm is in sys/time.h or time.h
configure:4142: gcc -c -g -O2 -DLINUX -Wall  -I/usr/local/include/ conftest.c >&5
conftest.c: In function `main':
conftest.c:37: warning: statement with no effect
configure:4148: $? = 0
configure:4152: test -z 
			 || test ! -s conftest.err
configure:4155: $? = 0
configure:4158: test -s conftest.o
configure:4161: $? = 0
configure:4172: result: time.h
configure:4184: checking whether gcc needs -traditional
configure:4226: result: no
configure:4233: checking return type of signal handlers
configure:4264: gcc -c -g -O2 -DLINUX -Wall  -I/usr/local/include/ conftest.c >&5
conftest.c: In function `main':
conftest.c:45: warning: unused variable `i'
configure:4270: $? = 0
configure:4274: test -z 
			 || test ! -s conftest.err
configure:4277: $? = 0
configure:4280: test -s conftest.o
configure:4283: $? = 0
configure:4294: result: void
configure:4312: checking for mktime
configure:4369: gcc -o conftest -g -O2 -DLINUX -Wall  -I/usr/local/include/  conftest.c  >&5
configure:4375: $? = 0
configure:4379: test -z 
			 || test ! -s conftest.err
configure:4382: $? = 0
configure:4385: test -s conftest
configure:4388: $? = 0
configure:4400: result: yes
configure:4312: checking for select
configure:4369: gcc -o conftest -g -O2 -DLINUX -Wall  -I/usr/local/include/  conftest.c  >&5
configure:4375: $? = 0
configure:4379: test -z 
			 || test ! -s conftest.err
configure:4382: $? = 0
configure:4385: test -s conftest
configure:4388: $? = 0
configure:4400: result: yes
configure:4312: checking for socket
configure:4369: gcc -o conftest -g -O2 -DLINUX -Wall  -I/usr/local/include/  conftest.c  >&5
configure:4375: $? = 0
configure:4379: test -z 
			 || test ! -s conftest.err
configure:4382: $? = 0
configure:4385: test -s conftest
configure:4388: $? = 0
configure:4400: result: yes
configure:4312: checking for strcspn
configure:4369: gcc -o conftest -g -O2 -DLINUX -Wall  -I/usr/local/include/  conftest.c  >&5
conftest.c:59: warning: conflicting types for built-in function `strcspn'
configure:4375: $? = 0
configure:4379: test -z 
			 || test ! -s conftest.err
configure:4382: $? = 0
configure:4385: test -s conftest
configure:4388: $? = 0
configure:4400: result: yes
configure:4312: checking for strdup
configure:4369: gcc -o conftest -g -O2 -DLINUX -Wall  -I/usr/local/include/  conftest.c  >&5
configure:4375: $? = 0
configure:4379: test -z 
			 || test ! -s conftest.err
configure:4382: $? = 0
configure:4385: test -s conftest
configure:4388: $? = 0
configure:4400: result: yes
configure:4312: checking for strerror
configure:4369: gcc -o conftest -g -O2 -DLINUX -Wall  -I/usr/local/include/  conftest.c  >&5
configure:4375: $? = 0
configure:4379: test -z 
			 || test ! -s conftest.err
configure:4382: $? = 0
configure:4385: test -s conftest
configure:4388: $? = 0
configure:4400: result: yes
configure:4312: checking for strspn
configure:4369: gcc -o conftest -g -O2 -DLINUX -Wall  -I/usr/local/include/  conftest.c  >&5
conftest.c:62: warning: conflicting types for built-in function `strspn'
configure:4375: $? = 0
configure:4379: test -z 
			 || test ! -s conftest.err
configure:4382: $? = 0
configure:4385: test -s conftest
configure:4388: $? = 0
configure:4400: result: yes
configure:4521: creating ./config.status

## ---------------------- ##
## Running config.status. ##
## ---------------------- ##

This file was extended by config.status, which was
generated by GNU Autoconf 2.59.  Invocation command line was

  CONFIG_FILES    = 
  CONFIG_HEADERS  = 
  CONFIG_LINKS    = 
  CONFIG_COMMANDS = 
  $ ./config.status 

on condor

config.status:701: creating Makefile
config.status:805: creating config.h
config.status:1127: executing depfiles commands

## ---------------- ##
## Cache variables. ##
## ---------------- ##

ac_cv_build=i686-suse-linux
ac_cv_build_alias=i686-suse-linux
ac_cv_c_compiler_gnu=yes
ac_cv_c_const=yes
ac_cv_env_CC_set=
ac_cv_env_CC_value=
ac_cv_env_CFLAGS_set=
ac_cv_env_CFLAGS_value=
ac_cv_env_CPPFLAGS_set=
ac_cv_env_CPPFLAGS_value=
ac_cv_env_CPP_set=
ac_cv_env_CPP_value=
ac_cv_env_LDFLAGS_set=
ac_cv_env_LDFLAGS_value=
ac_cv_env_build_alias_set=
ac_cv_env_build_alias_value=
ac_cv_env_host_alias_set=
ac_cv_env_host_alias_value=
ac_cv_env_target_alias_set=
ac_cv_env_target_alias_value=
ac_cv_exeext=
ac_cv_func_mktime=yes
ac_cv_func_select=yes
ac_cv_func_socket=yes
ac_cv_func_strcspn=yes
ac_cv_func_strdup=yes
ac_cv_func_strerror=yes
ac_cv_func_strspn=yes
ac_cv_header_fcntl_h=yes
ac_cv_header_inttypes_h=yes
ac_cv_header_memory_h=yes
ac_cv_header_stdc=yes
ac_cv_header_stdint_h=yes
ac_cv_header_stdlib_h=yes
ac_cv_header_string_h=yes
ac_cv_header_strings_h=yes
ac_cv_header_sys_ioctl_h=yes
ac_cv_header_sys_stat_h=yes
ac_cv_header_sys_types_h=yes
ac_cv_header_sys_wait_h=yes
ac_cv_header_syslog_h=yes
ac_cv_header_unistd_h=yes
ac_cv_header_xmlrpc_abyss_h=yes
ac_cv_header_xmlrpc_client_h=yes
ac_cv_header_xmlrpc_h=yes
ac_cv_host=i686-suse-linux
ac_cv_host_alias=i686-suse-linux
ac_cv_objext=o
ac_cv_path_install='/usr/bin/install -c'
ac_cv_prog_AWK=gawk
ac_cv_prog_CPP='gcc -E'
ac_cv_prog_ac_ct_CC=gcc
ac_cv_prog_ac_ct_RANLIB=ranlib
ac_cv_prog_cc_g=yes
ac_cv_prog_cc_stdc=
ac_cv_prog_egrep='grep -E'
ac_cv_prog_gcc_traditional=no
ac_cv_prog_make_make_set=yes
ac_cv_struct_tm=time.h
ac_cv_target=i686-suse-linux
ac_cv_target_alias=i686-suse-linux
ac_cv_type_pid_t=yes
ac_cv_type_signal=void
ac_cv_type_size_t=yes
am_cv_CC_dependencies_compiler_type=gcc3

## ----------------- ##
## Output variables. ##
## ----------------- ##

ACLOCAL='aclocal-1.8'
AMDEPBACKSLASH='\'
AMDEP_FALSE='#'
AMDEP_TRUE=''
AMTAR='tar'
AUTOCONF='autoconf'
AUTOHEADER='autoheader'
AUTOMAKE='automake-1.8'
AWK='gawk'
CC='gcc'
CCDEPMODE='depmode=gcc3'
CFLAGS='-g -O2 -DLINUX -Wall'
CPP='gcc -E'
CPPFLAGS=' -I/usr/local/include/'
CYGPATH_W='echo'
DEFS='-DHAVE_CONFIG_H'
DEPDIR='.deps'
ECHO_C=''
ECHO_N='-n'
ECHO_T=''
EGREP='grep -E'
EXEEXT=''
INSTALL_DATA='${INSTALL} -m 644'
INSTALL_PROGRAM='${INSTALL}'
INSTALL_SCRIPT='${INSTALL}'
INSTALL_STRIP_PROGRAM='${SHELL} $(install_sh) -c -s'
LDFLAGS=''
LIBOBJS=''
LIBS=''
LTLIBOBJS=''
MAKEINFO='makeinfo'
OBJEXT='o'
PACKAGE='wth'
PACKAGE_BUGREPORT=''
PACKAGE_NAME=''
PACKAGE_STRING=''
PACKAGE_TARNAME=''
PACKAGE_VERSION=''
PATH_SEPARATOR=':'
RANLIB='ranlib'
SET_MAKE=''
SHELL='/bin/sh'
STRIP=''
VERSION='0.4.3'
ac_ct_CC='gcc'
ac_ct_RANLIB='ranlib'
ac_ct_STRIP=''
am__fastdepCC_FALSE='#'
am__fastdepCC_TRUE=''
am__include='include'
am__leading_dot='.'
am__quote=''
bindir='${exec_prefix}/bin'
build='i686-suse-linux'
build_alias=''
build_cpu='i686'
build_os='linux'
build_vendor='suse'
datadir='${prefix}/share'
exec_prefix='${prefix}'
host='i686-suse-linux'
host_alias=''
host_cpu='i686'
host_os='linux'
host_vendor='suse'
includedir='${prefix}/include'
infodir='${prefix}/info'
install_sh='/proj/wetter/software/serial/wth/wth-0.4.3/install-sh'
libdir='${exec_prefix}/lib'
libexecdir='${exec_prefix}/libexec'
localstatedir='${prefix}/var'
mandir='${prefix}/man'
mkdir_p='mkdir -p -- .'
oldincludedir='/usr/include'
prefix='/usr/local'
program_transform_name='s,x,x,'
sbindir='${exec_prefix}/sbin'
sharedstatedir='${prefix}/com'
sysconfdir='${prefix}/etc'
target='i686-suse-linux'
target_alias=''
target_cpu='i686'
target_os='linux'
target_vendor='suse'

## ----------- ##
## confdefs.h. ##
## ----------- ##

#define HAVE_FCNTL_H 1
#define HAVE_INTTYPES_H 1
#define HAVE_MEMORY_H 1
#define HAVE_MKTIME 1
#define HAVE_SELECT 1
#define HAVE_SOCKET 1
#define HAVE_STDINT_H 1
#define HAVE_STDLIB_H 1
#define HAVE_STRCSPN 1
#define HAVE_STRDUP 1
#define HAVE_STRERROR 1
#define HAVE_STRINGS_H 1
#define HAVE_STRINGS_H 1
#define HAVE_STRING_H 1
#define HAVE_STRSPN 1
#define HAVE_SYSLOG_H 1
#define HAVE_SYS_IOCTL_H 1
#define HAVE_SYS_STAT_H 1
#define HAVE_SYS_TYPES_H 1
#define HAVE_SYS_WAIT_H 1
#define HAVE_UNISTD_H 1
#define HAVE_UNISTD_H 1
#define HAVE_XMLRPC_ABYSS_H 1
#define HAVE_XMLRPC_CLIENT_H 1
#define HAVE_XMLRPC_H 1
#define PACKAGE "wth"
#define PACKAGE_BUGREPORT ""
#define PACKAGE_NAME ""
#define PACKAGE_STRING ""
#define PACKAGE_TARNAME ""
#define PACKAGE_VERSION ""
#define RETSIGTYPE void
#define STDC_HEADERS 1
#define VERSION "0.4.3"
#define _GNU_SOURCE 1

configure: exit 0

## ---------------------- ##
## Running config.status. ##
## ---------------------- ##

This file was extended by config.status, which was
generated by GNU Autoconf 2.59.  Invocation command line was

  CONFIG_FILES    = 
  CONFIG_HEADERS  = 
  CONFIG_LINKS    = 
  CONFIG_COMMANDS = 
  $ ./config.status config.h

on condor

config.status:805: creating config.h

## ---------------------- ##
## Running config.status. ##
## ---------------------- ##

This file was extended by config.status, which was
generated by GNU Autoconf 2.59.  Invocation command line was

  CONFIG_FILES    = 
  CONFIG_HEADERS  = 
  CONFIG_LINKS    = 
  CONFIG_COMMANDS = 
  $ ./config.status Makefile depfiles

on condor

config.status:701: creating Makefile
config.status:1127: executing depfiles commands
