GNU Octave, version 3.0.5
Copyright (C) 2008 John W. Eaton and others.
This is free software; see the source code for copying conditions.
There is ABSOLUTELY NO WARRANTY; not even for MERCHANTABILITY or
FITNESS FOR A PARTICULAR PURPOSE.  For details, type `warranty'.

Octave was configured for "i486-pc-linux-gnu".

Additional information about Octave is available at http://www.octave.org.

Please contribute if you find this software useful.
For more information, visit http://www.octave.org/help-wanted.html

Report bugs to <bug@octave.org> (but first, please read
http://www.octave.org/bugs.html to learn how to write a helpful report).

For information about changes from previous versions, type `news'.

 4870
 4786
ans =  5701
ans =  5701
ans =  5701
 Columns 1 through 8:

   940.87   940.82   940.78   940.73   940.69   940.64   940.60   940.55

 Columns 9 through 16:

   940.51   940.47   940.43   940.43   940.43   940.43   940.43   940.43

 Columns 17 through 24:

   940.43   940.43   940.43   940.43   940.42   940.38   940.33   940.29

 Columns 25 through 32:

   940.24   940.20   940.15   940.11   940.06   940.02   939.99   940.04

 Columns 33 through 40:

   940.08   940.13   940.17   940.21   940.21   940.21   940.21   940.21

 Columns 41 through 48:

   940.21   940.21   940.21   940.21   940.21   940.21   940.21   940.21

 Columns 49 through 56:

   940.21   940.21   940.20   940.16   940.11   940.07   940.02   939.98

 Columns 57 through 64:

   939.93   939.89   939.84   939.80   939.75   939.66   939.57   939.48

 Columns 65 through 72:

   939.39   939.31   939.31   939.31   939.31   939.31   939.31   939.31

 Columns 73 through 80:

   939.31   939.31   939.31   939.31   939.31   939.31   939.31   939.31

 Columns 81 through 88:

   939.31   939.26   939.22   939.18   939.13   939.09   939.08   939.08

 Columns 89 through 96:

   939.08   939.08   939.08   939.04   939.00   938.95   938.91   938.86

 Columns 97 through 104:

   938.90   938.95   938.99   939.04   939.08   939.04   939.00   938.95

 Columns 105 through 112:

   938.91   938.87   938.86   938.86   938.86   938.86   938.86   938.90

 Columns 113 through 120:

   938.94   938.99   939.03   939.08   939.08   939.08   939.08   939.08

 Columns 121 through 128:

   939.08   939.08   939.08   939.08   939.08   939.08   939.08   939.08

 Columns 129 through 136:

   939.08   939.08   939.08   939.08   939.08   939.08   939.08   939.08

 Columns 137 through 144:

   939.02   938.93   938.84   938.75   938.66   938.64   938.64   938.64

 Columns 145 through 152:

   938.64   938.64   938.57   938.48   938.39   938.30   938.21   938.15

 Columns 153 through 160:

   938.11   938.07   938.02   937.98   937.93   937.89   937.84   937.80

 Columns 161 through 168:

   937.75   937.71   937.66   937.62   937.57   937.53   937.48   937.44

 Columns 169 through 176:

   937.39   937.35   937.30   937.26   937.22   937.17   937.13   937.08

 Columns 177 through 184:

   937.06   937.06   937.06   937.06   937.06   937.01   936.92   936.83

 Columns 185 through 192:

   936.74   936.65   936.64   936.68   936.73   936.77   936.82   936.79

 Columns 193 through 200:

   936.70   936.61   936.52   936.43   936.34   936.25   936.16   936.07

 Columns 201 through 208:

   935.98   935.94   935.94   935.94   935.94   935.94   935.92   935.87

 Columns 209 through 216:

   935.83   935.78   935.74   935.69   935.65   935.60   935.56   935.52

 Columns 217 through 224:

   935.49   935.49   935.49   935.49   935.49   935.47   935.43   935.38

 Columns 225 through 232:

   935.34   935.29   935.27   935.27   935.27   935.27   935.27   935.27

 Columns 233 through 240:

   935.27   935.27   935.27   935.27   935.25   935.21   935.16   935.12

 Columns 241 through 248:

   935.07   935.06   935.10   935.15   935.19   935.24   935.27   935.27

 Columns 249 through 256:

   935.27   935.27   935.27   935.25   935.21   935.16   935.12   935.07

 Columns 257 through 264:

   935.04   935.04   935.04   935.04   935.04   935.03   934.99   934.94

 Columns 265 through 272:

   934.90   934.85   934.81   934.76   934.72   934.67   934.63   934.60

 Columns 273 through 280:

   934.65   934.69   934.74   934.78   934.82   934.82   934.82   934.82

 Columns 281 through 288:

   934.82   934.82   934.82   934.82   934.82   934.82   934.82   934.82

 Columns 289 through 296:

   934.82   934.82   934.82   934.82   934.82   934.82   934.82   934.82

 Columns 297 through 304:

   934.82   934.82   934.82   934.82   934.82   934.82   934.82   934.82

 Columns 305 through 312:

   934.82   934.82   934.82   934.82   934.82   934.82   934.82   934.82

 Columns 313 through 320:

   934.82   934.82   934.82   934.82   934.82   934.82   934.82   934.82

 Columns 321 through 328:

   934.82   934.82   934.82   934.82   934.82   934.82   934.82   934.77

 Columns 329 through 336:

   934.73   934.68   934.64   934.59   934.64   934.68   934.72   934.77

 Columns 337 through 344:

   934.81   934.77   934.73   934.68   934.64   934.59   934.61   934.64

 Columns 345 through 352:

   934.66   934.68   934.70   934.72   934.75   934.77   934.79   934.81

 Columns 353 through 360:

   934.82   934.82   934.82   934.82   934.82   934.82   934.82   934.82

 Columns 361 through 368:

   934.82   934.82   934.85   934.90   934.94   934.99   935.03   935.04

 Columns 369 through 376:

   935.04   935.04   935.04   935.04   935.08   935.12   935.17   935.21

 Columns 377 through 384:

   935.26   935.30   935.35   935.39   935.44   935.48   935.46   935.41

 Columns 385 through 392:

   935.37   935.32   935.28   935.27   935.27   935.27   935.27   935.27

 Columns 393 through 400:

   935.30   935.34   935.39   935.43   935.48   935.49   935.49   935.49

 Columns 401 through 408:

   935.49   935.49   935.49   935.49   935.49   935.49   935.49   935.46

 Columns 409 through 416:

   935.42   935.37   935.33   935.28   935.27   935.27   935.27   935.27

 Columns 417 through 424:

   935.27   935.29   935.34   935.38   935.43   935.47   935.46   935.42

 Columns 425 through 432:

   935.37   935.33   935.28   935.27   935.27   935.27   935.27   935.27

 Columns 433 through 440:

   935.27   935.27   935.27   935.27   935.27   935.27   935.27   935.27

 Columns 441 through 448:

   935.27   935.27   935.24   935.20   935.15   935.11   935.06   935.04

 Columns 449 through 456:

   935.04   935.04   935.04   935.04   935.04   935.04   935.04   935.04

 Columns 457 through 464:

   935.04   935.06   935.11   935.15   935.20   935.24   935.27   935.27

 Columns 465 through 472:

   935.27   935.27   935.27   935.28   935.33   935.37   935.42   935.46

 Columns 473 through 480:

   935.47   935.43   935.38   935.34   935.29   935.27   935.27   935.27

 Columns 481 through 488:

   935.27   935.27   935.27   935.27   935.27   935.27   935.27   935.28

 Columns 489 through 496:

   935.33   935.37   935.42   935.46   935.48   935.43   935.39   935.34

 Columns 497 through 504:

   935.30   935.27   935.27   935.27   935.27   935.27   935.27   935.27

 Columns 505 through 512:

   935.27   935.27   935.27   935.27   935.27   935.27   935.27   935.27

 Columns 513 through 520:

   935.27   935.27   935.27   935.27   935.27   935.27   935.27   935.27

 Columns 521 through 528:

   935.27   935.27   935.27   935.27   935.27   935.27   935.27   935.27

 Columns 529 through 536:

   935.32   935.36   935.41   935.45   935.48   935.44   935.39   935.35

 Columns 537 through 544:

   935.30   935.27   935.27   935.27   935.27   935.27   935.27   935.27

 Columns 545 through 552:

   935.27   935.27   935.27   935.26   935.22   935.17   935.13   935.08

 Columns 553 through 560:

   935.05   935.14   935.23   935.32   935.41   935.49   935.49   935.49

 Columns 561 through 568:

   935.49   935.49   935.49   935.49   935.49   935.49   935.49   935.49

 Columns 569 through 576:

   935.49   935.49   935.49   935.49   935.49   935.54   935.58   935.62

 Columns 577 through 584:

   935.67   935.71   935.85   935.98   936.12   936.25   936.38   936.35

 Columns 585 through 592:

   936.30   936.26   936.21   936.17   936.16   936.16   936.16   936.16

 Columns 593 through 600:

   936.16   936.16   936.16   936.16   936.16   936.16   936.16   936.16

 Columns 601 through 608:

   936.16   936.16   936.16   936.16   936.16   936.16   936.16   936.16

 Columns 609 through 616:

   936.16   936.16   936.16   936.16   936.16   936.20   936.25   936.29

 Columns 617 through 624:

   936.34   936.38   936.35   936.31   936.26   936.22   936.17   936.16

 Columns 625 through 632:

   936.16   936.16   936.16   936.16   936.16   936.16   936.16   936.16

 Columns 633 through 640:

   936.16   936.16   936.16   936.16   936.16   936.16   936.16   936.16

 Columns 641 through 648:

   936.16   936.16   936.16   936.16   936.16   936.16   936.16   936.16

 Columns 649 through 656:

   936.16   936.16   936.16   936.16   936.16   936.19   936.24   936.28

 Columns 657 through 664:

   936.33   936.37   936.39   936.39   936.39   936.39   936.39   936.39

 Columns 665 through 672:

   936.39   936.39   936.39   936.39   936.42   936.46   936.51   936.55

 Columns 673 through 680:

   936.60   936.64   936.69   936.73   936.77   936.82   936.84   936.84

 Columns 681 through 688:

   936.84   936.84   936.84   936.84   936.84   936.84   936.84   936.84

 Columns 689 through 696:

   936.86   936.91   936.95   937.00   937.04   937.06   937.06   937.06

 Columns 697 through 704:

   937.06   937.06   937.06   937.06   937.06   937.06   937.06   937.06

 Columns 705 through 712:

   937.06   937.06   937.06   937.06   937.06   937.06   937.06   937.06

 Columns 713 through 720:

   937.06   937.08   937.13   937.17   937.22   937.26   937.29   937.29

 Columns 721 through 728:

   937.29   937.29   937.29   937.30   937.35   937.39   937.44   937.48

 Columns 729 through 736:

   937.51   937.51   937.51   937.51   937.51   937.51   937.51   937.51

 Columns 737 through 744:

   937.51   937.51   937.51   937.51   937.51   937.51   937.51   937.51

 Columns 745 through 752:

   937.51   937.51   937.51   937.51   937.51   937.51   937.51   937.51

 Columns 753 through 760:

   937.51   937.51   937.51   937.51   937.51   937.51   937.51   937.51

 Columns 761 through 768:

   937.51   937.51   937.51   937.51   937.51   937.51   937.51   937.51

 Columns 769 through 776:

   937.51   937.51   937.51   937.51   937.51   937.51   937.51   937.51

 Columns 777 through 784:

   937.51   937.51   937.52   937.56   937.61   937.65   937.70   937.73

 Columns 785 through 792:

   937.69   937.64   937.60   937.55   937.52   937.56   937.61   937.65

 Columns 793 through 800:

   937.70   937.74   937.74   937.74   937.74   937.74   937.74   937.74

 Columns 801 through 808:

   937.74   937.74   937.74   937.74   937.74   937.74   937.74   937.74

 Columns 809 through 816:

   937.74   937.74   937.74   937.74   937.74   937.74   937.74   937.74

 Columns 817 through 824:

   937.74   937.74   937.74   937.74   937.74   937.74   937.74   937.74

 Columns 825 through 832:

   937.74   937.74   937.74   937.74   937.74   937.74   937.74   937.74

 Columns 833 through 840:

   937.74   937.74   937.78   937.82   937.87   937.91   937.96   937.92

 Columns 841 through 848:

   937.88   937.83   937.79   937.74   937.74   937.74   937.74   937.74

 Columns 849 through 856:

   937.74   937.74   937.74   937.74   937.74   937.74   937.74   937.74

 Columns 857 through 864:

   937.74   937.74   937.74   937.74   937.74   937.74   937.74   937.74

 Columns 865 through 872:

   937.74   937.74   937.74   937.74   937.74   937.74   937.74   937.74

 Columns 873 through 880:

   937.74   937.74   937.74   937.74   937.74   937.74   937.74   937.74

 Columns 881 through 888:

   937.74   937.74   937.74   937.74   937.77   937.81   937.86   937.90

 Columns 889 through 896:

   937.95   937.93   937.88   937.84   937.80   937.75   937.74   937.74

 Columns 897 through 904:

   937.74   937.74   937.74   937.74   937.74   937.74   937.74   937.74

 Columns 905 through 912:

   937.77   937.81   937.86   937.90   937.95   937.96   937.96   937.96

 Columns 913 through 920:

   937.96   937.96   937.96   937.96   937.96   937.96   937.96   937.99

 Columns 921 through 928:

   938.03   938.08   938.12   938.17   938.16   938.12   938.07   938.03

 Columns 929 through 936:

   937.98   937.96   937.96   937.96   937.96   937.96   937.96   937.96

 Columns 937 through 944:

   937.96   937.96   937.96   937.96   937.96   937.96   937.96   937.96

 Columns 945 through 952:

   937.96   937.96   937.96   937.96   937.96   937.98   938.03   938.07

 Columns 953 through 960:

   938.12   938.16   938.17   938.12   938.08   938.03   937.99   937.96

 Columns 961 through 968:

   937.96   937.96   937.96   937.96   937.98   938.02   938.07   938.11

 Columns 969 through 976:

   938.16   938.19   938.19   938.19   938.19   938.19   938.19   938.19

 Columns 977 through 984:

   938.19   938.19   938.19   938.19   938.19   938.19   938.19   938.19

 Columns 985 through 992:

   938.19   938.19   938.19   938.19   938.19   938.19   938.19   938.19

 Columns 993 through 1000:

   938.19   938.19   938.19   938.19   938.19   938.19   938.19   938.19

 Columns 1001 through 1008:

   938.19   938.19   938.19   938.19   938.19   938.19   938.19   938.19

 Columns 1009 through 1016:

   938.19   938.20   938.24   938.29   938.33   938.38   938.42   938.47

 Columns 1017 through 1024:

   938.51   938.55   938.60   938.64   938.64   938.64   938.64   938.64

 Columns 1025 through 1032:

   938.64   938.64   938.64   938.64   938.64   938.64   938.64   938.64

 Columns 1033 through 1040:

   938.64   938.64   938.64   938.69   938.73   938.78   938.82   938.86

 Columns 1041 through 1048:

   938.86   938.86   938.86   938.86   938.86   938.86   938.86   938.86

 Columns 1049 through 1056:

   938.86   938.86   938.86   938.86   938.86   938.86   938.86   938.86

 Columns 1057 through 1064:

   938.86   938.86   938.86   938.86   938.81   938.77   938.72   938.68

 Columns 1065 through 1072:

   938.64   938.64   938.64   938.64   938.64   938.64   938.64   938.64

 Columns 1073 through 1080:

   938.64   938.64   938.64   938.64   938.64   938.64   938.64   938.64

 Columns 1081 through 1088:

   938.64   938.64   938.64   938.64   938.64   938.64   938.64   938.64

 Columns 1089 through 1096:

   938.64   938.64   938.64   938.64   938.64   938.64   938.64   938.64

 Columns 1097 through 1104:

   938.64   938.64   938.64   938.64   938.64   938.64   938.64   938.64

 Columns 1105 through 1112:

   938.64   938.67   938.72   938.76   938.81   938.85   938.82   938.78

 Columns 1113 through 1120:

   938.73   938.69   938.64   938.67   938.72   938.76   938.81   938.85

 Columns 1121 through 1128:

   938.86   938.86   938.86   938.86   938.86   938.86   938.86   938.86

 Columns 1129 through 1136:

   938.86   938.86   938.86   938.86   938.86   938.86   938.86   938.89

 Columns 1137 through 1144:

   938.94   938.98   939.03   939.07   939.08   939.08   939.08   939.08

 Columns 1145 through 1152:

   939.08   939.08   939.08   939.08   939.08   939.08   939.08   939.08

 Columns 1153 through 1160:

   939.08   939.08   939.08   939.11   939.16   939.20   939.25   939.29

 Columns 1161 through 1168:

   939.31   939.31   939.31   939.31   939.31   939.31   939.31   939.31

 Columns 1169 through 1176:

   939.31   939.31   939.31   939.31   939.31   939.31   939.31   939.33

 Columns 1177 through 1184:

   939.38   939.42   939.47   939.51   939.53   939.53   939.53   939.53

 Columns 1185 through 1192:

   939.53   939.53   939.53   939.53   939.53   939.53   939.56   939.60

 Columns 1193 through 1200:

   939.65   939.69   939.74   939.76   939.76   939.76   939.76   939.76

 Columns 1201 through 1208:

   939.76   939.76   939.76   939.76   939.76   939.76   939.76   939.76

 Columns 1209 through 1216:

   939.76   939.76   939.78   939.82   939.87   939.91   939.96   939.98

 Columns 1217 through 1224:

   939.98   939.98   939.98   939.98   940.00   940.04   940.09   940.13

 Columns 1225 through 1232:

   940.18   940.22   940.24   940.26   940.28   940.31   940.33   940.35

 Columns 1233 through 1240:

   940.37   940.40   940.42   940.43   940.43   940.43   940.43   940.43

 Columns 1241 through 1248:

   940.43   940.43   940.43   940.43   940.43   940.43   940.43   940.43

 Columns 1249 through 1256:

   940.43   940.43   940.43   940.43   940.43   940.43   940.43   940.43

 Columns 1257 through 1264:

   940.43   940.43   940.43   940.43   940.45   940.54   940.63   940.72

 Columns 1265 through 1272:

   940.81   940.88   940.88   940.88   940.88   940.88   940.87   940.83

 Columns 1273 through 1280:

   940.79   940.74   940.70   940.66   940.71   940.75   940.80   940.84

 Columns 1281 through 1288:

   940.89   940.93   940.98   941.02   941.07   941.10   941.06   941.01

 Columns 1289 through 1296:

   940.97   940.92   940.88   940.88   940.88   940.88   940.88   940.89

 Columns 1297 through 1304:

   940.93   940.97   941.02   941.06   941.11   941.15   941.20   941.24

 Columns 1305 through 1312:

   941.29   941.33   941.33   941.33   941.33   941.33   941.33   941.33

 Columns 1313 through 1320:

   941.33   941.33   941.33   941.33   941.33   941.33   941.33   941.33

 Columns 1321 through 1328:

   941.33   941.37   941.42   941.46   941.51   941.55   941.56   941.56

 Columns 1329 through 1336:

   941.56   941.56   941.56   941.56   941.56   941.56   941.56   941.56

 Columns 1337 through 1344:

   941.60   941.64   941.69   941.73   941.78   941.78   941.78   941.78

 Columns 1345 through 1352:

   941.78   941.78   941.78   941.78   941.78   941.78   941.78   941.78

 Columns 1353 through 1360:

   941.78   941.78   941.78   941.78   941.78   941.78   941.78   941.78

 Columns 1361 through 1368:

   941.78   941.78   941.78   941.78   941.78   941.78   941.82   941.86

 Columns 1369 through 1376:

   941.91   941.95   942.00   942.01   942.01   942.01   942.01   942.01

 Columns 1377 through 1384:

   942.01   942.01   942.01   942.01   942.01   942.04   942.08   942.13

 Columns 1385 through 1392:

   942.17   942.22   942.23   942.23   942.23   942.23   942.23   942.26

 Columns 1393 through 1400:

   942.31   942.35   942.40   942.44   942.45   942.45   942.45   942.45

 Columns 1401 through 1408:

   942.45   942.45   942.45   942.45   942.45   942.45   942.45   942.45

 Columns 1409 through 1416:

   942.45   942.45   942.45   942.45   942.45   942.45   942.45   942.45

 Columns 1417 through 1424:

   942.43   942.38   942.34   942.29   942.25   942.26   942.30   942.34

 Columns 1425 through 1432:

   942.39   942.43   942.45   942.45   942.45   942.45   942.45   942.45

 Columns 1433 through 1440:

   942.45   942.45   942.45   942.45   942.45   942.45   942.45   942.45

 Columns 1441 through 1448:

   942.45   942.48   942.52   942.57   942.61   942.65   942.68   942.68

 Columns 1449 through 1456:

   942.68   942.68   942.68   942.68   942.68   942.68   942.68   942.68

 Columns 1457 through 1464:

   942.68   942.68   942.68   942.68   942.68   942.68   942.68   942.68

 Columns 1465 through 1472:

   942.68   942.68   942.68   942.68   942.68   942.68   942.68   942.68

 Columns 1473 through 1480:

   942.68   942.68   942.68   942.68   942.68   942.68   942.68   942.68

 Columns 1481 through 1488:

   942.68   942.69   942.74   942.78   942.83   942.87   942.90   942.90

 Columns 1489 through 1496:

   942.90   942.90   942.90   942.89   942.85   942.80   942.76   942.71

 Columns 1497 through 1504:

   942.68   942.68   942.68   942.68   942.68   942.69   942.73   942.78

 Columns 1505 through 1512:

   942.82   942.87   942.90   942.90   942.90   942.90   942.90   942.91

 Columns 1513 through 1520:

   942.96   943.00   943.05   943.09   943.13   943.13   943.13   943.13

 Columns 1521 through 1528:

   943.13   943.13   943.13   943.13   943.13   943.13   943.13   943.18

 Columns 1529 through 1536:

   943.22   943.27   943.31   943.35   943.30   943.26   943.21   943.17

 Columns 1537 through 1544:

   943.13   943.18   943.22   943.27   943.31   943.36   943.40   943.45

 Columns 1545 through 1552:

   943.49   943.54   943.58   943.58   943.58   943.58   943.58   943.58

 Columns 1553 through 1560:

   943.58   943.58   943.58   943.58   943.58   943.58   943.58   943.58

 Columns 1561 through 1568:

   943.58   943.58   943.58   943.58   943.58   943.58   943.58   943.58

 Columns 1569 through 1576:

   943.58   943.58   943.58   943.58   943.62   943.67   943.71   943.76

 Columns 1577 through 1584:

   943.80   943.80   943.80   943.80   943.80   943.80   943.80   943.80

 Columns 1585 through 1592:

   943.80   943.80   943.80   943.80   943.80   943.80   943.80   943.80

 Columns 1593 through 1600:

   943.84   943.89   943.93   943.98   944.02   944.03   944.03   944.03

 Columns 1601 through 1608:

   944.03   944.03   944.03   944.03   944.03   944.03   944.03   944.06

 Columns 1609 through 1616:

   944.11   944.15   944.20   944.24   944.25   944.25   944.25   944.25

 Columns 1617 through 1624:

   944.25   944.25   944.25   944.25   944.25   944.25   944.29   944.33

 Columns 1625 through 1632:

   944.38   944.42   944.46   944.48   944.48   944.48   944.48   944.48

 Columns 1633 through 1640:

   944.48   944.48   944.48   944.48   944.48   944.48   944.48   944.48

 Columns 1641 through 1648:

   944.48   944.48   944.48   944.48   944.48   944.48   944.48   944.48

 Columns 1649 through 1656:

   944.48   944.48   944.48   944.48   944.51   944.55   944.59   944.64

 Columns 1657 through 1664:

   944.68   944.73   944.77   944.82   944.86   944.91   944.93   944.93

 Columns 1665 through 1672:

   944.93   944.93   944.93   944.93   944.93   944.93   944.93   944.93

 Columns 1673 through 1680:

   944.93   944.93   944.93   944.93   944.93   944.93   944.93   944.93

 Columns 1681 through 1688:

   944.93   944.93   944.95   944.99   945.04   945.08   945.13   945.13

 Columns 1689 through 1696:

   945.08   945.04   944.99   944.95   944.97   945.06   945.15   945.24

 Columns 1697 through 1704:

   945.32   945.36   945.31   945.27   945.22   945.18   945.15   945.15

 Columns 1705 through 1712:

   945.15   945.15   945.15   945.15   945.15   945.15   945.15   945.15

 Columns 1713 through 1720:

   945.17   945.21   945.26   945.30   945.35   945.38   945.38   945.38

 Columns 1721 through 1728:

   945.38   945.38   945.38   945.38   945.38   945.38   945.38   945.38

 Columns 1729 through 1736:

   945.38   945.38   945.38   945.38   945.38   945.38   945.38   945.38

 Columns 1737 through 1744:

   945.38   945.38   945.38   945.38   945.38   945.38   945.38   945.38

 Columns 1745 through 1752:

   945.38   945.38   945.38   945.38   945.38   945.38   945.38   945.38

 Columns 1753 through 1760:

   945.38   945.38   945.38   945.38   945.38   945.38   945.38   945.38

 Columns 1761 through 1768:

   945.38   945.38   945.38   945.43   945.47   945.52   945.56   945.60

 Columns 1769 through 1776:

   945.60   945.60   945.60   945.60   945.60   945.60   945.60   945.60

 Columns 1777 through 1784:

   945.60   945.61   945.65   945.70   945.74   945.78   945.82   945.82

 Columns 1785 through 1792:

   945.82   945.82   945.82   945.82   945.82   945.82   945.82   945.82

 Columns 1793 through 1800:

   945.82   945.82   945.82   945.82   945.82   945.82   945.82   945.82

 Columns 1801 through 1808:

   945.82   945.82   945.82   945.82   945.82   945.82   945.82   945.82

 Columns 1809 through 1816:

   945.87   945.91   945.96   946.00   946.05   946.05   946.05   946.05

 Columns 1817 through 1824:

   946.05   946.05   946.05   946.05   946.05   946.05   946.05   946.05

 Columns 1825 through 1832:

   946.05   946.05   946.05   946.05   946.05   946.05   946.05   946.05

 Columns 1833 through 1840:

   946.05   946.09   946.13   946.18   946.22   946.27   946.27   946.27

 Columns 1841 through 1848:

   946.27   946.27   946.27   946.27   946.27   946.27   946.27   946.27

 Columns 1849 through 1856:

   946.27   946.27   946.27   946.27   946.27   946.27   946.27   946.27

 Columns 1857 through 1864:

   946.27   946.27   946.27   946.27   946.27   946.27   946.27   946.27

 Columns 1865 through 1872:

   946.27   946.27   946.27   946.27   946.27   946.27   946.27   946.27

 Columns 1873 through 1880:

   946.27   946.31   946.35   946.40   946.44   946.49   946.50   946.50

 Columns 1881 through 1888:

   946.50   946.50   946.50   946.53   946.57   946.62   946.66   946.71

 Columns 1889 through 1896:

   946.72   946.72   946.72   946.72   946.72   946.72   946.72   946.72

 Columns 1897 through 1904:

   946.72   946.72   946.75   946.80   946.84   946.89   946.93   946.95

 Columns 1905 through 1912:

   946.95   946.95   946.95   946.95   946.97   947.02   947.06   947.11

 Columns 1913 through 1920:

   947.15   947.17   947.17   947.17   947.17   947.17   947.17   947.17

 Columns 1921 through 1928:

   947.17   947.17   947.17   947.17   947.17   947.17   947.17   947.17

 Columns 1929 through 1936:

   947.20   947.24   947.29   947.33   947.37   947.40   947.40   947.40

 Columns 1937 through 1944:

   947.40   947.40   947.40   947.40   947.40   947.40   947.40   947.38

 Columns 1945 through 1952:

   947.33   947.29   947.24   947.20   947.19   947.24   947.28   947.33

 Columns 1953 through 1960:

   947.37   947.40   947.40   947.40   947.40   947.40   947.41   947.46

 Columns 1961 through 1968:

   947.50   947.55   947.59   947.62   947.62   947.62   947.62   947.62

 Columns 1969 through 1976:

   947.62   947.62   947.62   947.62   947.62   947.62   947.62   947.62

 Columns 1977 through 1984:

   947.62   947.62   947.64   947.68   947.73   947.77   947.81   947.83

 Columns 1985 through 1992:

   947.79   947.74   947.70   947.65   947.63   947.68   947.72   947.77

 Columns 1993 through 2000:

   947.81   947.86   947.90   947.95   947.99   948.04   948.07   948.07

 Columns 2001 through 2008:

   948.07   948.07   948.07   948.07   948.07   948.07   948.07   948.07

 Columns 2009 through 2016:

   948.07   948.07   948.07   948.07   948.07   948.07   948.07   948.07

 Columns 2017 through 2024:

   948.07   948.07   948.08   948.12   948.17   948.21   948.26   948.30

 Columns 2025 through 2032:

   948.30   948.30   948.30   948.30   948.29   948.25   948.20   948.16

 Columns 2033 through 2040:

   948.11   948.08   948.12   948.16   948.21   948.25   948.30   948.34

 Columns 2041 through 2048:

   948.39   948.43   948.48   948.52   948.52   948.52   948.52   948.52

 Columns 2049 through 2056:

   948.52   948.52   948.52   948.52   948.52   948.52   948.52   948.52

 Columns 2057 through 2064:

   948.52   948.52   948.52   948.52   948.52   948.52   948.52   948.52

 Columns 2065 through 2072:

   948.56   948.61   948.65   948.70   948.74   948.75   948.75   948.75

 Columns 2073 through 2080:

   948.75   948.75   948.79   948.83   948.88   948.92   948.97   948.93

 Columns 2081 through 2088:

   948.89   948.84   948.80   948.75   948.79   948.83   948.87   948.92

 Columns 2089 through 2096:

   948.96   949.01   949.05   949.10   949.14   949.19   949.19   949.19

 Columns 2097 through 2104:

   949.19   949.19   949.19   949.23   949.28   949.32   949.37   949.41

 Columns 2105 through 2112:

   949.42   949.42   949.42   949.42   949.42   949.42   949.42   949.42

 Columns 2113 through 2120:

   949.42   949.42   949.45   949.50   949.54   949.59   949.63   949.64

 Columns 2121 through 2128:

   949.64   949.64   949.64   949.64   949.64   949.64   949.64   949.64

 Columns 2129 through 2136:

   949.64   949.68   949.72   949.77   949.81   949.85   949.87   949.87

 Columns 2137 through 2144:

   949.87   949.87   949.87   949.90   949.94   949.99   950.03   950.08

 Columns 2145 through 2152:

   950.07   950.02   949.98   949.93   949.89   949.90   949.94   949.99

 Columns 2153 through 2160:

   950.03   950.08   950.09   950.09   950.09   950.09   950.09   950.09

 Columns 2161 through 2168:

   950.09   950.09   950.09   950.09   950.12   950.16   950.21   950.25

 Columns 2169 through 2176:

   950.30   950.32   950.32   950.32   950.32   950.32   950.32   950.32

 Columns 2177 through 2184:

   950.32   950.32   950.32   950.32   950.32   950.32   950.32   950.32

 Columns 2185 through 2192:

   950.34   950.38   950.43   950.47   950.52   950.56   950.61   950.65

 Columns 2193 through 2200:

   950.70   950.74   950.77   950.77   950.77   950.77   950.77   950.77

 Columns 2201 through 2208:

   950.77   950.77   950.77   950.77   950.78   950.80   950.82   950.84

 Columns 2209 through 2216:

   950.87   950.89   950.91   950.93   950.96   950.98   951.01   951.05

 Columns 2217 through 2224:

   951.10   951.14   951.19   951.20   951.16   951.11   951.07   951.02

 Columns 2225 through 2232:

   951.01   951.05   951.10   951.14   951.19   951.22   951.22   951.22

 Columns 2233 through 2240:

   951.22   951.22   951.22   951.22   951.22   951.22   951.22   951.23

 Columns 2241 through 2248:

   951.27   951.32   951.36   951.41   951.44   951.44   951.44   951.44

 Columns 2249 through 2256:

   951.44   951.45   951.50   951.54   951.59   951.63   951.67   951.67

 Columns 2257 through 2264:

   951.67   951.67   951.67   951.67   951.67   951.67   951.67   951.67

 Columns 2265 through 2272:

   951.67   951.72   951.76   951.81   951.85   951.89   951.89   951.89

 Columns 2273 through 2280:

   951.89   951.89   951.90   951.94   951.99   952.03   952.08   952.12

 Columns 2281 through 2288:

   952.12   952.12   952.12   952.12   952.12   952.12   952.12   952.12

 Columns 2289 through 2296:

   952.12   952.12   952.12   952.12   952.12   952.12   952.12   952.12

 Columns 2297 through 2304:

   952.12   952.12   952.12   952.12   952.16   952.21   952.25   952.30

 Columns 2305 through 2312:

   952.34   952.34   952.34   952.34   952.34   952.34   952.34   952.34

 Columns 2313 through 2320:

   952.34   952.34   952.34   952.38   952.43   952.47   952.52   952.56

 Columns 2321 through 2328:

   952.56   952.56   952.56   952.56   952.56   952.56   952.56   952.56

 Columns 2329 through 2336:

   952.56   952.56   952.56   952.56   952.56   952.56   952.56   952.56

 Columns 2337 through 2344:

   952.56   952.56   952.56   952.56   952.60   952.65   952.69   952.74

 Columns 2345 through 2352:

   952.78   952.79   952.79   952.79   952.79   952.79   952.83   952.87

 Columns 2353 through 2360:

   952.92   952.96   953.01   953.01   953.01   953.01   953.01   953.01

 Columns 2361 through 2368:

   953.01   953.01   953.01   953.01   953.01   953.01   953.01   953.01

 Columns 2369 through 2376:

   953.01   953.01   953.05   953.09   953.14   953.18   953.23   953.21

 Columns 2377 through 2384:

   953.16   953.12   953.07   953.03   953.05   953.09   953.13   953.18

 Columns 2385 through 2392:

   953.22   953.24   953.24   953.24   953.24   953.24   953.27   953.31

 Columns 2393 through 2400:

   953.36   953.40   953.45   953.46   953.46   953.46   953.46   953.46

 Columns 2401 through 2408:

   953.46   953.46   953.46   953.46   953.46   953.46   953.46   953.46

 Columns 2409 through 2416:

   953.46   953.46   953.49   953.53   953.58   953.62   953.67   953.71

 Columns 2417 through 2424:

   953.76   953.80   953.85   953.89   953.91   953.91   953.91   953.91

 Columns 2425 through 2432:

   953.91   953.91   953.91   953.91   953.91   953.91   953.91   953.91

 Columns 2433 through 2440:

   953.91   953.91   953.91   953.91   953.91   953.91   953.91   953.91

 Columns 2441 through 2448:

   953.91   953.91   953.91   953.91   953.91   953.91   953.91   953.91

 Columns 2449 through 2456:

   953.91   953.91   953.91   953.91   953.91   953.91   953.91   953.93

 Columns 2457 through 2464:

   953.97   954.02   954.06   954.11   954.14   954.14   954.14   954.14

 Columns 2465 through 2472:

   954.14   954.14   954.14   954.14   954.14   954.14   954.14   954.14

 Columns 2473 through 2480:

   954.14   954.14   954.14   954.14   954.14   954.14   954.14   954.14

 Columns 2481 through 2488:

   954.15   954.19   954.24   954.28   954.33   954.36   954.36   954.36

 Columns 2489 through 2496:

   954.36   954.36   954.36   954.36   954.36   954.36   954.36   954.36

 Columns 2497 through 2504:

   954.36   954.36   954.36   954.36   954.36   954.36   954.36   954.36

 Columns 2505 through 2512:

   954.36   954.36   954.36   954.36   954.36   954.36   954.37   954.41

 Columns 2513 through 2520:

   954.46   954.50   954.55   954.59   954.64   954.68   954.73   954.77

 Columns 2521 through 2528:

   954.81   954.81   954.81   954.81   954.81   954.81   954.81   954.81

 Columns 2529 through 2536:

   954.81   954.81   954.82   954.86   954.90   954.95   954.99   955.04

 Columns 2537 through 2544:

   955.04   955.04   955.04   955.04   955.04   955.04   955.04   955.04

 Columns 2545 through 2552:

   955.04   955.04   955.08   955.13   955.17   955.22   955.26   955.26

 Columns 2553 through 2560:

   955.26   955.26   955.26   955.26   955.26   955.26   955.26   955.26

 Columns 2561 through 2568:

   955.26   955.30   955.35   955.39   955.44   955.48   955.53   955.57

 Columns 2569 through 2576:

   955.62   955.66   955.71   955.71   955.71   955.71   955.71   955.71

 Columns 2577 through 2584:

   955.71   955.71   955.71   955.71   955.71   955.75   955.79   955.84

 Columns 2585 through 2592:

   955.88   955.93   955.93   955.93   955.93   955.93   955.93   955.97

 Columns 2593 through 2600:

   956.02   956.06   956.11   956.15   956.16   956.16   956.16   956.16

 Columns 2601 through 2608:

   956.16   956.16   956.16   956.16   956.16   956.16   956.19   956.24

 Columns 2609 through 2616:

   956.28   956.33   956.37   956.42   956.46   956.51   956.55   956.60

 Columns 2617 through 2624:

   956.58   956.53   956.49   956.44   956.40   956.42   956.46   956.51

 Columns 2625 through 2632:

   956.55   956.60   956.61   956.61   956.61   956.61   956.61   956.67

 Columns 2633 through 2640:

   956.76   956.85   956.94   957.03   957.03   956.98   956.94   956.89

 Columns 2641 through 2648:

   956.85   956.86   956.91   956.95   957.00   957.04   957.06   957.06

 Columns 2649 through 2656:

   957.06   957.06   957.06   957.06   957.06   957.06   957.06   957.06

 Columns 2657 through 2664:

   957.06   957.06   957.06   957.06   957.06   957.08   957.13   957.17

 Columns 2665 through 2672:

   957.22   957.26   957.31   957.35   957.40   957.44   957.49   957.51

 Columns 2673 through 2680:

   957.51   957.51   957.51   957.51   957.51   957.51   957.51   957.51

 Columns 2681 through 2688:

   957.51   957.51   957.51   957.51   957.51   957.51   957.53   957.57

 Columns 2689 through 2696:

   957.62   957.66   957.71   957.73   957.73   957.73   957.73   957.73

 Columns 2697 through 2704:

   957.75   957.80   957.84   957.88   957.93   957.96   957.96   957.96

 Columns 2705 through 2712:

   957.96   957.96   957.97   958.02   958.06   958.11   958.15   958.18

 Columns 2713 through 2720:

   958.18   958.18   958.18   958.18   958.18   958.18   958.18   958.18

 Columns 2721 through 2728:

   958.18   958.20   958.24   958.29   958.33   958.37   958.42   958.46

 Columns 2729 through 2736:

   958.51   958.55   958.60   958.62   958.57   958.53   958.48   958.44

 Columns 2737 through 2744:

   958.42   958.46   958.51   958.55   958.60   958.63   958.63   958.63

 Columns 2745 through 2752:

   958.63   958.63   958.64   958.69   958.73   958.77   958.82   958.86

 Columns 2753 through 2760:

   958.86   958.86   958.86   958.86   958.86   958.91   958.95   959.00

 Columns 2761 through 2768:

   959.04   959.09   959.13   959.18   959.22   959.27   959.30   959.30

 Columns 2769 through 2776:

   959.30   959.30   959.30   959.30   959.30   959.30   959.30   959.30

 Columns 2777 through 2784:

   959.30   959.30   959.30   959.30   959.30   959.30   959.30   959.30

 Columns 2785 through 2792:

   959.30   959.30   959.31   959.35   959.40   959.44   959.49   959.53

 Columns 2793 through 2800:

   959.53   959.53   959.53   959.53   959.53   959.57   959.62   959.66

 Columns 2801 through 2808:

   959.71   959.75   959.75   959.75   959.75   959.75   959.75   959.75

 Columns 2809 through 2816:

   959.75   959.75   959.75   959.75   959.80   959.84   959.89   959.93

 Columns 2817 through 2824:

   959.98   960.02   960.07   960.11   960.15   960.20   960.16   960.12

 Columns 2825 through 2832:

   960.07   960.03   959.98   960.02   960.06   960.11   960.15   960.20

 Columns 2833 through 2840:

   960.20   960.20   960.20   960.20   960.20   960.24   960.29   960.33

 Columns 2841 through 2848:

   960.38   960.42   960.43   960.43   960.43   960.43   960.43   960.43

 Columns 2849 through 2856:

   960.43   960.43   960.43   960.43   960.46   960.51   960.55   960.60

 Columns 2857 through 2864:

   960.64   960.65   960.65   960.65   960.65   960.65   960.65   960.65

 Columns 2865 through 2872:

   960.65   960.65   960.65   960.69   960.73   960.77   960.82   960.86

 Columns 2873 through 2880:

   960.88   960.88   960.88   960.88   960.88   960.88   960.88   960.88

 Columns 2881 through 2888:

   960.88   960.88   960.91   960.95   961.00   961.04   961.09   961.10

 Columns 2889 through 2896:

   961.10   961.10   961.10   961.10   961.10   961.10   961.10   961.10

 Columns 2897 through 2904:

   961.10   961.13   961.17   961.22   961.26   961.31   961.33   961.33

 Columns 2905 through 2912:

   961.33   961.33   961.33   961.33   961.33   961.33   961.33   961.33

 Columns 2913 through 2920:

   961.35   961.40   961.44   961.49   961.53   961.55   961.55   961.55

 Columns 2921 through 2928:

   961.55   961.55   961.55   961.55   961.55   961.55   961.55   961.55

 Columns 2929 through 2936:

   961.55   961.55   961.55   961.55   961.55   961.55   961.55   961.55

 Columns 2937 through 2944:

   961.55   961.57   961.62   961.66   961.71   961.75   961.76   961.71

 Columns 2945 through 2952:

   961.67   961.62   961.58   961.57   961.62   961.66   961.70   961.75

 Columns 2953 through 2960:

   961.79   961.84   961.88   961.93   961.97   962.00   962.00   962.00

 Columns 2961 through 2968:

   962.00   962.00   962.00   962.00   962.00   962.00   962.00   962.00

 Columns 2969 through 2976:

   962.00   962.00   962.00   962.00   962.00   962.00   962.00   962.00

 Columns 2977 through 2984:

   962.00   962.01   962.06   962.10   962.15   962.19   962.22   962.22

 Columns 2985 through 2992:

   962.22   962.22   962.22   962.24   962.28   962.33   962.37   962.42

 Columns 2993 through 3000:

   962.45   962.45   962.45   962.45   962.45   962.45   962.45   962.45

 Columns 3001 through 3008:

   962.45   962.45   962.45   962.45   962.45   962.45   962.45   962.45

 Columns 3009 through 3016:

   962.45   962.45   962.45   962.45   962.45   962.45   962.45   962.45

 Columns 3017 through 3024:

   962.45   962.45   962.45   962.45   962.45   962.45   962.45   962.45

 Columns 3025 through 3032:

   962.45   962.45   962.45   962.45   962.45   962.45   962.45   962.45

 Columns 3033 through 3040:

   962.45   962.50   962.54   962.59   962.63   962.67   962.67   962.67

 Columns 3041 through 3048:

   962.67   962.67   962.67   962.67   962.67   962.67   962.67   962.67

 Columns 3049 through 3056:

   962.72   962.76   962.81   962.85   962.90   962.90   962.90   962.90

 Columns 3057 through 3064:

   962.90   962.90   962.90   962.90   962.90   962.90   962.90   962.90

 Columns 3065 through 3072:

   962.90   962.90   962.90   962.90   962.94   962.99   963.03   963.08

 Columns 3073 through 3080:

   963.12   963.16   963.21   963.25   963.30   963.34   963.35   963.35

 Columns 3081 through 3088:

   963.35   963.35   963.35   963.35   963.35   963.35   963.35   963.35

 Columns 3089 through 3096:

   963.35   963.35   963.35   963.35   963.35   963.35   963.35   963.35

 Columns 3097 through 3104:

   963.35   963.35   963.35   963.35   963.35   963.35   963.35   963.38

 Columns 3105 through 3112:

   963.43   963.47   963.52   963.56   963.57   963.57   963.57   963.57

 Columns 3113 through 3120:

   963.57   963.57   963.57   963.57   963.57   963.57   963.57   963.57

 Columns 3121 through 3128:

   963.57   963.57   963.57   963.57   963.57   963.57   963.57   963.57

 Columns 3129 through 3136:

   963.57   963.57   963.57   963.57   963.57   963.57   963.57   963.57

 Columns 3137 through 3144:

   963.57   963.57   963.57   963.57   963.57   963.57   963.57   963.57

 Columns 3145 through 3152:

   963.57   963.57   963.57   963.57   963.60   963.64   963.69   963.73

 Columns 3153 through 3160:

   963.78   963.80   963.80   963.80   963.80   963.80   963.80   963.80

 Columns 3161 through 3168:

   963.80   963.80   963.80   963.80   963.80   963.80   963.80   963.80

 Columns 3169 through 3176:

   963.80   963.80   963.80   963.80   963.80   963.82   963.86   963.91

 Columns 3177 through 3184:

   963.95   964.00   964.00   963.96   963.91   963.87   963.82   963.82

 Columns 3185 through 3192:

   963.86   963.91   963.95   964.00   964.04   964.09   964.13   964.18

 Columns 3193 through 3200:

   964.22   964.25   964.25   964.25   964.25   964.25   964.25   964.25

 Columns 3201 through 3208:

   964.25   964.25   964.25   964.25   964.25   964.25   964.25   964.25

 Columns 3209 through 3216:

   964.26   964.31   964.35   964.40   964.44   964.49   964.53   964.58

 Columns 3217 through 3224:

   964.62   964.67   964.70   964.70   964.70   964.70   964.70   964.71

 Columns 3225 through 3232:

   964.75   964.80   964.84   964.89   964.93   964.98   965.02   965.07

 Columns 3233 through 3240:

   965.11   965.15   965.15   965.15   965.15   965.15   965.15   965.15

 Columns 3241 through 3248:

   965.15   965.15   965.15   965.15   965.15   965.15   965.15   965.15

 Columns 3249 through 3256:

   965.15   965.20   965.24   965.29   965.33   965.37   965.37   965.37

 Columns 3257 through 3264:

   965.37   965.37   965.37   965.37   965.37   965.37   965.37   965.37

 Columns 3265 through 3272:

   965.37   965.37   965.37   965.37   965.37   965.37   965.37   965.37

 Columns 3273 through 3280:

   965.37   965.37   965.37   965.37   965.37   965.37   965.37   965.35

 Columns 3281 through 3288:

   965.32   965.30   965.28   965.26   965.23   965.21   965.19   965.17

 Columns 3289 through 3296:

   965.15   965.15   965.15   965.15   965.15   965.15   965.15   965.15

 Columns 3297 through 3304:

   965.15   965.15   965.15   965.15   965.15   965.15   965.15   965.15

 Columns 3305 through 3312:

   965.15   965.15   965.15   965.15   965.15   965.15   965.15   965.15

 Columns 3313 through 3320:

   965.15   965.15   965.15   965.15   965.15   965.15   965.15   965.19

 Columns 3321 through 3328:

   965.23   965.28   965.32   965.37   965.33   965.29   965.24   965.20

 Columns 3329 through 3336:

   965.15   965.15   965.15   965.15   965.15   965.15   965.18   965.23

 Columns 3337 through 3344:

   965.27   965.32   965.36   965.37   965.37   965.37   965.37   965.37

 Columns 3345 through 3352:

   965.37   965.37   965.37   965.37   965.37   965.37   965.37   965.37

 Columns 3353 through 3360:

   965.37   965.37   965.40   965.45   965.49   965.54   965.58   965.60

 Columns 3361 through 3368:

   965.60   965.60   965.60   965.60   965.60   965.60   965.60   965.60

 Columns 3369 through 3376:

   965.60   965.60   965.60   965.60   965.60   965.60   965.60   965.60

 Columns 3377 through 3384:

   965.60   965.60   965.60   965.63   965.67   965.71   965.76   965.80

 Columns 3385 through 3392:

   965.82   965.82   965.82   965.82   965.82   965.82   965.82   965.82

 Columns 3393 through 3400:

   965.82   965.82   965.82   965.82   965.82   965.82   965.82   965.82

 Columns 3401 through 3408:

   965.82   965.82   965.82   965.82   965.82   965.82   965.82   965.82

 Columns 3409 through 3416:

   965.82   965.82   965.82   965.82   965.82   965.82   965.82   965.82

 Columns 3417 through 3424:

   965.82   965.82   965.82   965.82   965.82   965.82   965.82   965.82

 Columns 3425 through 3432:

   965.82   965.82   965.82   965.82   965.82   965.82   965.82   965.82

 Columns 3433 through 3440:

   965.82   965.82   965.84   965.88   965.93   965.97   966.02   966.04

 Columns 3441 through 3448:

   966.04   966.04   966.04   966.04   966.04   966.04   966.04   966.04

 Columns 3449 through 3456:

   966.04   966.04   966.04   966.04   966.04   966.04   966.04   966.04

 Columns 3457 through 3464:

   966.04   966.04   966.04   966.06   966.10   966.15   966.19   966.24

 Columns 3465 through 3472:

   966.27   966.27   966.27   966.27   966.27   966.27   966.27   966.27

 Columns 3473 through 3480:

   966.27   966.27   966.27   966.27   966.27   966.27   966.27   966.28

 Columns 3481 through 3488:

   966.33   966.37   966.41   966.46   966.48   966.44   966.39   966.35

 Columns 3489 through 3496:

   966.30   966.28   966.32   966.37   966.41   966.46   966.49   966.49

 Columns 3497 through 3504:

   966.49   966.49   966.49   966.49   966.49   966.49   966.49   966.49

 Columns 3505 through 3512:

   966.50   966.55   966.59   966.64   966.68   966.72   966.72   966.72

 Columns 3513 through 3520:

   966.72   966.72   966.72   966.72   966.72   966.72   966.72   966.72

 Columns 3521 through 3528:

   966.72   966.72   966.72   966.72   966.72   966.72   966.72   966.72

 Columns 3529 through 3536:

   966.72   966.72   966.77   966.81   966.86   966.90   966.94   966.94

 Columns 3537 through 3544:

   966.94   966.94   966.94   966.94   966.99   967.03   967.08   967.12

 Columns 3545 through 3552:

   967.17   967.17   967.17   967.17   967.17   967.17   967.17   967.17

 Columns 3553 through 3560:

   967.17   967.17   967.17   967.21   967.26   967.30   967.35   967.39

 Columns 3561 through 3568:

   967.39   967.39   967.39   967.39   967.39   967.39   967.39   967.39

 Columns 3569 through 3576:

   967.39   967.39   967.39   967.39   967.39   967.39   967.39   967.43

 Columns 3577 through 3584:

   967.48   967.52   967.57   967.61   967.62   967.62   967.62   967.62

 Columns 3585 through 3592:

   967.62   967.65   967.70   967.74   967.79   967.83   967.84   967.84

 Columns 3593 through 3600:

   967.84   967.84   967.84   967.88   967.92   967.97   968.01   968.06

 Columns 3601 through 3608:

   968.07   968.07   968.07   968.07   968.07   968.07   968.07   968.07

 Columns 3609 through 3616:

   968.07   968.07   968.10   968.14   968.19   968.23   968.28   968.29

 Columns 3617 through 3624:

   968.29   968.29   968.29   968.29   968.26   968.22   968.17   968.13

 Columns 3625 through 3632:

   968.08   968.10   968.14   968.19   968.23   968.28   968.29   968.29

 Columns 3633 through 3640:

   968.29   968.29   968.29   968.29   968.29   968.29   968.29   968.29

 Columns 3641 through 3648:

   968.29   968.29   968.29   968.29   968.29   968.29   968.29   968.29

 Columns 3649 through 3656:

   968.29   968.29   968.34   968.43   968.52   968.61   968.70   968.74

 Columns 3657 through 3664:

   968.74   968.74   968.74   968.74   968.74   968.74   968.74   968.74

 Columns 3665 through 3672:

   968.74   968.74   968.74   968.74   968.74   968.74   968.76   968.81

 Columns 3673 through 3680:

   968.85   968.90   968.94   968.99   969.03   969.08   969.12   969.16

 Columns 3681 through 3688:

   969.19   969.19   969.19   969.19   969.19   969.21   969.25   969.30

 Columns 3689 through 3696:

   969.34   969.39   969.41   969.41   969.41   969.41   969.41   969.41

 Columns 3697 through 3704:

   969.41   969.41   969.41   969.41   969.43   969.48   969.52   969.57

 Columns 3705 through 3712:

   969.61   969.64   969.64   969.64   969.64   969.64   969.62   969.58

 Columns 3713 through 3720:

   969.53   969.49   969.44   969.43   969.47   969.52   969.56   969.61

 Columns 3721 through 3728:

   969.64   969.64   969.64   969.64   969.64   969.64   969.64   969.64

 Columns 3729 through 3736:

   969.64   969.64   969.63   969.58   969.54   969.49   969.45   969.41

 Columns 3737 through 3744:

   969.41   969.41   969.41   969.41   969.41   969.41   969.41   969.41

 Columns 3745 through 3752:

   969.41   969.41   969.36   969.32   969.27   969.23   969.19   969.19

 Columns 3753 through 3760:

   969.19   969.19   969.19   969.19   969.19   969.19   969.19   969.19

 Columns 3761 through 3768:

   969.18   969.14   969.09   969.05   969.00   968.96   968.92   968.87

 Columns 3769 through 3776:

   968.83   968.78   968.74   968.74   968.74   968.74   968.74   968.74

 Columns 3777 through 3784:

   968.74   968.74   968.74   968.74   968.74   968.74   968.74   968.74

 Columns 3785 through 3792:

   968.74   968.74   968.74   968.74   968.74   968.74   968.74   968.74

 Columns 3793 through 3800:

   968.74   968.74   968.74   968.74   968.74   968.74   968.74   968.74

 Columns 3801 through 3808:

   968.74   968.74   968.74   968.74   968.74   968.74   968.74   968.74

 Columns 3809 through 3816:

   968.74   968.74   968.74   968.74   968.74   968.74   968.74   968.74

 Columns 3817 through 3824:

   968.74   968.74   968.74   968.74   968.74   968.74   968.74   968.74

 Columns 3825 through 3832:

   968.74   968.74   968.70   968.66   968.61   968.57   968.52   968.52

 Columns 3833 through 3840:

   968.52   968.52   968.52   968.52   968.48   968.43   968.39   968.34

 Columns 3841 through 3848:

   968.30   968.29   968.29   968.29   968.29   968.29   968.29   968.29

 Columns 3849 through 3856:

   968.29   968.29   968.29   968.29   968.29   968.29   968.29   968.29

 Columns 3857 through 3864:

   968.32   968.37   968.41   968.46   968.50   968.52   968.52   968.52

 Columns 3865 through 3872:

   968.52   968.52   968.52   968.52   968.52   968.52   968.52   968.52

 Columns 3873 through 3880:

   968.52   968.52   968.52   968.52   968.52   968.52   968.52   968.52

 Columns 3881 through 3888:

   968.52   968.52   968.52   968.52   968.52   968.52   968.52   968.52

 Columns 3889 through 3896:

   968.52   968.52   968.52   968.52   968.52   968.52   968.52   968.52

 Columns 3897 through 3904:

   968.52   968.52   968.52   968.52   968.52   968.52   968.52   968.52

 Columns 3905 through 3912:

   968.52   968.52   968.52   968.52   968.52   968.52   968.52   968.52

 Columns 3913 through 3920:

   968.52   968.52   968.52   968.52   968.52   968.52   968.52   968.52

 Columns 3921 through 3928:

   968.52   968.49   968.45   968.41   968.36   968.32   968.29   968.29

 Columns 3929 through 3936:

   968.29   968.29   968.29   968.29   968.29   968.29   968.29   968.29

 Columns 3937 through 3944:

   968.31   968.35   968.40   968.44   968.49   968.50   968.45   968.41

 Columns 3945 through 3952:

   968.36   968.32   968.31   968.35   968.40   968.44   968.49   968.52

 Columns 3953 through 3960:

   968.52   968.52   968.52   968.52   968.52   968.52   968.52   968.52

 Columns 3961 through 3968:

   968.52   968.52   968.52   968.52   968.52   968.52   968.52   968.52

 Columns 3969 through 3976:

   968.52   968.52   968.52   968.50   968.46   968.41   968.37   968.32

 Columns 3977 through 3984:

   968.30   968.35   968.39   968.44   968.48   968.52   968.52   968.52

 Columns 3985 through 3992:

   968.52   968.52   968.52   968.52   968.52   968.52   968.52   968.52

 Columns 3993 through 4000:

   968.52   968.52   968.52   968.52   968.52   968.52   968.52   968.52

 Columns 4001 through 4008:

   968.52   968.52   968.57   968.61   968.66   968.70   968.74   968.74

 Columns 4009 through 4016:

   968.74   968.74   968.74   968.74   968.74   968.74   968.74   968.74

 Columns 4017 through 4024:

   968.74   968.74   968.74   968.74   968.74   968.74   968.74   968.74

 Columns 4025 through 4032:

   968.74   968.74   968.74   968.79   968.83   968.88   968.92   968.96

 Columns 4033 through 4040:

   968.96   968.96   968.96   968.96   968.96   968.96   968.96   968.96

 Columns 4041 through 4048:

   968.96   968.96   969.01   969.05   969.10   969.14   969.19   969.19

 Columns 4049 through 4056:

   969.19   969.19   969.19   969.19   969.19   969.19   969.19   969.19

 Columns 4057 through 4064:

   969.19   969.19   969.19   969.19   969.19   969.19   969.19   969.19

 Columns 4065 through 4072:

   969.19   969.19   969.19   969.19   969.19   969.19   969.19   969.19

 Columns 4073 through 4080:

   969.19   969.19   969.19   969.19   969.19   969.19   969.19   969.19

 Columns 4081 through 4088:

   969.19   969.19   969.19   969.19   969.19   969.19   969.19   969.19

 Columns 4089 through 4096:

   969.19   969.19   969.19   969.19   969.22   969.27   969.31   969.36

 Columns 4097 through 4104:

   969.40   969.38   969.34   969.29   969.25   969.20   969.19   969.19

 Columns 4105 through 4112:

   969.19   969.19   969.19   969.19   969.19   969.19   969.19   969.19

 Columns 4113 through 4120:

   969.19   969.19   969.19   969.19   969.19   969.22   969.26   969.31

 Columns 4121 through 4128:

   969.35   969.40   969.41   969.41   969.41   969.41   969.41   969.41

 Columns 4129 through 4136:

   969.41   969.41   969.41   969.41   969.39   969.34   969.30   969.25

 Columns 4137 through 4144:

   969.21   969.22   969.26   969.31   969.35   969.40   969.41   969.41

 Columns 4145 through 4152:

   969.41   969.41   969.41   969.44   969.48   969.53   969.57   969.62

 Columns 4153 through 4160:

   969.62   969.57   969.53   969.48   969.44   969.41   969.41   969.41

 Columns 4161 through 4168:

   969.41   969.41   969.44   969.48   969.53   969.57   969.62   969.64

 Columns 4169 through 4176:

   969.64   969.64   969.64   969.64   969.64   969.64   969.64   969.64

 Columns 4177 through 4184:

   969.64   969.64   969.64   969.64   969.64   969.64   969.62   969.58

 Columns 4185 through 4192:

   969.53   969.49   969.44   969.41   969.41   969.41   969.41   969.41

 Columns 4193 through 4200:

   969.43   969.48   969.52   969.57   969.61   969.64   969.64   969.64

 Columns 4201 through 4208:

   969.64   969.64   969.64   969.64   969.64   969.64   969.64   969.64

 Columns 4209 through 4216:

   969.64   969.64   969.64   969.64   969.64   969.64   969.64   969.64

 Columns 4217 through 4224:

   969.64   969.65   969.70   969.74   969.79   969.83   969.86   969.86

 Columns 4225 through 4232:

   969.86   969.86   969.86   969.86   969.86   969.86   969.86   969.86

 Columns 4233 through 4240:

   969.85   969.81   969.76   969.72   969.68   969.64   969.64   969.64

 Columns 4241 through 4248:

   969.64   969.64   969.64   969.64   969.64   969.64   969.64   969.64

 Columns 4249 through 4256:

   969.64   969.64   969.64   969.64   969.64   969.64   969.64   969.64

 Columns 4257 through 4264:

   969.64   969.64   969.64   969.64   969.64   969.64   969.64   969.64

 Columns 4265 through 4272:

   969.64   969.64   969.64   969.64   969.69   969.73   969.78   969.82

 Columns 4273 through 4280:

   969.87   969.91   969.96   970.00   970.05   970.09   970.04   970.00

 Columns 4281 through 4288:

   969.95   969.91   969.86   969.91   969.95   970.00   970.04   970.09

 Columns 4289 through 4296:

   970.04   970.00   969.96   969.91   969.87   969.91   969.95   970.00

 Columns 4297 through 4304:

   970.04   970.09   970.05   970.00   969.96   969.91   969.87   969.86

 Columns 4305 through 4312:

   969.86   969.86   969.86   969.86   969.86   969.86   969.86   969.86

 Columns 4313 through 4320:

   969.86   969.86   969.86   969.86   969.86   969.86   969.86   969.86

 Columns 4321 through 4328:

   969.86   969.86   969.86   969.86   969.86   969.86   969.86   969.86

 Columns 4329 through 4336:

   969.86   969.86   969.86   969.86   969.86   969.86   969.86   969.86

 Columns 4337 through 4344:

   969.86   969.86   969.86   969.86   969.86   969.86   969.86   969.90

 Columns 4345 through 4352:

   969.94   969.99   970.03   970.08   970.06   970.01   969.97   969.92

 Columns 4353 through 4360:

   969.88   969.90   969.94   969.99   970.03   970.08   970.09   970.09

 Columns 4361 through 4368:

   970.09   970.09   970.09   970.09   970.09   970.09   970.09   970.09

 Columns 4369 through 4376:

   970.09   970.09   970.09   970.09   970.09   970.12   970.16   970.21

 Columns 4377 through 4384:

   970.25   970.30   970.28   970.24   970.20   970.15   970.11   970.12

 Columns 4385 through 4392:

   970.16   970.20   970.25   970.29   970.29   970.24   970.20   970.15

 Columns 4393 through 4400:

   970.11   970.11   970.16   970.20   970.25   970.29   970.31   970.31

 Columns 4401 through 4408:

   970.31   970.31   970.31   970.34   970.38   970.43   970.47   970.52

 Columns 4409 through 4416:

   970.51   970.47   970.43   970.38   970.34   970.31   970.31   970.31

 Columns 4417 through 4424:

   970.31   970.31   970.31   970.31   970.31   970.31   970.31   970.31

 Columns 4425 through 4432:

   970.31   970.31   970.31   970.31   970.29   970.25   970.20   970.16

 Columns 4433 through 4440:

   970.12   970.09   970.09   970.09   970.09   970.09   970.09   970.09

 Columns 4441 through 4448:

   970.09   970.09   970.09   970.09   970.09   970.09   970.09   970.09

 Columns 4449 through 4456:

   970.09   970.09   970.09   970.09   970.09   970.09   970.09   970.09

 Columns 4457 through 4464:

   970.09   970.09   970.09   970.09   970.09   970.09   970.09   970.08

 Columns 4465 through 4472:

   970.03   969.99   969.94   969.90   969.86   969.86   969.86   969.86

 Columns 4473 through 4480:

   969.86   969.88   969.92   969.96   970.01   970.05   970.09   970.09

 Columns 4481 through 4488:

   970.09   970.09   970.09   970.09   970.09   970.09   970.09   970.09

 Columns 4489 through 4496:

   970.09   970.09   970.09   970.09   970.09   970.09   970.09   970.09

 Columns 4497 through 4504:

   970.09   970.09   970.09   970.09   970.09   970.09   970.09   970.08

 Columns 4505 through 4512:

   970.04   969.99   969.95   969.90   969.86   969.86   969.86   969.86

 Columns 4513 through 4520:

   969.86   969.86   969.86   969.86   969.86   969.86   969.86   969.86

 Columns 4521 through 4528:

   969.86   969.86   969.86   969.86   969.86   969.86   969.86   969.86

 Columns 4529 through 4536:

   969.86   969.82   969.77   969.73   969.68   969.64   969.64   969.64

 Columns 4537 through 4544:

   969.64   969.64   969.64   969.64   969.64   969.64   969.64   969.64

 Columns 4545 through 4552:

   969.64   969.64   969.64   969.64   969.64   969.64   969.64   969.64

 Columns 4553 through 4560:

   969.64   969.64   969.64   969.64   969.64   969.64   969.64   969.60

 Columns 4561 through 4568:

   969.55   969.51   969.46   969.42   969.45   969.50   969.54   969.59

 Columns 4569 through 4576:

   969.63   969.64   969.64   969.64   969.64   969.64   969.60   969.56

 Columns 4577 through 4584:

   969.51   969.47   969.42   969.38   969.33   969.29   969.24   969.20

 Columns 4585 through 4592:

   969.19   969.19   969.19   969.19   969.19   969.19   969.19   969.19

 Columns 4593 through 4600:

   969.19   969.19   969.19   969.19   969.19   969.19   969.19   969.19

 Columns 4601 through 4608:

   969.19   969.19   969.19   969.19   969.19   969.19   969.19   969.19

 Columns 4609 through 4616:

   969.19   969.19   969.19   969.19   969.19   969.19   969.19   969.19

 Columns 4617 through 4624:

   969.19   969.19   969.19   969.19   969.19   969.19   969.19   969.19

 Columns 4625 through 4632:

   969.19   969.19   969.19   969.19   969.19   969.19   969.19   969.19

 Columns 4633 through 4640:

   969.19   969.19   969.19   969.19   969.19   969.19   969.19   969.19

 Columns 4641 through 4648:

   969.19   969.19   969.19   969.19   969.19   969.19   969.19   969.19

 Columns 4649 through 4656:

   969.19   969.19   969.19   969.19   969.19   969.19   969.17   969.12

 Columns 4657 through 4664:

   969.08   969.03   968.99   968.99   969.03   969.08   969.12   969.17

 Columns 4665 through 4672:

   969.19   969.19   969.19   969.19   969.19   969.17   969.12   969.08

 Columns 4673 through 4680:

   969.03   968.99   968.96   968.96   968.96   968.96   968.96   968.96

 Columns 4681 through 4688:

   968.96   968.96   968.96   968.96   968.96   968.96   968.96   968.96

 Columns 4689 through 4696:

   968.96   968.98   969.03   969.07   969.12   969.16   969.19   969.19

 Columns 4697 through 4704:

   969.19   969.19   969.19   969.19   969.19   969.19   969.19   969.19

 Columns 4705 through 4712:

   969.19   969.19   969.19   969.19   969.19   969.18   969.13   969.09

 Columns 4713 through 4720:

   969.04   969.00   968.96   968.96   968.96   968.96   968.96   968.96

 Columns 4721 through 4728:

   968.96   968.96   968.96   968.96   968.98   969.02   969.07   969.11

 Columns 4729 through 4736:

   969.16   969.18   969.13   969.09   969.04   969.00   968.96   968.96

 Columns 4737 through 4744:

   968.96   968.96   968.96   968.96   968.96   968.96   968.96   968.96

 Columns 4745 through 4752:

   968.96   968.96   968.96   968.96   968.96   968.97   969.02   969.06

 Columns 4753 through 4760:

   969.11   969.15   969.18   969.14   969.09   969.05   969.00   968.96

 Columns 4761 through 4768:

   968.91   968.87   968.83   968.78   968.74   968.74   968.74   968.74

 Columns 4769 through 4776:

   968.74   968.74   968.74   968.74   968.74   968.74   968.74   968.74

 Columns 4777 through 4784:

   968.74   968.74   968.74   968.74   968.69   968.65   968.60   968.56

 Columns 4785 through 4792:

   968.52   968.52   968.52   968.52   968.52   968.52   968.52   968.52

 Columns 4793 through 4800:

   968.52   968.52   968.52   968.52   968.52   968.52   968.52   968.52

 Columns 4801 through 4808:

   968.47   968.43   968.38   968.34   968.29   968.29   968.29   968.29

 Columns 4809 through 4816:

   968.29   968.29   968.29   968.29   968.29   968.29   968.29   968.29

 Columns 4817 through 4824:

   968.29   968.29   968.29   968.29   968.29   968.29   968.29   968.29

 Columns 4825 through 4832:

   968.29   968.25   968.21   968.16   968.12   968.07   968.10   968.15

 Columns 4833 through 4840:

   968.19   968.24   968.28   968.25   968.21   968.17   968.12   968.08

 Columns 4841 through 4848:

   968.07   968.07   968.07   968.07   968.07   968.03   967.99   967.94

 Columns 4849 through 4856:

   967.90   967.85   967.84   967.84   967.84   967.84   967.84   967.84

 Columns 4857 through 4864:

   967.84   967.84   967.84   967.84   967.84   967.84   967.84   967.84

 Columns 4865 through 4872:

   967.84   967.84   967.84   967.84   967.84   967.84   967.84   967.84

 Columns 4873 through 4880:

   967.84   967.84   967.84   967.84   967.84   967.84   967.84   967.84

 Columns 4881 through 4888:

   967.84   967.84   967.84   967.84   967.84   967.84   967.84   967.84

 Columns 4889 through 4896:

   967.84   967.84   967.84   967.84   967.84   967.84   967.84   967.84

 Columns 4897 through 4904:

   967.84   967.84   967.84   967.84   967.84   967.84   967.84   967.84

 Columns 4905 through 4912:

   967.84   967.84   967.84   967.84   967.84   967.84   967.84   967.84

 Columns 4913 through 4920:

   967.84   967.84   967.84   967.84   967.84   967.84   967.84   967.84

 Columns 4921 through 4928:

   967.82   967.78   967.73   967.69   967.64   967.62   967.62   967.62

 Columns 4929 through 4936:

   967.62   967.62   967.62   967.62   967.62   967.62   967.62   967.62

 Columns 4937 through 4944:

   967.62   967.62   967.62   967.62   967.62   967.62   967.62   967.62

 Columns 4945 through 4952:

   967.62   967.62   967.62   967.62   967.62   967.62   967.62   967.62

 Columns 4953 through 4960:

   967.62   967.62   967.62   967.62   967.62   967.62   967.62   967.62

 Columns 4961 through 4968:

   967.60   967.56   967.51   967.47   967.42   967.39   967.39   967.39

 Columns 4969 through 4976:

   967.39   967.39   967.39   967.39   967.39   967.39   967.39   967.39

 Columns 4977 through 4984:

   967.39   967.39   967.39   967.39   967.38   967.34   967.29   967.25

 Columns 4985 through 4992:

   967.20   967.17   967.17   967.17   967.17   967.17   967.18   967.22

 Columns 4993 through 5000:

   967.27   967.31   967.35   967.39   967.34   967.30   967.25   967.21

 Columns 5001 through 5008:

   967.17   967.17   967.17   967.17   967.17   967.17   967.17   967.17

 Columns 5009 through 5016:

   967.17   967.17   967.17   967.17   967.17   967.17   967.17   967.17

 Columns 5017 through 5024:

   967.17   967.17   967.17   967.17   967.17   967.17   967.17   967.17

 Columns 5025 through 5032:

   967.17   967.17   967.17   967.17   967.17   967.17   967.17   967.17

 Columns 5033 through 5040:

   967.17   967.17   967.17   967.17   967.12   967.08   967.03   966.99

 Columns 5041 through 5048:

   966.94   966.99   967.03   967.08   967.12   967.17   967.17   967.17

 Columns 5049 through 5056:

   967.17   967.17   967.17   967.17   967.17   967.17   967.17   967.17

 Columns 5057 through 5064:

   967.17   967.17   967.17   967.17   967.17   967.17   967.17   967.17

 Columns 5065 through 5072:

   967.17   967.17   967.17   967.17   967.17   967.17   967.17   967.17

 Columns 5073 through 5080:

   967.17   967.17   967.17   967.17   967.17   967.17   967.17   967.17

 Columns 5081 through 5088:

   967.17   967.17   967.17   967.17   967.17   967.17   967.17   967.17

 Columns 5089 through 5096:

   967.17   967.17   967.17   967.17   967.17   967.17   967.17   967.17

 Columns 5097 through 5104:

   967.17   967.17   967.17   967.17   967.17   967.17   967.17   967.17

 Columns 5105 through 5112:

   967.17   967.17   967.17   967.17   967.17   967.17   967.17   967.14

 Columns 5113 through 5120:

   967.09   967.05   967.00   966.96   966.94   966.94   966.94   966.94

 Columns 5121 through 5128:

   966.94   966.94   966.94   966.94   966.94   966.94   966.94   966.94

 Columns 5129 through 5136:

   966.94   966.94   966.94   966.92   966.87   966.83   966.78   966.74

 Columns 5137 through 5144:

   966.72   966.72   966.72   966.72   966.72   966.72   966.72   966.72

 Columns 5145 through 5152:

   966.72   966.72   966.69   966.65   966.60   966.56   966.51   966.49

 Columns 5153 through 5160:

   966.49   966.49   966.49   966.49   966.49   966.49   966.49   966.49

 Columns 5161 through 5168:

   966.49   966.47   966.43   966.38   966.34   966.29   966.27   966.27

 Columns 5169 through 5176:

   966.27   966.27   966.27   966.27   966.27   966.27   966.27   966.27

 Columns 5177 through 5184:

   966.25   966.20   966.16   966.11   966.07   966.04   966.04   966.04

 Columns 5185 through 5192:

   966.04   966.04   966.03   965.98   965.94   965.89   965.85   965.82

 Columns 5193 through 5200:

   965.82   965.82   965.82   965.82   965.80   965.76   965.71   965.67

 Columns 5201 through 5208:

   965.63   965.60   965.60   965.60   965.60   965.60   965.58   965.54

 Columns 5209 through 5216:

   965.49   965.45   965.40   965.37   965.37   965.37   965.37   965.37

 Columns 5217 through 5224:

   965.36   965.31   965.27   965.22   965.18   965.13   965.09   965.04

 Columns 5225 through 5232:

   965.00   964.96   964.93   964.98   965.02   965.07   965.11   965.14

 Columns 5233 through 5240:

   965.09   965.05   965.00   964.96   964.91   964.87   964.82   964.78

 Columns 5241 through 5248:

   964.73   964.70   964.70   964.70   964.70   964.70   964.70   964.70

 Columns 5249 through 5256:

   964.70   964.70   964.70   964.69   964.65   964.60   964.56   964.51

 Columns 5257 through 5264:

   964.47   964.47   964.47   964.47   964.47   964.47   964.42   964.38

 Columns 5265 through 5272:

   964.33   964.29   964.25   964.25   964.25   964.25   964.25   964.25

 Columns 5273 through 5280:

   964.25   964.25   964.25   964.25   964.25   964.25   964.25   964.25

 Columns 5281 through 5288:

   964.25   964.25   964.25   964.25   964.25   964.25   964.25   964.25

 Columns 5289 through 5296:

   964.25   964.25   964.25   964.25   964.25   964.25   964.25   964.25

 Columns 5297 through 5304:

   964.25   964.25   964.25   964.25   964.25   964.25   964.21   964.16

 Columns 5305 through 5312:

   964.12   964.07   964.03   963.98   963.94   963.89   963.85   963.80

 Columns 5313 through 5320:

   963.80   963.80   963.80   963.80   963.80   963.76   963.71   963.67

 Columns 5321 through 5328:

   963.62   963.58   963.57   963.57   963.57   963.57   963.57   963.57

 Columns 5329 through 5336:

   963.57   963.57   963.57   963.57   963.57   963.57   963.57   963.57

 Columns 5337 through 5344:

   963.57   963.54   963.49   963.45   963.40   963.36   963.35   963.35

 Columns 5345 through 5352:

   963.35   963.35   963.35   963.35   963.35   963.35   963.35   963.35

 Columns 5353 through 5360:

   963.35   963.35   963.35   963.35   963.35   963.32   963.27   963.23

 Columns 5361 through 5368:

   963.18   963.14   963.12   963.12   963.12   963.12   963.12   963.12

 Columns 5369 through 5376:

   963.12   963.12   963.12   963.12   963.12   963.12   963.12   963.12

 Columns 5377 through 5384:

   963.12   963.12   963.12   963.12   963.12   963.12   963.10   963.05

 Columns 5385 through 5392:

   963.01   962.96   962.92   962.90   962.90   962.90   962.90   962.90

 Columns 5393 through 5400:

   962.90   962.90   962.90   962.90   962.90   962.90   962.90   962.90

 Columns 5401 through 5408:

   962.90   962.90   962.90   962.90   962.90   962.90   962.90   962.89

 Columns 5409 through 5416:

   962.87   962.84   962.82   962.80   962.78   962.75   962.73   962.71

 Columns 5417 through 5424:

   962.69   962.67   962.67   962.67   962.67   962.67   962.69   962.74

 Columns 5425 through 5432:

   962.78   962.83   962.87   962.88   962.84   962.79   962.75   962.70

 Columns 5433 through 5440:

   962.67   962.67   962.67   962.67   962.67   962.67   962.67   962.67

 Columns 5441 through 5448:

   962.67   962.67   962.67   962.67   962.67   962.67   962.67   962.67

 Columns 5449 through 5456:

   962.67   962.67   962.67   962.67   962.67   962.67   962.67   962.67

 Columns 5457 through 5464:

   962.67   962.67   962.67   962.67   962.67   962.67   962.67   962.67

 Columns 5465 through 5472:

   962.67   962.67   962.67   962.67   962.67   962.67   962.67   962.67

 Columns 5473 through 5480:

   962.69   962.73   962.78   962.82   962.86   962.90   962.90   962.90

 Columns 5481 through 5488:

   962.90   962.90   962.90   962.90   962.90   962.90   962.90   962.90

 Columns 5489 through 5496:

   962.90   962.90   962.90   962.90   962.90   962.90   962.90   962.90

 Columns 5497 through 5504:

   962.90   962.90   962.90   962.90   962.90   962.90   962.90   962.90

 Columns 5505 through 5512:

   962.90   962.90   962.90   962.90   962.90   962.90   962.90   962.90

 Columns 5513 through 5520:

   962.90   962.90   962.90   962.90   962.90   962.90   962.90   962.90

 Columns 5521 through 5528:

   962.90   962.90   962.90   962.90   962.90   962.90   962.90   962.90

 Columns 5529 through 5536:

   962.90   962.90   962.90   962.90   962.90   962.90   962.90   962.90

 Columns 5537 through 5544:

   962.90   962.90   962.90   962.90   962.90   962.90   962.90   962.90

 Columns 5545 through 5552:

   962.90   962.90   962.90   962.90   962.90   962.90   962.90   962.90

 Columns 5553 through 5560:

   962.90   962.94   962.99   963.03   963.08   963.12   963.12   963.12

 Columns 5561 through 5568:

   963.12   963.12   963.12   963.08   963.04   963.00   962.95   962.91

 Columns 5569 through 5576:

   962.94   962.98   963.03   963.07   963.12   963.12   963.12   963.12

 Columns 5577 through 5584:

   963.12   963.12   963.12   963.12   963.12   963.12   963.12   963.12

 Columns 5585 through 5592:

   963.12   963.12   963.12   963.12   963.12   963.12   963.12   963.12

 Columns 5593 through 5600:

   963.12   963.09   963.05   963.00   962.96   962.91   962.90   962.90

 Columns 5601 through 5608:

   962.90   962.90   962.90   962.90   962.90   962.90   962.90   962.90

 Columns 5609 through 5616:

   962.90   962.90   962.90   962.90   962.90   962.87   962.82   962.78

 Columns 5617 through 5624:

   962.74   962.69   962.70   962.75   962.79   962.84   962.88   962.90

 Columns 5625 through 5632:

   962.90   962.90   962.90   962.90   962.90   962.90   962.90   962.90

 Columns 5633 through 5640:

   962.90   962.90   962.90   962.90   962.90   962.90   962.87   962.83

 Columns 5641 through 5648:

   962.78   962.74   962.69   962.70   962.74   962.79   962.83   962.88

 Columns 5649 through 5656:

   962.88   962.83   962.79   962.74   962.70   962.67   962.67   962.67

 Columns 5657 through 5664:

   962.67   962.67   962.67   962.67   962.67   962.67   962.67   962.67

 Columns 5665 through 5672:

   962.67   962.67   962.67   962.67   962.65   962.61   962.56   962.52

 Columns 5673 through 5680:

   962.48   962.47   962.51   962.56   962.60   962.65   962.66   962.61

 Columns 5681 through 5688:

   962.57   962.52   962.48   962.45   962.45   962.45   962.45   962.45

 Columns 5689 through 5696:

   962.45   962.45   962.45   962.45   962.45   962.45   962.45   962.45

 Columns 5697 through 5701:

   962.45   962.45   962.45   962.45   962.45
   110.76   850.34
