1227135905 1.01826
1227136007 1.01826
1227136019 1.01623
1227136031 1.01623
1227136043 1.01826
1227136055 1.01826
1227136076 1.01623
1227136378 1.01623
1227136679 1.01623
1227136981 1.01623
1227137283 1.01623
1227137585 1.01623
1227137887 1.01623
1227138188 1.0142
1227138490 1.01623
1227138792 1.01623
1227139094 1.0142
1227139396 1.0142
1227139697 1.0142
1227139999 1.0142
1227140301 1.0142
1227140603 1.0142
1227140904 1.0142
1227141206 1.0142
1227141508 1.01217
1227141810 1.01217
1227142111 1.01217
1227142413 1.01217
1227142715 1.01014
1227143017 1.01217
1227143319 1.01014
1227143620 1.01217
1227143922 1.01014
1227144224 1.01014
1227144526 1.00811
1227144828 1.00811
1227145129 1.00811
1227145431 1.00811
1227145733 1.00811
1227146035 1.00811
1227146336 1.00811
1227146638 1.00811
1227146941 1.00609
1227147251 1.00609
1227147553 1.00609
1227147855 1.00609
1227148156 1.00609
1227148458 1.00609
1227148760 1.00609
1227149061 1.00609
1227149363 1.00609
1227149665 1.00609
1227149967 1.00406
1227150268 1.00406
1227150570 1.00406
1227150872 1.00406
1227151174 1.00406
1227151476 1.00406
1227151778 1.00406
1227152080 1.00406
1227152381 1.00203
1227152683 1.00406
1227152985 1.00406
1227153286 1.00406
1227153588 1.00406
1227153890 1.00203
1227154192 1.00203
1227154493 1.00406
1227154795 1.00406
1227155097 1.00203
1227155399 1.00203
1227155701 1.00406
1227156003 1.00203
1227156304 1.00203
1227156606 1.00203
1227156908 1.00203
1227157210 1.00203
1227157511 1.00203
1227157813 1.00203
1227158115 1.00203
1227158417 1.00203
1227158719 1
1227159020 1
1227159322 1
1227159624 1
1227159926 1
1227160227 1
1227160529 1
1227160831 1
1227161133 1
1227161434 1
1227161736 1
1227162038 1
1227162340 0.997972
1227162641 0.997972
1227162943 0.997972
1227163245 0.997972
1227163547 0.997972
1227163849 0.995943
1227164151 0.995943
1227164452 0.995943
1227164754 0.997972
1227165056 1
1227165358 1
1227165659 1
1227165961 1
1227166263 1
1227166565 0.997972
1227166867 0.997972
1227167168 1
1227167470 1
1227167772 1
1227168074 0.997972
1227168376 1
1227168677 0.997972
1227168979 0.997972
1227169281 0.995943
1227169583 0.993915
1227169884 0.993915
1227170186 0.995943
1227170488 0.995943
1227170790 0.995943
1227171092 0.993915
1227171394 0.991886
1227171695 0.991886
1227171998 0.991886
1227172300 0.989858
1227172601 0.98783
1227172903 0.98783
1227173205 0.985801
1227173507 0.985801
1227173808 0.985801
1227174110 0.985801
1227174412 0.98783
1227174714 0.985801
1227175016 0.985801
1227175317 0.985801
1227175619 0.985801
1227175921 0.985801
1227176223 0.985801
1227176525 0.98783
1227176826 0.98783
1227177128 0.98783
1227177430 0.98783
1227177732 0.983773
1227178034 0.979716
1227178335 0.979716
1227178637 0.977688
1227178939 0.977688
1227179241 0.975659
1227179542 0.977688
1227179844 0.977688
1227180146 0.975659
1227180448 0.975659
1227180750 0.975659
1227181051 0.971602
1227181353 0.971602
1227181655 0.969574
1227181957 0.969574
1227182258 0.967546
1227182560 0.969574
1227182862 0.971602
1227183164 0.971602
1227183466 0.971602
1227183767 0.973631
1227184069 0.971602
1227184371 0.971602
1227184673 0.967546
1227184975 0.967546
1227185276 0.967546
1227185578 0.965517
1227185880 0.965517
1227186182 0.967546
1227186484 0.967546
1227186785 0.965517
1227187389 0.967546
1227187690 0.969574
1227187992 0.967546
1227188294 0.967546
1227188596 0.967546
1227188898 0.967546
1227189199 0.967546
1227189501 0.963489
1227189803 0.963489
1227190105 0.963489
1227190406 0.96146
1227190708 0.959432
1227191010 0.959432
1227191312 0.957404
1227191614 0.959432
1227191915 0.959432
1227192217 0.96146
1227192519 0.959432
1227192821 0.96146
1227193123 0.96146
1227193424 0.96146
1227193726 0.96146
1227194028 0.96146
1227194330 0.96146
1227194631 0.96146
1227194933 0.96146
1227195235 0.959432
1227195537 0.959432
1227195839 0.959432
1227196140 0.96146
1227196442 0.96146
1227196744 0.96146
1227197046 0.963489
1227197348 0.96146
1227197649 0.96146
1227197951 0.959432
1227198253 0.959432
1227198555 0.959432
1227198856 0.957404
1227199158 0.959432
1227199460 0.955375
1227199762 0.955375
1227200064 0.955375
1227200365 0.957404
1227200667 0.957404
1227200969 0.957404
1227201271 0.957404
1227201573 0.957404
1227201874 0.955375
1227202176 0.955375
1227202478 0.955375
1227202780 0.959432
1227203081 0.959432
1227203383 0.96146
1227203685 0.959432
1227203987 0.959432
1227204289 0.957404
1227204590 0.955375
1227204892 0.951318
1227205194 0.951318
1227205496 0.951318
1227205798 0.94929
1227206099 0.951318
1227206402 0.951318
1227206704 0.951318
1227207005 0.951318
1227207307 0.94929
1227207609 0.94929
1227207911 0.951318
1227208212 0.953347
1227208514 0.951318
1227208816 0.953347
1227209118 0.953347
1227209419 0.951318
1227209721 0.953347
1227210023 0.955375
1227210325 0.955375
1227210626 0.955375
1227210928 0.953347
1227211230 0.953347
1227211532 0.951318
1227211833 0.951318
1227212135 0.955375
1227212437 0.955375
1227212739 0.955375
1227213041 0.953347
1227213342 0.957404
1227213644 0.957404
1227213946 0.955375
1227214248 0.955375
1227214550 0.953347
1227214852 0.955375
1227215154 0.953347
1227215455 0.953347
1227215757 0.94929
1227216059 0.94929
1227216361 0.951318
1227216663 0.953347
1227216964 0.951318
1227217266 0.951318
1227217568 0.947262
1227217870 0.951318
1227218171 0.94929
1227218473 0.947262
1227218775 0.947262
1227219077 0.94929
1227219379 0.94929
1227219680 0.951318
1227219982 0.94929
1227220284 0.945233
1227220586 0.947262
1227220887 0.945233
1227221189 0.945233
1227221491 0.943205
1227221793 0.941176
1227222095 0.941176
1227222396 0.939148
1227222698 0.939148
1227223000 0.939148
1227223301 0.939148
1227223603 0.939148
1227223905 0.93712
1227224207 0.939148
1227224810 0.93712
1227225112 0.935091
1227225414 0.93712
1227225715 0.935091
1227226017 0.933063
1227226319 0.933063
1227226621 0.933063
1227226922 0.931034
1227227224 0.929006
1227227526 0.931034
1227227828 0.929006
1227228129 0.926978
1227228431 0.926978
1227228733 0.926978
1227229035 0.929006
1227229336 0.926978
1227229940 0.926978
1227230241 0.924949
1227230543 0.922921
1227230845 0.922921
1227231146 0.922921
1227231448 0.920892
1227231750 0.920892
1227232052 0.920892
1227232354 0.920892
1227232655 0.920892
1227232957 0.920892
1227233260 0.918864
1227233868 0.920892
1227234170 0.920892
1227234472 0.920892
1227234774 0.920892
1227235075 0.920892
1227235377 0.920892
1227235679 0.916836
1227235981 0.916836
1227236283 0.916836
1227236585 0.914807
1227236886 0.914807
1227237188 0.910751
1227237490 0.910751
1227237792 0.910751
1227238094 0.910751
1227238395 0.910751
1227238697 0.910751
1227238999 0.908722
1227239300 0.906694
1227239602 0.906694
1227239904 0.906694
1227240205 0.904665
1227240507 0.904665
1227240809 0.904665
1227241111 0.906694
1227241413 0.906694
1227241714 0.904665
1227242016 0.902637
1227242318 0.902637
1227242620 0.902637
1227242921 0.902637
1227243223 0.900609
1227243525 0.89858
1227243827 0.894523
1227244128 0.894523
1227244430 0.896552
1227244732 0.894523
1227245034 0.890467
1227245335 0.890467
1227245637 0.888438
1227245939 0.888438
1227246241 0.88641
1227246543 0.888438
1227246844 0.88641
1227247146 0.88641
1227247448 0.88641
1227247750 0.88641
1227248051 0.884381
1227248353 0.882353
1227248655 0.882353
1227248957 0.882353
1227249259 0.882353
1227249561 0.882353
1227249862 0.882353
1227250164 0.884381
1227250466 0.882353
1227250768 0.882353
1227251070 0.884381
1227251371 0.88641
1227251673 0.884381
1227251975 0.882353
1227252276 0.882353
1227252578 0.884381
1227252880 0.882353
1227253182 0.882353
1227253484 0.880325
1227253786 0.880325
1227254087 0.878296
1227254389 0.878296
1227254691 0.878296
1227254992 0.876268
1227255294 0.874239
1227255596 0.874239
1227255898 0.872211
1227256199 0.872211
1227256501 0.870183
1227256803 0.870183
1227257105 0.870183
1227257407 0.870183
1227257709 0.870183
1227258010 0.868154
1227258312 0.870183
1227258614 0.866126
1227258916 0.866126
1227259218 0.866126
1227259519 0.868154
1227259821 0.868154
1227260123 0.868154
1227260424 0.868154
1227260726 0.866126
1227261028 0.866126
1227261330 0.862069
1227261632 0.864097
1227261933 0.862069
1227262235 0.862069
1227262537 0.862069
1227262839 0.862069
1227263141 0.860041
1227263442 0.858012
1227263744 0.855984
1227264046 0.853955
1227264348 0.853955
1227264649 0.851927
1227264951 0.849899
1227265253 0.84787
1227265555 0.845842
1227265856 0.843813
1227266158 0.839757
1227266460 0.839757
1227266762 0.837728
1227267064 0.833671
1227267365 0.831643
1227267667 0.829615
1227267969 0.827586
1227268271 0.825558
1227268572 0.823529
1227268874 0.821501
1227269176 0.817444
1227269478 0.815416
1227269780 0.813387
1227270081 0.811359
1227270383 0.811359
1227270685 0.809331
1227270987 0.809331
1227271288 0.807302
1227271590 0.807302
1227271892 0.803245
1227272194 0.803245
1227272495 0.803245
1227272797 0.805274
1227273099 0.805274
1227273401 0.805274
1227273703 0.805274
1227274005 0.807302
1227274306 0.815416
1227274608 0.827586
1227274910 0.829615
1227275212 0.833671
1227275513 0.8357
1227275815 0.837728
1227276117 0.837728
1227276419 0.8357
1227276721 0.833671
1227277023 0.833671
1227277324 0.837728
1227277626 0.837728
1227277928 0.8357
1227278230 0.837728
1227278531 0.839757
1227278833 0.839757
1227279135 0.839757
1227279437 0.839757
1227279738 0.841785
1227280040 0.841785
1227280342 0.845842
1227280644 0.845842
1227280946 0.849899
1227281247 0.849899
1227281549 0.853955
1227281851 0.853955
1227282153 0.855984
1227282455 0.858012
1227282756 0.858012
1227283058 0.858012
1227283360 0.860041
1227283963 0.860041
1227284265 0.862069
1227284567 0.862069
1227284868 0.862069
1227285170 0.862069
1227285472 0.862069
1227285774 0.862069
1227286076 0.860041
1227286378 0.858012
1227286679 0.860041
1227286981 0.860041
1227287283 0.862069
1227287585 0.864097
1227287886 0.864097
1227288188 0.862069
1227288490 0.866126
1227288792 0.864097
1227289094 0.866126
1227289396 0.866126
1227289697 0.866126
1227289999 0.870183
1227290301 0.872211
1227290603 0.872211
1227290905 0.872211
1227291207 0.874239
1227291508 0.874239
1227291810 0.874239
1227292112 0.874239
1227292414 0.876268
1227292715 0.876268
1227293017 0.874239
1227293319 0.876268
1227293621 0.876268
1227293923 0.876268
1227294224 0.878296
1227294526 0.880325
1227294828 0.880325
1227295130 0.882353
1227295432 0.882353
1227295734 0.882353
1227296035 0.882353
1227296337 0.882353
1227296639 0.880325
1227296940 0.882353
1227297242 0.882353
1227297544 0.882353
1227297846 0.882353
1227298148 0.882353
1227298449 0.882353
1227298751 0.880325
1227299053 0.882353
1227299355 0.882353
1227299656 0.882353
1227299958 0.882353
1227300260 0.880325
1227300562 0.880325
1227300864 0.880325
1227301166 0.878296
1227301468 0.878296
1227301769 0.878296
1227302071 0.878296
1227302373 0.876268
1227302675 0.876268
1227302976 0.876268
1227303278 0.876268
1227303580 0.874239
1227303882 0.874239
1227304184 0.874239
1227304485 0.874239
1227304787 0.872211
1227305089 0.870183
1227305391 0.870183
1227305693 0.870183
1227305994 0.868154
1227306296 0.870183
1227468981 0.817444
1227469282 0.815416
1227469583 0.813387
1227469884 0.813387
1227470186 0.813387
1227470487 0.811359
1227470788 0.809331
1227471089 0.811359
1227471390 0.811359
1227471993 0.811359
1227472294 0.809331
1227472595 0.807302
1227472896 0.803245
1227473198 0.803245
1227473499 0.803245
1227473800 0.803245
1227474101 0.801217
1227474403 0.801217
1227474704 0.799189
1227475005 0.801217
1227475307 0.799189
1227475608 0.799189
1227475909 0.801217
1227476210 0.801217
1227476512 0.801217
1227476813 0.801217
1227477114 0.801217
1227477415 0.79716
1227477717 0.79716
1227478018 0.793103
1227478319 0.791075
1227478620 0.789047
1227478922 0.787018
1227479223 0.78499
1227479524 0.782961
1227479825 0.782961
1227480126 0.778905
1227480428 0.780933
1227480729 0.776876
1227481030 0.772819
1227481331 0.772819
1227481632 0.770791
1227481934 0.768763
1227482235 0.768763
1227482536 0.766734
1227482837 0.766734
1227483139 0.766734
1227483440 0.764706
1227483741 0.766734
1227484042 0.766734
1227484344 0.764706
1227484645 0.764706
1227484946 0.762677
1227485247 0.760649
1227485548 0.762677
1227485849 0.762677
1227486151 0.762677
1227486452 0.762677
1227486753 0.762677
1227487054 0.762677
1227487356 0.762677
1227487657 0.762677
1227487958 0.762677
1227488259 0.762677
1227488561 0.762677
1227488862 0.760649
1227489163 0.762677
1227489464 0.760649
1227490066 0.762677
1227490368 0.762677
1227490669 0.762677
1227490970 0.764706
1227491271 0.764706
1227491572 0.766734
1227491874 0.768763
1227492175 0.766734
1227492476 0.766734
1227492778 0.768763
1227493079 0.768763
1227493380 0.768763
1227493681 0.766734
1227493983 0.766734
1227494284 0.768763
1227494585 0.766734
1227494886 0.766734
1227495187 0.766734
1227495489 0.766734
1227495790 0.764706
1227496091 0.764706
1227496392 0.764706
1227496693 0.766734
1227496995 0.766734
1227497296 0.768763
1227497597 0.766734
1227497899 0.766734
1227498200 0.766734
1227498501 0.768763
1227498802 0.766734
1227499103 0.766734
1227499404 0.766734
1227499706 0.766734
1227500007 0.766734
1227500308 0.766734
1227500609 0.766734
1227500911 0.768763
1227501211 0.766734
1227501513 0.766734
1227501814 0.766734
1227502115 0.764706
1227502416 0.768763
1227502718 0.768763
1227503019 0.768763
1227503320 0.768763
1227503621 0.770791
1227503922 0.776876
1227504224 0.774848
1227504525 0.774848
1227504826 0.774848
1227505127 0.774848
1227505429 0.774848
1227505730 0.774848
1227506031 0.776876
1227506332 0.774848
1227506634 0.774848
1227506934 0.774848
1227507236 0.774848
1227507537 0.774848
1227507838 0.774848
1227508140 0.774848
1227508441 0.776876
1227508742 0.776876
1227509043 0.776876
1227509344 0.778905
1227509646 0.780933
1227509947 0.780933
1227510248 0.780933
1227510549 0.782961
1227510850 0.782961
1227511152 0.782961
1227511453 0.782961
1227511754 0.782961
1227512055 0.78499
1227512357 0.78499
1227512658 0.787018
1227512959 0.787018
1227513260 0.787018
1227513562 0.787018
1227513863 0.787018
1227514164 0.787018
1227514465 0.787018
1227514766 0.787018
1227515068 0.787018
1227515369 0.787018
1227515670 0.787018
1227515971 0.789047
1227516273 0.787018
1227516574 0.789047
1227516875 0.789047
1227517176 0.789047
1227517477 0.789047
1227517779 0.789047
1227518080 0.789047
1227518381 0.789047
1227518682 0.789047
1227518984 0.789047
1227519285 0.791075
1227519586 0.789047
1227519887 0.789047
1227520188 0.789047
1227520490 0.789047
1227520791 0.789047
1227521092 0.789047
1227521393 0.789047
1227521695 0.789047
1227521996 0.789047
1227522297 0.791075
1227522598 0.789047
1227522900 0.789047
1227523201 0.789047
1227523502 0.791075
1227523803 0.791075
1227524104 0.791075
1227524406 0.793103
1227524707 0.791075
1227525008 0.791075
1227525309 0.791075
1227525611 0.791075
1227525912 0.791075
1227526213 0.793103
1227526514 0.791075
1227526815 0.791075
1227527117 0.793103
1227527418 0.793103
1227527719 0.793103
1227528020 0.793103
1227528321 0.793103
1227528924 0.793103
1227529225 0.793103
1227529526 0.793103
1227529827 0.795132
1227530129 0.79716
1227530430 0.79716
1227530731 0.79716
1227531032 0.79716
1227531333 0.799189
1227531635 0.799189
1227531936 0.799189
1227532237 0.799189
1227532538 0.799189
1227532840 0.79716
1227533141 0.79716
1227533442 0.79716
1227533743 0.79716
1227534045 0.79716
1227534346 0.79716
1227534647 0.79716
1227534948 0.79716
1227535249 0.79716
1227535551 0.799189
1227535852 0.79716
1227536153 0.799189
1227536454 0.799189
1227536755 0.799189
1227537057 0.799189
1227537358 0.801217
1227537659 0.801217
1227537960 0.801217
1227538262 0.801217
1227538563 0.803245
1227538864 0.803245
1227539165 0.803245
1227539466 0.803245
1227539768 0.805274
1227540069 0.805274
1227540370 0.805274
1227540671 0.807302
1227540973 0.807302
1227541274 0.807302
1227541575 0.807302
1227541877 0.809331
1227542178 0.809331
1227542479 0.811359
1227543081 0.813387
1227543383 0.813387
1227543684 0.813387
1227543985 0.813387
1227544286 0.813387
1227544587 0.813387
1227544889 0.817444
1227545190 0.817444
1227545491 0.815416
1227545792 0.817444
1227546094 0.819473
1227546395 0.817444
1227546696 0.817444
1227546997 0.819473
1227547298 0.821501
1227547600 0.821501
1227547901 0.821501
1227548202 0.821501
1227548503 0.823529
1227548805 0.823529
1227549106 0.823529
1227549407 0.825558
1227549708 0.825558
1227550009 0.825558
1227550311 0.825558
1227550612 0.825558
1227550913 0.825558
1227551214 0.827586
1227551515 0.827586
1227551817 0.827586
1227552118 0.829615
1227552419 0.829615
1227552720 0.831643
1227553022 0.831643
1227553323 0.831643
1227553624 0.831643
1227553925 0.831643
1227554226 0.829615
1227554528 0.831643
1227554829 0.831643
1227555130 0.831643
1227555432 0.831643
1227555733 0.833671
1227556034 0.833671
1227556335 0.833671
1227556636 0.833671
1227556937 0.833671
1227557239 0.833671
1227557540 0.833671
1227557841 0.833671
1227558142 0.8357
1227558444 0.8357
1227558745 0.833671
1227559046 0.833671
1227559347 0.8357
1227559648 0.8357
1227559950 0.837728
1227560251 0.837728
1227560552 0.837728
1227560853 0.839757
1227561155 0.837728
1227561456 0.839757
1227561757 0.841785
1227562058 0.841785
1227562359 0.841785
1227562661 0.841785
1227562962 0.841785
1227563263 0.841785
1227563564 0.843813
1227563866 0.843813
1227564167 0.843813
1227564468 0.843813
1227564769 0.845842
1227565070 0.845842
1227565372 0.845842
1227565673 0.84787
1227565974 0.84787
1227566275 0.84787
1227566576 0.849899
1227566878 0.849899
1227567179 0.849899
1227567480 0.849899
1227567782 0.849899
1227568082 0.849899
1227568384 0.851927
1227568685 0.853955
1227568986 0.853955
1227569288 0.853955
1227569589 0.853955
1227569890 0.853955
1227570191 0.855984
1227570492 0.853955
1227570794 0.858012
1227571095 0.855984
1227571396 0.855984
1227571697 0.855984
1227571998 0.858012
1227572600 0.858012
1227572902 0.858012
1227573203 0.858012
1227573504 0.858012
1227573805 0.858012
1227574106 0.858012
1227574408 0.858012
1227574709 0.858012
1227575010 0.860041
1227575311 0.860041
1227575612 0.860041
1227575914 0.862069
1227576215 0.862069
1227576516 0.862069
1227576817 0.862069
1227577119 0.862069
1227577420 0.862069
1227577721 0.864097
1227578022 0.864097
1227578323 0.864097
1227578625 0.864097
1227578926 0.864097
1227579227 0.866126
1227579529 0.866126
1227579830 0.866126
1227580131 0.866126
1227580432 0.866126
1227580734 0.866126
1227581035 0.866126
1227581336 0.866126
1227581637 0.868154
1227581938 0.868154
1227582240 0.870183
1227582541 0.870183
1227582842 0.870183
1227583143 0.872211
1227583444 0.872211
1227583746 0.874239
1227584047 0.874239
1227584348 0.874239
1227584649 0.874239
1227584951 0.876268
1227585252 0.876268
1227585553 0.876268
1227585854 0.874239
1227586155 0.876268
1227586457 0.876268
1227586758 0.878296
1227587059 0.878296
1227587360 0.878296
1227587662 0.878296
1227587963 0.880325
1227588264 0.878296
1227588565 0.880325
1227588866 0.882353
1227589168 0.882353
1227589469 0.882353
1227589770 0.882353
1227590071 0.882353
1227590372 0.884381
1227590673 0.884381
1227590975 0.882353
1227591276 0.884381
1227591577 0.88641
1227591878 0.88641
1227592180 0.88641
1227592481 0.88641
1227592782 0.88641
1227593084 0.888438
1227593384 0.888438
1227593686 0.890467
1227593987 0.888438
1227594288 0.890467
1227594589 0.892495
1227594891 0.892495
1227595192 0.894523
1227595493 0.894523
1227595794 0.894523
1227596095 0.896552
1227596397 0.896552
1227596698 0.896552
1227596999 0.89858
1227597300 0.89858
1227597602 0.900609
1227597903 0.89858
1227598204 0.900609
1227598505 0.900609
1227598806 0.900609
1227599108 0.902637
1227599409 0.902637
1227599710 0.902637
1227600011 0.902637
1227600313 0.904665
1227600614 0.906694
1227600915 0.906694
1227601216 0.906694
1227601818 0.908722
1227602119 0.910751
1227602421 0.908722
1227602722 0.910751
1227603023 0.910751
1227603324 0.910751
1227603626 0.912779
1227603927 0.912779
1227604228 0.914807
1227604529 0.914807
1227604830 0.914807
1227605132 0.916836
1227605433 0.916836
1227605734 0.918864
1227606035 0.918864
1227606336 0.918864
1227606638 0.918864
1227606939 0.918864
1227607240 0.920892
1227607541 0.920892
1227607842 0.920892
1227608144 0.922921
1227608445 0.922921
1227608746 0.922921
1227609048 0.922921
1227609349 0.922921
1227609650 0.924949
1227609951 0.924949
1227610252 0.926978
1227610554 0.926978
1227610855 0.926978
1227611156 0.926978
1227611457 0.929006
1227611758 0.926978
1227612060 0.929006
1227612361 0.929006
1227612662 0.931034
1227612963 0.931034
1227613265 0.931034
1227613566 0.931034
1227613867 0.933063
1227614168 0.935091
1227614469 0.935091
1227614771 0.935091
1227615072 0.935091
1227615373 0.935091
1227615674 0.935091
1227615976 0.935091
1227616277 0.935091
1227616578 0.93712
1227616879 0.93712
1227617180 0.93712
1227617482 0.93712
1227617783 0.93712
1227618084 0.939148
1227618385 0.939148
1227618686 0.939148
1227618988 0.939148
1227619289 0.939148
1227619590 0.939148
1227619891 0.941176
1227620192 0.943205
1227620494 0.943205
1227620795 0.943205
1227621096 0.945233
1227621397 0.945233
1227621699 0.945233
1227622000 0.947262
1227622301 0.947262
1227622602 0.947262
1227622903 0.94929
1227623205 0.951318
1227623506 0.951318
1227623807 0.951318
1227624108 0.953347
1227624410 0.953347
1227624711 0.955375
1227625012 0.955375
1227625313 0.955375
1227625614 0.957404
1227625916 0.959432
1227626217 0.957404
1227626518 0.959432
1227626819 0.959432
1227627120 0.963489
1227627422 0.96146
1227627723 0.963489
1227628024 0.963489
1227628325 0.963489
1227628627 0.963489
1227628928 0.965517
1227629229 0.967546
1227629530 0.967546
1227629831 0.967546
1227630133 0.967546
1227630434 0.969574
1227630735 0.969574
1227631036 0.971602
1227631338 0.971602
1227631639 0.973631
1227631940 0.973631
1227632241 0.973631
1227632542 0.975659
1227632844 0.977688
1227633145 0.975659
1227633446 0.977688
1227633747 0.977688
1227634048 0.979716
1227634350 0.979716
1227634651 0.981744
1227634952 0.983773
1227635554 0.983773
1227635855 0.983773
1227636157 0.983773
1227636458 0.985801
1227636759 0.985801
1227637060 0.98783
1227637361 0.98783
1227637663 0.98783
1227637964 0.989858
1227638265 0.991886
1227638566 0.989858
1227638867 0.991886
1227639169 0.991886
1227639470 0.993915
1227639771 0.993915
1227640072 0.993915
1227640374 0.995943
1227640675 0.995943
1227640976 0.995943
1227641277 0.997972
1227641578 0.997972
1227641880 0.997972
1227642181 1
1227642482 1
1227642783 1
1227643084 1.00203
1227643385 1.00203
1227643687 1.00203
1227643988 1.00406
1227644289 1.00406
1227644591 1.00406
1227644892 1.00406
1227645193 1.00406
1227645494 1.00609
1227645795 1.00406
1227646096 1.00609
1227646398 1.00811
1227646699 1.00811
1227647000 1.00811
1227647301 1.00811
1227647603 1.00811
1227647904 1.01014
1227648205 1.01014
1227648506 1.01217
1227648808 1.01217
1227649109 1.01217
1227649410 1.01217
1227649711 1.01217
1227650012 1.01217
1227650314 1.01217
1227650615 1.01217
1227650916 1.01217
1227651217 1.0142
1227651518 1.0142
1227651820 1.0142
1227652121 1.01623
1227652422 1.01623
1227652723 1.01623
1227653024 1.01623
1227653326 1.01826
1227653627 1.02028
1227653928 1.02028
1227654230 1.02028
1227654530 1.02028
1227654832 1.02028
1227655133 1.02028
1227655434 1.02231
1227655735 1.02231
1227656037 1.02231
1227656338 1.02231
1227656639 1.02231
1227656940 1.02231
1227657241 1.02231
1227657543 1.02231
1227657844 1.02231
1227658145 1.02434
1227658446 1.02434
1227658748 1.02434
1227659049 1.02434
1227659350 1.02434
1227659651 1.02637
1227659952 1.02434
1227660253 1.02637
1227660555 1.0284
1227660856 1.0284
1227661157 1.0284
1227661458 1.0284
1227661759 1.03043
1227662060 1.03245
1227662362 1.03245
1227662663 1.03448
1227662964 1.03651
1227663265 1.03651
1227663567 1.03651
1227663868 1.03651
1227664169 1.03854
1227664470 1.03854
1227664771 1.03854
1227665073 1.03854
1227665375 1.03854
1227665676 1.03854
1227666278 1.03651
1227666579 1.03651
1227666881 1.03651
1227667182 1.03651
1227667483 1.03651
1227667784 1.03651
1227668086 1.03651
1227668387 1.03854
1227668688 1.03651
1227668989 1.03651
1227669290 1.03854
1227669592 1.03854
1227669893 1.03854
1227670194 1.03854
1227670495 1.04057
1227670797 1.04057
1227671098 1.04057
1227671399 1.04057
1227671700 1.04057
1227672001 1.0426
1227672303 1.0426
1227672604 1.0426
1227672905 1.0426
1227673206 1.0426
1227673508 1.0426
1227673809 1.0426
1227674110 1.0426
1227674411 1.0426
1227674712 1.0426
1227675013 1.0426
1227675315 1.04462
1227675616 1.04462
1227675917 1.04462
1227676218 1.04462
1227676519 1.04462
1227676821 1.04665
1227677122 1.04665
1227677423 1.04665
1227677724 1.04665
1227678026 1.04868
1227678327 1.04665
1227678628 1.04868
1227678929 1.04868
1227679230 1.04868
1227679531 1.05071
1227679833 1.05071
1227680134 1.05071
1227680435 1.05071
1227680736 1.05071
1227681038 1.05274
1227681339 1.05274
1227681640 1.05477
1227681941 1.05477
1227682243 1.05477
1227682544 1.0568
1227682845 1.0568
1227683146 1.0568
1227683447 1.0568
1227683749 1.05882
1227684050 1.05882
1227684351 1.06085
1227684652 1.06085
1227684954 1.06288
1227685255 1.06288
1227685556 1.06288
1227685857 1.06491
1227686159 1.06491
1227686459 1.06288
1227686761 1.06491
1227687062 1.06491
1227687363 1.06491
1227687665 1.06491
1227687966 1.06491
1227688267 1.06897
1227688568 1.06897
1227688869 1.06897
1227689171 1.06897
1227689472 1.07099
1227689773 1.07302
1227690074 1.07302
1227690376 1.07505
1227690677 1.07505
1227690978 1.07505
1227691279 1.07708
1227691580 1.07708
1227691881 1.07505
1227692183 1.07708
1227692484 1.07708
1227692785 1.07708
1227693086 1.07505
1227693388 1.07505
1227693689 1.07505
1227693990 1.07302
1227694291 1.07302
1227694592 1.07302
1227694894 1.07099
1227695195 1.06897
1227695496 1.06897
1227695798 1.06897
1227696399 1.06897
1227696701 1.06897
1227697002 1.06897
1227697303 1.06897
1227697604 1.06897
1227697906 1.06897
1227698207 1.06897
1227698508 1.06897
1227698809 1.06694
1227699110 1.06694
1227699412 1.06491
1227699713 1.06491
1227700014 1.06491
1227700316 1.06491
1227700617 1.06694
1227700918 1.06694
1227701219 1.06694
1227701520 1.06694
1227701821 1.06694
1227702123 1.06694
1227702424 1.06694
1227702725 1.06694
1227703026 1.06694
1227703327 1.06694
1227703629 1.06694
1227703930 1.06694
1227704231 1.06694
1227704533 1.06491
1227704834 1.06491
1227705135 1.06491
1227705436 1.06694
1227705737 1.06491
1227706039 1.06694
1227706340 1.06694
1227706641 1.06694
1227706942 1.06694
1227707243 1.06694
1227707545 1.06491
1227707846 1.06694
1227708147 1.06694
1227708448 1.06694
1227708750 1.06694
1227709051 1.06694
1227709352 1.06897
1227709653 1.06897
1227709954 1.06897
1227710256 1.06897
1227710557 1.06897
1227710858 1.07099
1227711159 1.07099
1227711460 1.07099
1227711762 1.07302
1227712063 1.07302
1227712364 1.07302
1227712665 1.07302
1227712967 1.07302
1227713268 1.07302
1227713569 1.07302
1227713870 1.07302
1227714172 1.07302
1227714473 1.07302
1227714774 1.07505
1227715075 1.07302
1227715376 1.07302
1227715678 1.07302
1227715979 1.07302
1227716280 1.07505
1227716581 1.07505
1227716882 1.07505
1227717184 1.07302
1227717485 1.07505
1227717786 1.07505
1227718088 1.07708
1227718389 1.07505
1227718690 1.07505
1227718991 1.07708
1227719293 1.07708
1227719594 1.07708
1227719895 1.07708
1227720196 1.07505
1227720497 1.07505
1227720799 1.07708
1227721100 1.07708
1227721401 1.07708
1227721702 1.07708
1227722004 1.07708
1227722305 1.07911
1227722606 1.07911
1227722907 1.07911
1227723209 1.07708
1227723510 1.07708
1227723811 1.07708
1227724112 1.07708
1227724413 1.07708
1227724714 1.07708
1227725016 1.07708
1227725317 1.07911
1227725618 1.08114
1227725919 1.07911
1227726221 1.08114
1227726522 1.07911
1227726823 1.08114
1227727124 1.07911
1227727425 1.07911
1227727727 1.07911
1227728028 1.07911
1227728329 1.07911
1227728630 1.07911
1227728932 1.07911
1227729233 1.07911
1227729534 1.07911
1227729835 1.08114
1227730136 1.07911
1227730438 1.08114
1227730739 1.08114
1227731040 1.08114
1227731341 1.08114
1227731642 1.08316
1227731944 1.08114
1227732245 1.08316
1227732546 1.08114
1227732847 1.08316
1227733148 1.08316
1227733450 1.08519
1227733751 1.08316
1227734052 1.08316
1227734354 1.08316
1227734654 1.08316
1227734956 1.08114
1227735257 1.08114
1227735558 1.08114
1227735859 1.08114
1227736161 1.08114
1227736462 1.08114
1227736763 1.08114
1227737064 1.07911
1227737365 1.07911
1227737667 1.08114
1227737968 1.08114
1227738269 1.08114
1227738570 1.08114
1227738871 1.08114
1227739173 1.08114
1227739474 1.07911
1227739775 1.07911
1227740076 1.07911
1227740378 1.07911
1227740678 1.07911
1227740980 1.07708
1227741281 1.07708
1227741883 1.07708
1227742184 1.07708
1227742486 1.07708
1227742787 1.07505
1227743088 1.07708
1227743389 1.07708
1227743690 1.07505
1227743991 1.07302
1227744593 1.07302
1227744895 1.07302
1227745196 1.07302
1227745497 1.07302
1227745798 1.07302
1227746099 1.07302
1227746702 1.07302
1227747003 1.07302
1227747304 1.07302
1227747605 1.07302
1227747907 1.07302
1227748208 1.07302
1227748509 1.07099
1227748810 1.07302
1227749111 1.07302
1227749413 1.07099
1227749714 1.07099
1227750015 1.07099
1227750316 1.07099
1227750617 1.07302
1227750919 1.07302
1227751220 1.07302
1227751521 1.07302
1227751822 1.07099
1227752124 1.07099
1227752425 1.07099
1227752726 1.07302
1227753027 1.07099
1227753329 1.07099
1227753630 1.07099
1227753931 1.07099
1227754232 1.07302
1227754533 1.07099
1227754835 1.06897
1227755136 1.06897
1227755437 1.06897
1227755738 1.06897
1227756039 1.06694
1227756341 1.06694
1227756642 1.06694
1227756943 1.06694
1227757244 1.06491
1227757545 1.06491
1227757847 1.06491
1227758148 1.06491
1227758449 1.06491
1227758750 1.06288
1227759051 1.06491
1227759353 1.06288
1227759654 1.06288
1227759955 1.06085
1227760257 1.06085
1227760558 1.06085
1227760859 1.06085
1227761160 1.06085
1227761461 1.06085
1227761762 1.06085
1227762064 1.06085
1227762365 1.06085
1227762666 1.06085
1227762967 1.06085
1227763269 1.06085
1227763570 1.06085
1227763871 1.06085
1227764172 1.06085
1227764474 1.05882
1227764774 1.05882
1227765076 1.05882
1227765377 1.05882
1227765678 1.05882
1227765980 1.05882
1227766280 1.05882
1227766582 1.05882
1227766883 1.0568
1227767184 1.0568
1227767485 1.0568
1227767787 1.0568
1227768088 1.05477
1227768389 1.05477
1227768691 1.0568
1227768991 1.05477
1227769293 1.05477
1227769594 1.05477
1227769895 1.05477
1227770197 1.05477
1227770498 1.05477
1227770799 1.05477
1227771100 1.05477
1227771401 1.05274
1227771703 1.05477
1227772004 1.05477
1227772305 1.05477
1227772606 1.05477
1227772907 1.05477
1227773209 1.05477
1227773510 1.05477
1227773811 1.05477
1227774112 1.05477
1227774414 1.05477
1227774715 1.05477
1227775317 1.05477
1227775618 1.05477
1227775919 1.05274
1227776221 1.05274
1227776522 1.05274
1227776823 1.05274
1227777124 1.05071
1227777425 1.05071
1227777727 1.05071
1227778028 1.04868
1227778329 1.04868
1227778630 1.04868
1227778932 1.04665
1227779233 1.04665
1227779534 1.04665
1227779835 1.04462
1227780137 1.04462
1227780438 1.0426
1227780739 1.0426
1227781040 1.04057
1227781341 1.04057
1227781643 1.03854
1227781944 1.03854
1227782245 1.03651
1227782546 1.03448
1227782847 1.03651
1227783149 1.03448
1227783450 1.03245
1227783751 1.03245
1227784052 1.03245
1227784354 1.03043
1227784655 1.03043
1227784956 1.0284
1227785558 1.0284
1227785859 1.0284
1227786161 1.0284
1227786462 1.0284
1227786763 1.0284
1227787064 1.0284
1227787365 1.02637
1227787667 1.02434
1227787968 1.02434
1227788269 1.02231
1227788570 1.02231
1227788871 1.02231
1227789173 1.02231
1227789474 1.02028
1227789775 1.02028
1227790076 1.02028
1227790378 1.02028
1227790679 1.01826
1227790980 1.01826
1227791281 1.01826
1227791582 1.01826
1227791884 1.01826
1227792185 1.01623
1227792486 1.01623
1227792787 1.01623
1227793089 1.01623
1227793390 1.01623
1227793992 1.0142
1227794293 1.0142
1227794594 1.01623
1227794895 1.0142
1227795197 1.0142
1227795498 1.0142
1227795799 1.0142
1227796101 1.0142
1227796402 1.0142
1227796703 1.0142
1227797004 1.0142
1227797305 1.0142
1227797607 1.01623
1227797908 1.01623
1227798209 1.01623
1227798510 1.01623
1227798811 1.01623
1227799113 1.01623
1227799414 1.01623
1227799715 1.01623
1227800016 1.01623
1227800318 1.01623
1227800619 1.01623
1227800920 1.01623
1227801221 1.01623
1227801522 1.01623
1227801824 1.01623
1227802125 1.01623
1227802426 1.01826
1227802727 1.01826
1227803029 1.01623
1227803330 1.01826
1227803631 1.01826
1227803932 1.01826
1227804233 1.01826
1227804535 1.01826
1227804836 1.01623
1227805137 1.01623
1227805438 1.01623
1227805740 1.01623
1227806041 1.0142
1227806342 1.01623
1227806643 1.01623
1227806944 1.01623
1227807246 1.01623
1227807547 1.0142
1227807848 1.01623
1227808149 1.0142
1227808451 1.0142
1227808752 1.0142
1227809053 1.0142
1227809354 1.01217
1227809656 1.0142
1227809957 1.01217
1227810258 1.01217
1227810559 1.01217
1227810860 1.01217
1227811162 1.01217
1227811463 1.01217
1227811764 1.01217
1227812065 1.01014
1227812367 1.01014
1227812668 1.01014
1227812969 1.01014
1227813270 1.00811
1227813571 1.00811
1227813873 1.00811
1227814174 1.00811
1227814776 1.00811
1227815378 1.00811
1227815679 1.00609
1227815981 1.00609
1227816282 1.00609
1227816583 1.00406
1227816884 1.00609
1227817185 1.00406
1227817487 1.00406
1227817788 1.00406
1227818089 1.00203
1227818390 1.00203
1227818691 1.00203
1227818993 1.00203
1227819294 1
1227819595 1.00203
1227819896 1.00203
1227820198 1.00203
1227820499 1
1227820800 1
1227821101 1
1227821402 1
1227821704 1
1227822005 0.997972
1227822306 0.997972
1227822607 0.995943
1227822909 0.995943
1227823210 0.997972
1227823511 0.995943
1227823812 0.995943
1227824113 0.993915
1227824414 0.993915
1227824716 0.991886
1227825017 0.993915
1227825318 0.993915
1227825619 0.993915
1227825920 0.991886
1227826222 0.993915
1227826523 0.991886
1227826824 0.991886
1227827426 0.989858
1227827727 0.989858
1227828028 0.989858
1227828330 0.98783
1227828631 0.98783
1227828932 0.98783
1227829233 0.985801
1227829535 0.985801
1227829836 0.985801
1227830137 0.985801
1227830438 0.983773
1227830740 0.983773
1227831041 0.983773
1227831342 0.983773
1227831643 0.981744
1227831944 0.983773
1227832246 0.981744
1227832547 0.979716
1227832848 0.981744
1227833149 0.979716
1227833450 0.979716
1227834053 0.977688
1227834353 0.977688
1227834655 0.975659
1227834956 0.977688
1227835257 0.975659
1227835559 0.975659
1227835860 0.975659
1227836161 0.975659
1227836462 0.975659
1227836763 0.973631
1227837065 0.973631
1227837366 0.971602
1227837667 0.971602
1227837968 0.969574
1227838270 0.969574
1227838571 0.969574
1227838872 0.967546
1227839173 0.969574
1227839474 0.967546
1227839776 0.967546
1227840077 0.967546
1227840378 0.965517
1227840679 0.963489
1227840980 0.963489
1227841282 0.963489
1227841583 0.963489
1227841884 0.96146
1227842185 0.96146
1227842487 0.963489
1227842788 0.963489
1227843089 0.963489
1227843390 0.963489
1227843691 0.963489
1227843993 0.963489
1227844294 0.96146
1227844595 0.959432
1227844896 0.96146
1227845197 0.959432
1227845499 0.959432
1227845800 0.959432
1227846101 0.957404
1227846403 0.957404
1227846704 0.957404
1227847005 0.957404
1227847306 0.957404
1227847608 0.957404
1227847909 0.955375
1227848210 0.955375
1227848511 0.955375
1227848812 0.953347
1227849114 0.951318
1227849415 0.951318
1227849716 0.951318
1227850017 0.951318
1227850318 0.951318
1227850619 0.951318
1227851222 0.947262
1227851523 0.947262
1227851824 0.945233
1227852125 0.947262
1227852426 0.947262
1227852728 0.945233
1227853029 0.945233
1227853330 0.943205
1227853631 0.941176
1227853932 0.941176
1227854234 0.939148
1227854535 0.939148
1227854836 0.939148
1227855137 0.941176
1227855439 0.941176
1227855740 0.939148
1227856041 0.939148
1227856342 0.939148
1227856644 0.939148
1227856945 0.939148
1227857246 0.93712
1227857547 0.93712
1227857848 0.93712
1227858150 0.935091
1227858451 0.935091
1227858752 0.933063
1227859054 0.931034
1227859354 0.931034
1227859656 0.931034
1227859957 0.931034
1227860258 0.926978
1227860560 0.926978
1227860861 0.926978
1227861162 0.926978
1227861463 0.924949
1227861764 0.926978
1227862367 0.922921
1227862668 0.922921
1227862969 0.922921
1227863270 0.920892
1227863571 0.920892
1227863873 0.918864
1227864174 0.916836
1227864475 0.914807
1227864776 0.912779
1227865078 0.910751
1227865680 0.908722
1227865981 0.908722
1227866282 0.906694
1227866584 0.904665
1227866885 0.902637
1227867186 0.902637
1227867487 0.900609
1227867788 0.900609
1227868089 0.89858
1227868391 0.89858
1227868692 0.896552
1227868993 0.894523
1227869294 0.892495
1227869596 0.890467
1227869897 0.888438
1227870198 0.890467
1227870499 0.88641
1227870801 0.88641
1227871102 0.884381
1227871403 0.884381
1227871704 0.884381
1227872006 0.882353
1227872307 0.880325
1227872608 0.880325
1227872909 0.878296
1227873210 0.878296
1227873512 0.876268
1227873813 0.874239
1227874114 0.874239
1227874415 0.874239
1227874717 0.872211
1227875018 0.870183
1227875319 0.870183
1227875620 0.868154
1227875922 0.868154
1227876223 0.866126
1227876524 0.866126
1227876825 0.866126
1227877126 0.862069
1227877428 0.862069
1227877729 0.862069
1227878030 0.860041
1227878331 0.858012
1227878633 0.855984
1227878934 0.853955
1227879235 0.853955
1227879536 0.851927
1227879838 0.851927
1227880139 0.849899
1227880440 0.849899
1227880741 0.849899
1227881042 0.849899
1227881344 0.849899
1227881645 0.849899
1227881946 0.84787
1227882247 0.84787
1227882549 0.845842
1227882850 0.845842
1227883151 0.843813
1227883452 0.843813
1227883753 0.843813
1227884055 0.841785
1227884356 0.841785
1227884657 0.841785
1227884959 0.839757
1227885260 0.839757
1227885561 0.837728
1227885862 0.837728
1227886163 0.837728
1227886465 0.837728
1227886766 0.837728
1227887067 0.837728
1227887368 0.8357
1227887669 0.8357
1227887971 0.8357
1227888272 0.8357
1227888573 0.833671
1227888874 0.833671
1227889176 0.833671
1227889477 0.833671
1227889778 0.833671
1227890079 0.831643
1227890381 0.831643
1227890682 0.829615
1227890983 0.829615
1227891284 0.827586
1227891586 0.827586
1227891887 0.827586
1227892188 0.825558
1227892489 0.825558
1227892790 0.825558
1227893092 0.825558
1227893393 0.823529
1227893694 0.823529
1227893995 0.823529
1227894297 0.821501
1227894598 0.821501
1227894899 0.821501
1227895200 0.819473
1227895501 0.819473
1227895803 0.819473
1227896104 0.817444
1227896405 0.815416
1227896707 0.813387
1227897008 0.815416
1227897309 0.815416
1227897610 0.813387
1227897911 0.813387
1227898213 0.813387
1227898514 0.813387
1227898815 0.811359
1227899116 0.813387
1227899417 0.811359
1227899719 0.809331
1227900020 0.809331
1227900321 0.809331
1227900622 0.809331
1227900924 0.807302
1227901225 0.807302
1227901526 0.805274
1227902128 0.805274
1227902429 0.805274
1227902731 0.801217
1227903032 0.805274
1227903333 0.801217
1227903634 0.801217
1227903936 0.801217
1227904237 0.801217
1227904538 0.801217
1227904839 0.801217
1227905141 0.801217
1227905442 0.801217
1227905743 0.803245
1227906044 0.803245
1227906345 0.803245
1227906647 0.803245
1227906948 0.805274
1227907249 0.805274
1227907550 0.803245
1227907852 0.803245
1227908153 0.805274
1227908454 0.805274
1227908755 0.805274
1227909056 0.807302
1227909357 0.809331
1227909659 0.807302
1227909960 0.807302
1227910261 0.807302
1227910563 0.807302
1227910864 0.807302
1227911165 0.809331
1227911466 0.811359
1227911767 0.809331
1227912069 0.809331
1227912370 0.811359
1227912671 0.811359
1227912972 0.811359
1227913274 0.811359
1227913575 0.809331
1227913876 0.811359
1227914177 0.811359
1227914479 0.811359
1227914780 0.813387
1227915081 0.813387
1227915383 0.813387
1227915684 0.813387
1227915986 0.813387
1227916287 0.811359
1227916588 0.813387
1227916889 0.813387
1227917191 0.811359
1227917492 0.811359
1227917793 0.811359
1227918094 0.813387
1227918396 0.811359
1227918697 0.813387
1227918998 0.813387
1227919300 0.813387
1227919601 0.811359
1227919902 0.813387
1227920203 0.813387
1227920504 0.813387
1227920805 0.813387
1227921107 0.813387
1227921408 0.813387
1227921709 0.813387
1227922010 0.813387
1227922312 0.813387
1227922613 0.815416
1227922914 0.813387
1227923215 0.815416
1227923516 0.815416
1227923818 0.815416
1227924119 0.813387
1227924421 0.815416
1227924722 0.815416
1227925023 0.815416
1227925324 0.815416
1227925625 0.817444
1227925927 0.817444
1227926228 0.817444
1227926529 0.819473
1227926830 0.819473
1227927131 0.817444
1227927433 0.819473
1227927734 0.821501
1227928035 0.819473
1227928337 0.819473
1227928638 0.817444
1227928940 0.819473
1227929241 0.817444
1227929542 0.817444
1227929843 0.817444
1227930145 0.817444
1227930446 0.817444
1227930747 0.817444
1227931048 0.817444
1227931350 0.817444
1227931651 0.815416
1227931952 0.815416
1227932253 0.815416
1227932554 0.815416
1227932856 0.815416
1227933157 0.815416
1227933458 0.813387
1227933759 0.813387
1227934061 0.815416
1227934362 0.815416
1227934663 0.815416
1227934964 0.817444
1227935265 0.815416
1227935567 0.815416
1227935868 0.815416
1227936169 0.817444
1227936470 0.817444
1227936771 0.817444
1227937073 0.817444
1227937374 0.819473
1227937675 0.817444
1227937976 0.819473
1227938277 0.819473
1227938579 0.821501
1227938880 0.821501
1227939181 0.821501
1227939482 0.821501
1227939784 0.821501
1227940085 0.821501
1227940386 0.823529
1227940687 0.823529
1227940988 0.821501
1227941290 0.821501
1227941591 0.823529
1227941892 0.823529
1227942193 0.823529
1227942495 0.823529
1227942796 0.825558
1227943097 0.827586
1227943398 0.829615
1227943699 0.829615
1227944001 0.829615
1227944302 0.829615
1227944603 0.829615
1227944904 0.829615
1227945206 0.831643
1227945507 0.831643
1227945808 0.831643
1227946109 0.831643
1227946410 0.831643
1227946712 0.829615
1227947013 0.831643
1227947314 0.831643
1227947615 0.831643
1227947916 0.831643
1227948218 0.833671
1227948519 0.833671
1227948820 0.831643
1227949122 0.831643
1227949423 0.831643
1227949724 0.831643
1227950025 0.831643
1227950326 0.831643
1227950627 0.831643
1227950929 0.831643
1227951230 0.831643
1227951531 0.831643
1227951832 0.829615
1227952133 0.829615
1227952435 0.829615
1227952736 0.829615
1227953037 0.829615
1227953339 0.829615
1227953640 0.829615
1227953941 0.827586
1227954242 0.827586
1227954544 0.825558
1227954845 0.827586
1227955146 0.827586
1227955447 0.827586
1227955748 0.827586
1227956049 0.829615
1227956351 0.825558
1227956652 0.825558
1227956953 0.825558
1227957254 0.825558
1227957555 0.825558
1227957857 0.823529
1227958158 0.825558
1227958459 0.825558
1227958760 0.825558
1227959062 0.825558
1227959363 0.825558
1227959664 0.825558
1227959965 0.825558
1227960266 0.827586
1227960568 0.825558
1227960869 0.825558
1227961471 0.825558
1227961772 0.825558
1227962073 0.825558
1227962374 0.825558
1227962676 0.823529
1227962977 0.823529
1227963278 0.823529
1227963579 0.823529
1227963881 0.821501
1227964182 0.821501
1227964483 0.821501
1227964784 0.821501
1227965085 0.821501
1227965387 0.821501
1227965688 0.821501
1227965989 0.821501
1227966291 0.821501
1227966591 0.821501
1227966893 0.821501
1227967194 0.821501
1227967495 0.821501
1227967796 0.821501
1227968098 0.821501
1227968399 0.823529
1227968700 0.823529
1227969001 0.823529
1227969303 0.825558
1227969604 0.823529
1227969905 0.823529
1227970206 0.825558
1227970508 0.823529
1227970809 0.823529
1227971110 0.823529
1227971411 0.823529
1227971712 0.823529
1227972014 0.825558
1227972315 0.823529
1227972616 0.825558
1227972917 0.823529
1227973219 0.825558
1227973520 0.825558
1227973821 0.825558
1227974423 0.827586
1227974724 0.827586
1227975026 0.825558
1227975327 0.823529
1227975628 0.825558
1227975929 0.825558
1227976231 0.825558
1227976532 0.825558
1227976833 0.827586
1227977134 0.829615
1227977436 0.829615
1227977737 0.829615
1227978038 0.829615
1227978339 0.827586
1227978640 0.829615
1227978942 0.829615
1227979243 0.829615
1227979544 0.829615
1227979845 0.829615
1227980146 0.829615
1227980448 0.829615
1227980749 0.827586
1227981050 0.825558
1227981351 0.827586
1227981653 0.825558
1227981954 0.827586
1227982255 0.827586
1227982556 0.827586
1227982857 0.827586
1227983159 0.825558
1227983460 0.825558
1227983761 0.825558
1227984062 0.825558
1227984364 0.825558
1227984665 0.825558
1227984966 0.825558
1227985267 0.825558
1227985568 0.825558
1227986171 0.825558
1227986472 0.823529
1227986773 0.821501
1227987074 0.821501
1227987376 0.821501
1227987677 0.819473
1227987978 0.821501
1227988279 0.821501
1227988581 0.819473
1227988882 0.821501
1227989183 0.819473
1227989484 0.819473
1227989786 0.819473
1227990087 0.821501
1227990388 0.821501
1227990689 0.821501
1227990991 0.819473
1227991292 0.817444
1227991593 0.817444
1227991894 0.817444
1227992195 0.819473
1227992497 0.819473
1227992798 0.817444
1227993099 0.815416
1227993401 0.815416
1227993702 0.813387
1227994003 0.813387
1227994304 0.811359
1227994606 0.813387
1227994907 0.813387
1227995208 0.811359
1227995509 0.809331
1227995810 0.809331
1227996112 0.809331
1227996413 0.807302
1227996714 0.805274
1227997015 0.805274
1227997317 0.805274
1227997617 0.805274
1227997919 0.805274
1227998220 0.803245
1227998521 0.803245
1227998822 0.803245
1227999124 0.803245
1227999425 0.803245
1227999726 0.803245
1228000027 0.801217
1228000329 0.801217
1228000630 0.801217
1228000931 0.801217
1228001233 0.799189
1228001534 0.799189
1228001835 0.79716
1228002137 0.79716
1228002438 0.795132
1228002739 0.795132
1228003041 0.793103
1228003342 0.791075
1228003643 0.791075
1228003944 0.791075
1228004246 0.791075
1228004547 0.789047
1228004848 0.789047
1228005149 0.789047
1228005450 0.787018
1228005752 0.789047
1228006053 0.789047
1228006354 0.789047
1228006655 0.789047
1228006956 0.789047
1228007258 0.789047
1228007559 0.789047
1228007860 0.789047
1228008162 0.789047
1228008463 0.789047
1228008764 0.791075
1228009065 0.791075
1228009366 0.791075
1228009667 0.791075
1228009969 0.793103
1228010270 0.793103
1228010571 0.793103
1228010873 0.793103
1228011174 0.795132
1228011475 0.795132
1228011776 0.791075
1228012078 0.789047
1228012379 0.787018
1228012680 0.787018
1228012982 0.78499
1228013283 0.78499
1228013584 0.78499
1228013885 0.782961
1228014186 0.78499
1228014488 0.78499
1228014789 0.780933
1228015090 0.782961
1228015391 0.787018
1228015693 0.787018
1228015993 0.78499
1228016295 0.787018
1228016596 0.78499
1228016897 0.78499
1228017199 0.78499
1228017500 0.787018
1228017801 0.782961
1228018102 0.782961
1228018404 0.78499
1228018704 0.78499
1228019006 0.78499
1228019307 0.78499
1228019608 0.782961
1228019909 0.782961
1228020211 0.778905
1228020512 0.780933
1228020813 0.778905
1228021114 0.776876
1228021416 0.778905
1228021717 0.780933
1228022018 0.78499
1228022319 0.787018
1228022620 0.789047
1228022921 0.793103
1228023223 0.795132
1228023524 0.79716
1228023825 0.79716
1228024126 0.795132
1228024728 0.79716
1228025029 0.79716
1228025331 0.795132
1228025632 0.793103
1228025933 0.795132
1228026234 0.795132
1228026536 0.799189
1228026837 0.79716
1228027138 0.79716
