1227136087 963.0
1227136248 963.0
1227136248 963.0
1227136248 963.0
1227136248 963.0
1227136248 963.0
1227136248 963.0
1227136571 963.0
1227136894 963.0
1227137217 963.0
1227137379 963.0
1227137702 963.0
1227138025 963.0
1227138348 963.0
1227138671 963.0
1227138994 963.0
1227139317 963.0
1227139640 963.0
1227139801 963.0
1227140124 963.0
1227140447 963.0
1227140770 962.0
1227141093 962.0
1227141416 962.0
1227141416 962.0
1227141416 962.0
1227141416 962.0
1227141416 962.0
1227141416 962.0
1227141416 962.0
1227141416 962.0
1227141416 962.0
1227141416 962.0
1227141416 962.0
1227141416 962.0
1227141416 962.0
1227141416 962.0
1227141416 962.0
1227141416 962.0
1227141416 962.0
1227141416 962.0
1227141416 962.0
1227141416 962.0
1227141416 962.0
1227141416 962.0
1227141416 962.0
1227141416 962.0
1227141416 962.0
1227141416 962.0
1227141416 962.0
1227141416 962.0
1227141416 962.0
1227141416 962.0
1227141416 962.0
1227141416 962.0
1227141416 962.0
1227141416 962.0
1227141416 962.0
1227141416 962.0
1227141416 962.0
1227141416 962.0
1227141416 962.0
1227141416 962.0
1227141416 962.0
1227141416 962.0
1227141416 962.0
1227141416 962.0
1227141416 962.0
1227141416 962.0
1227141416 962.0
1227141416 962.0
1227141416 962.0
1227141416 962.0
1227141416 962.0
1227141416 962.0
1227141416 962.0
1227141416 962.0
1227141416 962.0
1227141416 962.0
1227141416 962.0
1227141416 962.0
1227141416 962.0
1227141416 962.0
1227141416 962.0
1227141416 962.0
1227141416 962.0
1227141416 962.0
1227141416 962.0
1227141416 962.0
1227141416 962.0
1227141416 962.0
1227141416 962.0
1227141416 962.0
1227141416 962.0
1227141416 962.0
1227141416 962.0
1227141416 962.0
1227141416 962.0
1227141416 962.0
1227141416 962.0
1227141416 962.0
1227141416 962.0
1227141416 962.0
1227141416 962.0
1227141416 962.0
1227141416 962.0
1227141416 962.0
1227141416 962.0
1227141416 962.0
1227141416 962.0
1227141416 962.0
1227141416 962.0
1227141416 962.0
1227141416 962.0
1227141416 962.0
1227141416 962.0
1227141416 962.0
1227141416 962.0
1227141416 962.0
1227141416 962.0
1227141416 962.0
1227141416 962.0
1227141416 962.0
1227141416 962.0
1227141416 962.0
1227141416 962.0
1227141416 962.0
1227141416 962.0
1227141416 962.0
1227141416 962.0
1227141416 962.0
1227141416 962.0
1227141416 962.0
1227141416 962.0
1227141416 962.0
1227141416 962.0
1227141416 962.0
1227141416 962.0
1227141416 962.0
1227141416 962.0
1227141416 962.0
1227141416 962.0
1227141416 962.0
1227141416 962.0
1227141416 962.0
1227141416 962.0
1227141416 962.0
1227141416 962.0
1227141416 962.0
1227141416 962.0
1227141416 962.0
1227141416 962.0
1227141416 962.0
1227141416 962.0
1227141416 962.0
1227141416 962.0
1227141416 962.0
1227141416 962.0
1227141416 962.0
1227141416 962.0
1227141416 962.0
1227141416 962.0
1227141416 962.0
1227141416 962.0
1227141416 962.0
1227141416 962.0
1227141416 962.0
1227141416 962.0
1227141416 962.0
1227141416 962.0
1227141416 962.0
1227141416 962.0
1227141416 962.0
1227141416 962.0
1227141416 962.0
1227141416 962.0
1227141416 962.0
1227141416 962.0
1227141416 962.0
1227141416 962.0
1227141416 962.0
1227141416 962.0
1227141416 962.0
1227141416 962.0
1227141416 962.0
1227141416 962.0
1227141416 962.0
1227141416 962.0
1227141416 962.0
1227141416 962.0
1227141416 962.0
1227141416 962.0
1227141416 962.0
1227141416 962.0
1227141416 962.0
1227141416 962.0
1227141416 962.0
1227141416 962.0
1227141416 962.0
1227141416 962.0
1227141416 962.0
1227141416 962.0
1227141416 962.0
1227141416 962.0
1227141416 962.0
1227141416 962.0
1227141416 962.0
1227141416 962.0
1227141416 962.0
1227141416 962.0
1227141416 962.0
1227141416 962.0
1227141416 962.0
1227141416 962.0
1227141416 962.0
1227141416 962.0
1227141416 962.0
1227141416 962.0
1227141416 962.0
1227141416 962.0
1227141416 962.0
1227141416 962.0
1227141416 962.0
1227141416 962.0
1227141416 962.0
1227141416 962.0
1227141416 962.0
1227141416 962.0
1227141416 962.0
1227141416 962.0
1227141416 962.0
1227141416 962.0
1227141416 962.0
1227141416 962.0
1227141416 962.0
1227141416 962.0
1227141416 962.0
1227141416 962.0
1227141416 962.0
1227141416 962.0
1227141416 962.0
1227141416 962.0
1227141416 962.0
1227141416 962.0
1227141416 962.0
1227141416 962.0
1227141416 962.0
1227141416 962.0
1227141416 962.0
1227141416 962.0
1227141416 962.0
1227141416 962.0
1227141416 962.0
1227141416 962.0
1227141416 962.0
1227141416 962.0
1227141416 962.0
1227141416 962.0
1227141416 962.0
1227141416 962.0
1227141416 962.0
1227141416 962.0
1227141416 962.0
1227141416 962.0
1227141416 962.0
1227141416 962.0
1227141416 962.0
1227141416 962.0
1227141416 962.0
1227141416 962.0
1227141416 962.0
1227141416 962.0
1227141416 962.0
1227141416 962.0
1227141416 962.0
1227141416 962.0
1227141416 962.0
1227141416 962.0
1227141416 962.0
1227141416 962.0
1227141416 962.0
1227141416 962.0
1227141416 962.0
1227141416 962.0
1227141416 962.0
1227141416 962.0
1227141416 962.0
1227141416 962.0
1227141416 962.0
1227141416 962.0
1227141416 962.0
1227141416 962.0
1227141416 962.0
1227141416 962.0
1227141416 962.0
1227141416 962.0
1227141416 962.0
1227141416 962.0
1227141416 962.0
1227141416 962.0
1227141416 962.0
1227141416 962.0
1227141416 962.0
1227141416 962.0
1227141416 962.0
1227141416 962.0
1227141416 962.0
1227141416 962.0
1227141416 962.0
1227141416 962.0
1227141416 962.0
1227141416 962.0
1227141416 962.0
1227141416 962.0
1227141416 962.0
1227141416 962.0
1227141416 962.0
1227141416 962.0
1227141416 962.0
1227141416 962.0
1227141416 962.0
1227141416 962.0
1227141416 962.0
1227141416 962.0
1227141416 962.0
1227141416 962.0
1227141416 962.0
1227141416 962.0
1227141416 962.0
1227141416 962.0
1227141416 962.0
1227141416 962.0
1227141416 962.0
1227141416 962.0
1227141416 962.0
1227141416 962.0
1227141416 962.0
1227141416 962.0
1227141416 962.0
1227141416 962.0
1227141416 962.0
1227141416 962.0
1227141416 962.0
1227141416 962.0
1227141416 962.0
1227141416 962.0
1227141416 962.0
1227141416 962.0
1227141416 962.0
1227141416 962.0
1227141416 962.0
1227141416 962.0
1227141416 962.0
1227141416 962.0
1227141416 962.0
1227141416 962.0
1227141416 962.0
1227141416 962.0
1227141416 962.0
1227141416 962.0
1227141416 962.0
1227141416 962.0
1227141416 962.0
1227141416 962.0
1227141416 962.0
1227141416 962.0
1227141416 962.0
1227141416 962.0
1227141416 962.0
1227141416 962.0
1227141416 962.0
1227141416 962.0
1227141416 962.0
1227141416 962.0
1227141416 962.0
1227141416 962.0
1227141416 962.0
1227141416 962.0
1227141416 962.0
1227141416 962.0
1227141416 962.0
1227141416 962.0
1227141416 962.0
1227141416 962.0
1227141416 962.0
1227141416 962.0
1227141416 962.0
1227141416 962.0
1227141416 962.0
1227141416 962.0
1227141416 962.0
1227141416 962.0
1227141416 962.0
1227141416 962.0
1227141416 962.0
1227141416 962.0
1227141416 962.0
1227141416 962.0
1227141416 962.0
1227141416 962.0
1227141416 962.0
1227141416 962.0
1227141416 962.0
1227141416 962.0
1227141416 962.0
1227141416 962.0
1227141416 962.0
1227141416 962.0
1227141416 962.0
1227141416 962.0
1227141416 962.0
1227141416 962.0
1227141416 962.0
1227141416 962.0
1227141416 962.0
1227141416 962.0
1227141416 962.0
1227141416 962.0
1227141416 962.0
1227141416 962.0
1227141416 962.0
1227141416 962.0
1227141416 962.0
1227141416 962.0
1227141416 962.0
1227141416 962.0
1227141416 962.0
1227141416 962.0
1227141416 962.0
1227141416 962.0
1227141416 962.0
1227141416 962.0
1227141416 962.0
1227141416 962.0
1227141416 962.0
1227141416 962.0
1227141416 962.0
1227141416 962.0
1227141416 962.0
1227141416 962.0
1227141416 962.0
1227141416 962.0
1227141416 962.0
1227141416 962.0
1227141416 962.0
1227141416 962.0
1227141416 962.0
1227141416 962.0
1227141416 962.0
1227141416 962.0
1227141416 962.0
1227141416 962.0
1227141416 962.0
1227141416 962.0
1227141416 962.0
1227141416 962.0
1227141416 962.0
1227141416 962.0
1227141416 962.0
1227141416 962.0
1227141416 962.0
1227141416 962.0
1227141416 962.0
1227141416 962.0
1227141416 962.0
1227141416 962.0
1227141416 962.0
1227141416 962.0
1227141416 962.0
1227141416 962.0
1227141416 962.0
1227141416 962.0
1227141416 962.0
1227141416 962.0
1227141416 962.0
1227141416 962.0
1227141416 962.0
1227141416 962.0
1227141416 962.0
1227141416 962.0
1227141416 962.0
1227141416 962.0
1227141416 962.0
1227141416 962.0
1227141416 962.0
1227141416 962.0
1227141416 962.0
1227141416 962.0
1227141416 962.0
1227141416 962.0
1227141416 962.0
1227141416 962.0
1227141416 962.0
1227141416 962.0
1227141416 962.0
1227141416 962.0
1227141416 962.0
1227141416 962.0
1227141416 962.0
1227141416 962.0
1227141416 962.0
1227141416 962.0
1227141416 962.0
1227141416 962.0
1227141416 962.0
1227141416 962.0
1227141416 962.0
1227141416 962.0
1227141416 962.0
1227141416 962.0
1227141416 962.0
1227141416 962.0
1227141416 962.0
1227141416 962.0
1227141416 962.0
1227141416 962.0
1227141416 962.0
1227141416 962.0
1227141416 962.0
1227141416 962.0
1227141416 962.0
1227141416 962.0
1227141416 962.0
1227141416 962.0
1227141416 962.0
1227141416 962.0
1227141416 962.0
1227141416 962.0
1227141416 962.0
1227141416 962.0
1227141416 962.0
1227141416 962.0
1227141416 962.0
1227141416 962.0
1227141416 962.0
1227141416 962.0
1227141416 962.0
1227141416 962.0
1227141416 962.0
1227141416 962.0
1227141416 962.0
1227141416 962.0
1227141416 962.0
1227141416 962.0
1227141416 962.0
1227141416 962.0
1227141416 962.0
1227141416 962.0
1227141416 962.0
1227141416 962.0
1227141416 962.0
1227141416 962.0
1227141416 962.0
1227141416 962.0
1227141416 962.0
1227141416 962.0
1227141416 962.0
1227141416 962.0
1227141416 962.0
1227141416 962.0
1227141416 962.0
1227141416 962.0
1227141416 962.0
1227141416 962.0
1227141416 962.0
1227141416 962.0
1227141416 962.0
1227141416 962.0
1227141416 962.0
1227141416 962.0
1227141416 962.0
1227467194 942.0
1227467356 942.0
1227467679 942.0
1227468002 942.0
1227468325 942.0
1227468648 942.0
1227468971 941.0
1227469132 941.0
1227469455 941.0
1227469778 941.0
1227470101 941.0
1227470424 941.0
1227470747 940.0
1227471070 940.0
1227471393 940.0
1227471555 940.0
1227471878 940.0
1227472201 940.0
1227472524 940.0
1227472847 940.0
1227473170 940.0
1227473493 939.0
1227473654 939.0
1227473977 939.0
1227474300 939.0
1227474623 939.0
1227474946 939.0
1227475269 939.0
1227475592 939.0
1227475754 939.0
1227476077 939.0
1227476400 939.0
1227476723 939.0
1227477046 939.0
1227477369 939.0
1227477692 939.0
1227477853 939.0
1227478176 939.0
1227478499 938.0
1227478822 938.0
1227479145 938.0
1227479468 937.0
1227479791 937.0
1227480114 937.0
1227480276 937.0
1227480599 937.0
1227480922 937.0
1227481245 936.0
1227481568 936.0
1227481891 936.0
1227482214 936.0
1227482375 936.0
1227482698 936.0
1227483021 935.0
1227483344 935.0
1227483667 935.0
1227483990 935.0
1227484313 935.0
1227484475 935.0
1227484798 935.0
1227485121 935.0
1227485444 935.0
1227485767 935.0
1227486090 935.0
1227486413 935.0
1227486574 935.0
1227486897 935.0
1227487220 935.0
1227487543 935.0
1227487866 935.0
1227488189 935.0
1227488512 935.0
1227488835 935.0
1227488997 935.0
1227489320 935.0
1227489643 935.0
1227489966 935.0
1227490289 935.0
1227490612 935.0
1227490935 935.0
1227491096 935.0
1227491419 935.0
1227491742 935.0
1227492065 935.0
1227492388 935.0
1227492711 935.0
1227493034 935.0
1227493196 935.0
1227493519 935.0
1227493842 935.0
1227494165 935.0
1227494488 935.0
1227494811 935.0
1227495134 935.0
1227495295 935.0
1227495618 935.0
1227495941 935.0
1227496264 935.0
1227496587 935.0
1227496910 935.0
1227497233 935.0
1227497556 935.0
1227497718 935.0
1227498041 935.0
1227498364 935.0
1227498687 935.0
1227499010 935.0
1227499333 935.0
1227499656 935.0
1227499817 935.0
1227500140 935.0
1227500463 935.0
1227500786 935.0
1227501109 935.0
1227501432 935.0
1227501755 935.0
1227501917 935.0
1227502240 935.0
1227502563 935.0
1227502886 935.0
1227503209 936.0
1227503532 936.0
1227503855 936.0
1227504016 936.0
1227504339 936.0
1227504662 936.0
1227504985 936.0
1227505308 936.0
1227505631 936.0
1227505954 936.0
1227506277 936.0
1227506439 936.0
1227506762 936.0
1227507085 936.0
1227507408 936.0
1227507731 936.0
1227508054 936.0
1227508377 936.0
1227508538 936.0
1227508861 936.0
1227509023 936.0
1227509507 936.0
1227509830 937.0
1227510153 937.0
1227510476 937.0
1227510638 937.0
1227510961 937.0
1227511284 937.0
1227511607 937.0
1227511930 937.0
1227512253 937.0
1227512576 937.0
1227512737 937.0
1227513060 937.0
1227513383 938.0
1227513706 938.0
1227514029 938.0
1227514352 938.0
1227514675 938.0
1227514998 938.0
1227515160 938.0
1227515483 938.0
1227515806 938.0
1227516129 938.0
1227516452 938.0
1227516775 938.0
1227517098 938.0
1227517259 938.0
1227517582 938.0
1227517905 938.0
1227518228 938.0
1227518551 938.0
1227518874 938.0
1227519197 938.0
1227519359 938.0
1227519682 938.0
1227520005 938.0
1227520328 938.0
1227520651 938.0
1227520974 938.0
1227521297 938.0
1227521458 938.0
1227521781 938.0
1227522104 938.0
1227522427 938.0
1227522750 938.0
1227523073 938.0
1227523396 938.0
1227523719 938.0
1227523881 938.0
1227524204 938.0
1227524527 938.0
1227524850 938.0
1227525173 938.0
1227525496 938.0
1227525819 938.0
1227525980 938.0
1227526303 938.0
1227526626 938.0
1227526949 938.0
1227527272 938.0
1227527595 938.0
1227527918 938.0
1227528080 938.0
1227528403 938.0
1227528726 938.0
1227529049 938.0
1227529372 938.0
1227529695 938.0
1227530018 938.0
1227530179 938.0
1227530502 939.0
1227530825 939.0
1227531148 939.0
1227531471 939.0
1227531794 939.0
1227532117 939.0
1227532440 939.0
1227532602 939.0
1227532925 939.0
1227533248 939.0
1227533571 939.0
1227533894 939.0
1227534217 939.0
1227534540 939.0
1227534701 939.0
1227535024 939.0
1227535347 939.0
1227535670 939.0
1227535993 939.0
1227536316 939.0
1227536639 939.0
1227536801 939.0
1227537124 939.0
1227537447 939.0
1227537770 939.0
1227538093 939.0
1227538416 939.0
1227538739 939.0
1227538900 939.0
1227539223 939.0
1227539546 939.0
1227539869 939.0
1227540192 939.0
1227540515 939.0
1227540838 940.0
1227541161 940.0
1227541323 940.0
1227541646 940.0
1227541969 940.0
1227542292 940.0
1227542615 940.0
1227542938 940.0
1227543261 940.0
1227543422 940.0
1227543745 940.0
1227544068 940.0
1227544391 941.0
1227544714 941.0
1227545037 941.0
1227545360 941.0
1227545522 941.0
1227545845 941.0
1227546168 941.0
1227546491 941.0
1227546814 941.0
1227547137 941.0
1227547460 941.0
1227547621 941.0
1227547944 941.0
1227548267 941.0
1227548590 941.0
1227548913 942.0
1227549236 942.0
1227549559 942.0
1227549882 942.0
1227550044 942.0
1227550367 942.0
1227550690 942.0
1227551013 942.0
1227551336 942.0
1227551659 942.0
1227551982 942.0
1227552143 942.0
1227552466 942.0
1227552789 942.0
1227553112 942.0
1227553435 943.0
1227553758 943.0
1227554081 943.0
1227554243 943.0
1227554566 943.0
1227554889 943.0
1227555212 943.0
1227555535 943.0
1227555857 943.0
1227556180 943.0
1227556342 943.0
1227556665 943.0
1227556988 943.0
1227557311 943.0
1227557634 943.0
1227557957 943.0
1227558280 943.0
1227558603 943.0
1227558764 943.0
1227559087 943.0
1227559410 943.0
1227559733 943.0
1227560056 943.0
1227560379 943.0
1227560702 943.0
1227560864 943.0
1227561187 943.0
1227561510 943.0
1227561833 943.0
1227562156 944.0
1227562479 944.0
1227562802 944.0
1227562963 944.0
1227563286 944.0
1227563609 944.0
1227563932 944.0
1227564255 944.0
1227564578 944.0
1227564901 944.0
1227565063 944.0
1227565386 944.0
1227565709 944.0
1227566032 944.0
1227566355 944.0
1227566678 944.0
1227567001 945.0
1227567324 945.0
1227567485 945.0
1227567808 945.0
1227568131 945.0
1227568454 945.0
1227568777 945.0
1227569100 945.0
1227569423 945.0
1227569585 945.0
1227569908 945.0
1227570231 945.0
1227570554 945.0
1227570877 945.0
1227571200 945.0
1227571361 945.0
1227571684 945.0
1227572007 945.0
1227572330 945.0
1227572653 945.0
1227572976 945.0
1227573299 945.0
1227573622 945.0
1227573784 945.0
1227574107 945.0
1227574430 945.0
1227574753 945.0
1227575076 945.0
1227575399 946.0
1227575722 946.0
1227576045 946.0
1227576206 946.0
1227576529 946.0
1227576852 946.0
1227577175 946.0
1227577498 946.0
1227577821 946.0
1227578144 946.0
1227578306 946.0
1227578629 946.0
1227578952 946.0
1227579275 946.0
1227579598 946.0
1227579921 946.0
1227580244 946.0
1227580405 946.0
1227580728 946.0
1227581051 946.0
1227581374 946.0
1227581697 946.0
1227582020 947.0
1227582343 947.0
1227582505 947.0
1227582828 947.0
1227583151 947.0
1227583474 947.0
1227583797 947.0
1227584120 947.0
1227584443 947.0
1227584604 947.0
1227584927 947.0
1227585250 947.0
1227585573 948.0
1227585896 948.0
1227586219 948.0
1227586542 948.0
1227586865 948.0
1227587027 948.0
1227587350 948.0
1227587673 948.0
1227587996 948.0
1227588319 948.0
1227588642 948.0
1227588965 948.0
1227589126 948.0
1227589449 948.0
1227589772 948.0
1227590095 948.0
1227590418 948.0
1227590741 948.0
1227591064 948.0
1227591226 948.0
1227591549 948.0
1227591872 948.0
1227592195 949.0
1227592518 949.0
1227592841 949.0
1227593164 949.0
1227593487 949.0
1227593648 949.0
1227593971 949.0
1227594294 949.0
1227594617 949.0
1227594940 949.0
1227595263 949.0
1227595586 949.0
1227595748 949.0
1227596071 950.0
1227596394 950.0
1227596717 950.0
1227597040 950.0
1227597363 950.0
1227597686 950.0
1227597847 950.0
1227598170 950.0
1227598493 950.0
1227598816 950.0
1227599139 950.0
1227599462 950.0
1227599785 950.0
1227599947 950.0
1227600270 950.0
1227600593 951.0
1227600916 951.0
1227601239 951.0
1227601562 951.0
1227601885 951.0
1227602208 951.0
1227602369 951.0
1227602692 951.0
1227603015 951.0
1227603338 951.0
1227603661 951.0
1227603984 951.0
1227604307 951.0
1227604469 951.0
1227604792 952.0
1227605115 952.0
1227605438 952.0
1227605761 952.0
1227606084 952.0
1227606407 952.0
1227606568 952.0
1227606891 952.0
1227607214 952.0
1227607537 952.0
1227607860 952.0
1227608183 952.0
1227608506 952.0
1227608668 952.0
1227608991 952.0
1227609314 952.0
1227609637 952.0
1227609960 952.0
1227610283 953.0
1227610606 953.0
1227610929 953.0
1227611090 953.0
1227611413 953.0
1227611736 953.0
1227612059 953.0
1227612382 953.0
1227612705 953.0
1227613028 953.0
1227613190 953.0
1227613513 953.0
1227613836 953.0
1227614159 953.0
1227614482 954.0
1227614805 954.0
1227615128 954.0
1227615289 954.0
1227615612 954.0
1227615935 954.0
1227616258 954.0
1227616581 954.0
1227616904 954.0
1227617227 954.0
1227617389 954.0
1227617712 954.0
1227618035 954.0
1227618358 954.0
1227618681 954.0
1227619004 954.0
1227619327 954.0
1227619488 954.0
1227619811 954.0
1227620134 954.0
1227620457 955.0
1227620780 955.0
1227621103 955.0
1227621426 955.0
1227621749 955.0
1227621911 955.0
1227622234 955.0
1227622557 955.0
1227622880 955.0
1227623203 955.0
1227623526 955.0
1227623849 956.0
1227624010 956.0
1227624333 956.0
1227624656 956.0
1227624979 956.0
1227625302 956.0
1227625625 956.0
1227625948 956.0
1227626110 956.0
1227626433 956.0
1227626756 956.0
1227627079 957.0
1227627402 957.0
1227627725 957.0
1227628048 957.0
1227628371 957.0
1227628532 957.0
1227628855 957.0
1227629178 957.0
1227629501 957.0
1227629824 957.0
1227630147 958.0
1227630470 958.0
1227630632 958.0
1227630955 958.0
1227631278 958.0
1227631601 958.0
1227631924 958.0
1227632247 958.0
1227632570 958.0
1227632731 958.0
1227633054 958.0
1227633377 959.0
1227633700 959.0
1227634023 959.0
1227634346 959.0
1227634669 959.0
1227634831 959.0
1227635154 959.0
1227635477 959.0
1227635800 959.0
1227636123 959.0
1227636446 959.0
1227636769 959.0
1227637092 959.0
1227637253 959.0
1227637576 960.0
1227637899 960.0
1227638222 960.0
1227638545 960.0
1227638868 960.0
1227639191 960.0
1227639353 960.0
1227639676 960.0
1227639999 960.0
1227640322 960.0
1227640645 960.0
1227640968 960.0
1227641291 961.0
1227641452 961.0
1227641775 961.0
1227642098 961.0
1227642421 961.0
1227642744 961.0
1227643067 961.0
1227643390 961.0
1227643552 961.0
1227643875 961.0
1227644198 961.0
1227644521 962.0
1227644844 962.0
1227645167 962.0
1227645490 962.0
1227645813 962.0
1227645974 962.0
1227646297 962.0
1227646620 962.0
1227646943 962.0
1227647266 962.0
1227647589 962.0
1227647912 962.0
1227648074 962.0
1227648397 962.0
1227648720 962.0
1227649043 962.0
1227649366 963.0
1227649689 963.0
1227650012 963.0
1227650173 963.0
1227650496 963.0
1227650819 963.0
1227651142 963.0
1227651465 963.0
1227651788 963.0
1227652111 963.0
1227652273 963.0
1227652596 963.0
1227652919 963.0
1227653242 963.0
1227653565 963.0
1227653888 963.0
1227654211 963.0
1227654534 963.0
1227654695 963.0
1227655018 963.0
1227655341 963.0
1227655664 964.0
1227655987 964.0
1227656310 964.0
1227656633 964.0
1227656795 964.0
1227657118 964.0
1227657441 964.0
1227657764 964.0
1227658087 964.0
1227658410 964.0
1227658733 964.0
1227658894 964.0
1227659217 964.0
1227659540 964.0
1227659863 964.0
1227660186 964.0
1227660509 964.0
1227660832 964.0
1227661155 964.0
1227661317 964.0
1227661640 964.0
1227661963 964.0
1227662286 964.0
1227662609 965.0
1227662932 965.0
1227663255 965.0
1227663416 965.0
1227663739 965.0
1227664062 965.0
1227664385 965.0
1227664708 965.0
1227665031 965.0
1227665354 965.0
1227665516 965.0
1227665839 965.0
1227666162 965.0
1227666485 965.0
1227666808 965.0
1227667131 965.0
1227667454 965.0
1227667615 965.0
1227667938 965.0
1227668261 965.0
1227668584 965.0
1227668907 965.0
1227669230 965.0
1227669553 965.0
1227669876 965.0
1227670038 965.0
1227670361 966.0
1227670684 966.0
1227671007 966.0
1227671330 966.0
1227671653 966.0
1227671976 966.0
1227672137 966.0
1227672460 966.0
1227672783 966.0
1227673106 966.0
1227673429 966.0
1227673752 966.0
1227674075 966.0
1227674237 966.0
1227674560 966.0
1227674883 966.0
1227675206 966.0
1227675529 966.0
1227675852 966.0
1227676175 966.0
1227676498 966.0
1227676659 966.0
1227676982 966.0
1227677305 966.0
1227677628 966.0
1227677951 966.0
1227678274 967.0
1227678597 967.0
1227678759 967.0
1227679082 967.0
1227679405 967.0
1227679728 967.0
1227680051 967.0
1227680374 967.0
1227680697 967.0
1227680858 967.0
1227681181 967.0
1227681504 967.0
1227681827 967.0
1227682150 967.0
1227682473 967.0
1227682796 967.0
1227682958 967.0
1227683281 968.0
1227683604 968.0
1227683927 968.0
1227684250 968.0
1227684573 968.0
1227684896 968.0
1227685219 968.0
1227685380 968.0
1227685703 968.0
1227686026 968.0
1227686349 968.0
1227686672 968.0
1227686995 968.0
1227687318 968.0
1227687480 968.0
1227687803 969.0
1227688126 969.0
1227688449 969.0
1227688772 969.0
1227689095 969.0
1227689418 969.0
1227689579 969.0
1227689902 969.0
1227690225 969.0
1227690548 969.0
1227690871 969.0
1227691194 969.0
1227691517 970.0
1227691679 970.0
1227692002 970.0
1227692325 970.0
1227692648 970.0
1227692971 970.0
1227693294 970.0
1227693617 969.0
1227693940 969.0
1227694101 969.0
1227694424 969.0
1227694747 969.0
1227695070 969.0
1227695393 969.0
1227695716 969.0
1227696039 969.0
1227696201 969.0
1227696524 969.0
1227696847 969.0
1227697170 969.0
1227697493 969.0
1227697816 969.0
1227698139 969.0
1227698300 969.0
1227698623 969.0
1227698946 969.0
1227699269 969.0
1227699592 969.0
1227699915 969.0
1227700238 968.0
1227700400 968.0
1227700723 968.0
1227701046 968.0
1227701369 968.0
1227701692 968.0
1227702015 969.0
1227702338 969.0
1227702661 969.0
1227702822 969.0
1227703145 968.0
1227703468 968.0
1227703791 968.0
1227704114 968.0
1227704437 968.0
1227704760 968.0
1227704922 968.0
1227705245 968.0
1227705568 968.0
1227705891 968.0
1227706214 968.0
1227706537 968.0
1227706860 968.0
1227707021 968.0
1227707344 968.0
1227707667 968.0
1227707990 968.0
1227708313 968.0
1227708636 968.0
1227708959 968.0
1227709121 968.0
1227709444 968.0
1227709767 969.0
1227710090 969.0
1227710413 969.0
1227710736 969.0
1227711059 969.0
1227711382 969.0
1227711543 969.0
1227711866 969.0
1227712189 969.0
1227712512 969.0
1227712835 969.0
1227713158 969.0
1227713481 969.0
1227713643 969.0
1227713966 969.0
1227714289 969.0
1227714612 969.0
1227714935 969.0
1227715258 969.0
1227715581 969.0
1227715742 969.0
1227716065 969.0
1227716388 969.0
1227716711 969.0
1227717034 969.0
1227717357 969.0
1227717680 969.0
1227717842 969.0
1227718165 969.0
1227718488 969.0
1227718811 969.0
1227719134 970.0
1227719457 970.0
1227719780 970.0
1227720103 970.0
1227720264 970.0
1227720587 970.0
1227720910 970.0
1227721233 970.0
1227721556 970.0
1227721879 970.0
1227722202 970.0
1227722364 970.0
1227722687 970.0
1227723010 970.0
1227723333 970.0
1227723656 970.0
1227723979 970.0
1227724302 970.0
1227724463 970.0
1227724786 970.0
1227725109 970.0
1227725432 970.0
1227725755 970.0
1227726078 970.0
1227726401 970.0
1227726724 970.0
1227726885 970.0
1227727208 970.0
1227727531 970.0
1227727854 970.0
1227728177 970.0
1227728500 970.0
1227728823 970.0
1227728985 970.0
1227729308 970.0
1227729631 970.0
1227729954 970.0
1227730277 970.0
1227730600 970.0
1227730923 970.0
1227731084 970.0
1227731407 970.0
1227731730 970.0
1227732053 970.0
1227732376 970.0
1227732699 970.0
1227733022 970.0
1227733184 970.0
1227733507 970.0
1227733830 970.0
1227734153 970.0
1227734476 970.0
1227734799 970.0
1227735122 970.0
1227735445 970.0
1227735606 970.0
1227735929 970.0
1227736252 970.0
1227736575 970.0
1227736898 970.0
1227737221 970.0
1227737544 970.0
1227737706 970.0
1227738029 970.0
1227738352 970.0
1227738675 970.0
1227738998 970.0
1227739321 970.0
1227739644 970.0
1227739805 970.0
1227740128 970.0
1227740451 970.0
1227740774 970.0
1227741097 970.0
1227741420 970.0
1227741743 970.0
1227741905 970.0
1227742228 970.0
1227742551 970.0
1227742874 970.0
1227743197 970.0
1227743520 970.0
1227743843 970.0
1227744166 970.0
1227744327 970.0
1227744650 969.0
1227744973 969.0
1227745296 969.0
1227745619 969.0
1227745942 969.0
1227746265 969.0
1227746427 969.0
1227746750 969.0
1227747073 969.0
1227747396 969.0
1227747719 969.0
1227748042 969.0
1227748365 969.0
1227748526 969.0
1227748849 969.0
1227749172 969.0
1227749495 969.0
1227749818 969.0
1227750141 969.0
1227750464 969.0
1227750626 969.0
1227750949 969.0
1227751272 969.0
1227751595 969.0
1227751918 969.0
1227752241 969.0
1227752564 969.0
1227752887 969.0
1227753048 969.0
1227753371 969.0
1227753694 969.0
1227754017 969.0
1227754340 969.0
1227754663 969.0
1227754986 969.0
1227755148 969.0
1227755471 969.0
1227755794 969.0
1227756117 969.0
1227756440 969.0
1227756763 969.0
1227757086 969.0
1227757247 969.0
1227757570 968.0
1227757893 968.0
1227758216 968.0
1227758539 968.0
1227758862 968.0
1227759185 968.0
1227759347 968.0
1227759670 968.0
1227759993 968.0
1227760316 968.0
1227760639 968.0
1227760962 968.0
1227761285 968.0
1227761608 968.0
1227761769 968.0
1227762092 968.0
1227762415 968.0
1227762738 968.0
1227763061 968.0
1227763384 968.0
1227763707 968.0
1227763869 968.0
1227764192 968.0
1227764515 968.0
1227764838 968.0
1227765161 968.0
1227765484 968.0
1227765807 968.0
1227765968 968.0
1227766291 968.0
1227766614 968.0
1227766937 968.0
1227767260 968.0
1227767583 968.0
1227767906 968.0
1227768068 968.0
1227768391 967.0
1227768714 967.0
1227769037 967.0
1227769360 967.0
1227769683 967.0
1227770006 967.0
1227770329 967.0
1227770490 967.0
1227770813 967.0
1227771136 967.0
1227771459 967.0
1227771782 967.0
1227772105 967.0
1227772428 967.0
1227772590 967.0
1227772913 967.0
1227773236 967.0
1227773559 967.0
1227773882 967.0
1227774205 967.0
1227774528 967.0
1227774689 967.0
1227775012 967.0
1227775335 967.0
1227775658 967.0
1227775981 967.0
1227776304 967.0
1227776627 967.0
1227776950 967.0
1227777112 967.0
1227777435 967.0
1227777758 967.0
1227778081 967.0
1227778404 967.0
1227778727 967.0
1227779050 966.0
1227779211 966.0
1227779534 966.0
1227779857 966.0
1227780180 966.0
1227780503 966.0
1227780826 966.0
1227781149 966.0
1227781311 966.0
1227781634 965.0
1227781957 965.0
1227782280 965.0
1227782603 965.0
1227782926 965.0
1227783249 965.0
1227783410 965.0
1227783733 965.0
1227784056 965.0
1227784379 965.0
1227784702 964.0
1227785025 964.0
1227785348 964.0
1227785671 964.0
1227785833 964.0
1227786156 964.0
1227786479 964.0
1227786802 964.0
1227787125 964.0
1227787448 964.0
1227787771 964.0
1227787932 964.0
1227788255 964.0
1227788578 964.0
1227788901 964.0
1227789224 964.0
1227789547 964.0
1227789870 963.0
1227790032 963.0
1227790355 963.0
1227790678 963.0
1227791001 963.0
1227791324 963.0
1227791647 963.0
1227791970 963.0
1227792131 963.0
1227792454 963.0
1227792777 963.0
1227793100 963.0
1227793423 963.0
1227793746 963.0
1227794069 963.0
1227794392 963.0
1227794554 963.0
1227794877 963.0
1227795200 963.0
1227795523 963.0
1227795846 963.0
1227796169 963.0
1227796492 963.0
1227796653 963.0
1227796976 963.0
1227797299 963.0
1227797622 963.0
1227797945 963.0
1227798268 963.0
1227798591 963.0
1227798753 963.0
1227799076 963.0
1227799399 963.0
1227799722 963.0
1227800045 963.0
1227800368 963.0
1227800691 963.0
1227800852 963.0
1227801175 963.0
1227801498 963.0
1227801821 963.0
1227802144 963.0
1227802467 963.0
1227802790 963.0
1227803113 963.0
1227803275 963.0
1227803598 963.0
1227803921 963.0
1227804244 963.0
1227804567 963.0
1227804890 963.0
1227805213 963.0
1227805374 963.0
1227805697 963.0
1227806020 963.0
1227806343 963.0
1227806666 963.0
1227806989 963.0
1227807312 963.0
1227807474 963.0
1227807797 963.0
1227808120 963.0
1227808443 963.0
1227808766 963.0
1227809089 963.0
1227809412 963.0
1227809573 963.0
1227809896 963.0
1227810219 963.0
1227810542 962.0
1227810865 962.0
1227811188 962.0
1227811511 962.0
1227811834 962.0
1227811996 962.0
1227812319 962.0
1227812642 962.0
1227812965 962.0
1227813288 962.0
1227813611 962.0
1227813934 962.0
1227814095 962.0
1227814418 962.0
1227814741 962.0
1227815064 962.0
1227815387 962.0
1227815710 962.0
1227816033 962.0
1227816195 962.0
1227816518 962.0
1227816841 962.0
1227817164 962.0
1227817487 962.0
1227817810 962.0
1227818133 962.0
1227818456 961.0
1227818617 961.0
1227818940 961.0
1227819263 961.0
1227819586 961.0
1227819909 961.0
1227820232 961.0
1227820555 961.0
1227820717 961.0
1227821040 961.0
1227821363 961.0
1227821686 961.0
1227822009 961.0
1227822332 961.0
1227822655 961.0
1227822816 961.0
1227823139 961.0
1227823462 961.0
1227823785 961.0
1227824108 961.0
1227824431 961.0
1227824754 960.0
1227824916 960.0
1227825239 960.0
1227825562 960.0
1227825885 960.0
1227826208 960.0
1227826531 960.0
1227826854 960.0
1227827177 960.0
1227827338 960.0
1227827661 960.0
1227827984 960.0
1227828307 960.0
1227828630 960.0
1227828953 960.0
1227829276 960.0
1227829438 960.0
1227829761 960.0
1227830084 960.0
1227830407 960.0
1227830730 959.0
1227831053 959.0
1227831376 959.0
1227831537 959.0
1227831860 959.0
1227832183 959.0
1227832506 959.0
1227832829 959.0
1227833152 959.0
1227833475 959.0
1227833637 959.0
1227833960 959.0
1227834283 959.0
1227834606 959.0
1227834929 959.0
1227835252 958.0
1227835575 958.0
1227835898 958.0
1227836059 958.0
1227836382 958.0
1227836705 958.0
1227837028 958.0
1227837351 958.0
1227837674 958.0
1227837997 958.0
1227838159 958.0
1227838482 958.0
1227838805 958.0
1227839128 958.0
1227839451 958.0
1227839774 958.0
1227840097 957.0
1227840258 957.0
1227840581 957.0
1227840904 957.0
1227841227 957.0
1227841550 957.0
1227841873 957.0
1227842196 957.0
1227842358 957.0
1227842681 957.0
1227843004 957.0
1227843327 957.0
1227843650 957.0
1227843973 957.0
1227844296 957.0
1227844619 957.0
1227844780 957.0
1227845103 957.0
1227845426 957.0
1227845749 957.0
1227846072 957.0
1227846395 957.0
1227846718 956.0
1227846880 956.0
1227847203 956.0
1227847526 956.0
1227847849 956.0
1227848172 956.0
1227848495 956.0
1227848818 956.0
1227848979 956.0
1227849302 956.0
1227849625 956.0
1227849948 956.0
1227850271 956.0
1227850594 956.0
1227850917 956.0
1227851240 956.0
1227851402 956.0
1227851725 955.0
1227852048 955.0
1227852371 955.0
1227852694 955.0
1227853017 955.0
1227853340 955.0
1227853501 955.0
1227853824 955.0
1227854147 955.0
1227854470 955.0
1227854793 954.0
1227855116 955.0
1227855439 955.0
1227855601 955.0
1227855924 954.0
1227856247 954.0
1227856570 954.0
1227856893 954.0
1227857216 954.0
1227857539 954.0
1227857700 954.0
1227858023 954.0
1227858346 954.0
1227858669 954.0
1227858992 954.0
1227859315 954.0
1227859638 954.0
1227859961 953.0
1227860123 953.0
1227860446 953.0
1227860769 953.0
1227861092 953.0
1227861415 953.0
1227861738 953.0
1227862061 953.0
1227862222 953.0
1227862545 953.0
1227862868 953.0
1227863191 953.0
1227863514 952.0
1227863837 952.0
1227864160 952.0
1227864322 952.0
1227864645 952.0
1227864968 952.0
1227865291 952.0
1227865614 951.0
1227865937 951.0
1227866260 951.0
1227866421 951.0
1227866744 951.0
1227867067 951.0
1227867390 950.0
1227867713 950.0
1227868036 950.0
1227868359 950.0
1227868682 950.0
1227868844 950.0
1227869167 950.0
1227869490 950.0
1227869813 949.0
1227870136 949.0
1227870459 949.0
1227870782 949.0
1227870943 949.0
1227871266 949.0
1227871589 948.0
1227871912 948.0
1227872235 948.0
1227872558 948.0
1227872881 948.0
1227873043 948.0
1227873366 948.0
1227873689 948.0
1227874012 947.0
1227874335 947.0
1227874658 947.0
1227874981 947.0
1227875142 947.0
1227875465 947.0
1227875788 947.0
1227876111 947.0
1227876434 946.0
1227876757 946.0
1227877080 946.0
1227877403 946.0
1227877565 946.0
1227877888 946.0
1227878211 946.0
1227878534 946.0
1227878857 945.0
1227879180 945.0
1227879503 945.0
1227879664 945.0
1227879987 945.0
1227880310 945.0
1227880633 945.0
1227880956 945.0
1227881279 945.0
1227881602 945.0
1227881764 945.0
1227882087 944.0
1227882410 944.0
1227882733 944.0
1227883056 944.0
1227883379 944.0
1227883702 944.0
1227884025 944.0
1227884186 944.0
1227884509 944.0
1227884832 944.0
1227885155 944.0
1227885478 943.0
1227885801 943.0
1227886124 943.0
1227886286 943.0
1227886609 943.0
1227886932 943.0
1227887255 943.0
1227887578 943.0
1227887901 943.0
1227888224 943.0
1227888385 943.0
1227888708 943.0
1227889031 943.0
1227889354 943.0
1227889677 943.0
1227890000 943.0
1227890323 943.0
1227890485 943.0
1227890808 942.0
1227891131 942.0
1227891454 942.0
1227891777 942.0
1227892100 942.0
1227892423 942.0
1227892746 942.0
1227892907 942.0
1227893230 942.0
1227893553 942.0
1227893876 942.0
1227894199 942.0
1227894522 942.0
1227894845 942.0
1227895007 942.0
1227895329 941.0
1227895652 941.0
1227895975 941.0
1227896137 941.0
1227896621 941.0
1227896944 941.0
1227897106 941.0
1227897429 941.0
1227897752 941.0
1227898075 941.0
1227898398 941.0
1227898721 940.0
1227899044 940.0
1227899205 940.0
1227899528 940.0
1227899851 940.0
1227900174 940.0
1227900497 940.0
1227900820 940.0
1227901143 940.0
1227901466 940.0
1227901628 940.0
1227901951 940.0
1227902274 940.0
1227902597 940.0
1227902920 940.0
1227903243 939.0
1227903566 939.0
1227903727 939.0
1227904050 939.0
1227904373 939.0
1227904696 939.0
1227905019 939.0
1227905342 939.0
1227905665 939.0
1227905827 939.0
1227906150 939.0
1227906473 939.0
1227906796 939.0
1227907119 939.0
1227907442 939.0
1227907765 939.0
1227907926 939.0
1227908249 939.0
1227908572 940.0
1227908895 940.0
1227909218 940.0
1227909541 940.0
1227909864 940.0
1227910187 940.0
1227910349 940.0
1227910672 940.0
1227910995 940.0
1227911318 940.0
1227911641 940.0
1227911964 940.0
1227912287 940.0
1227912448 940.0
1227912771 940.0
1227913094 940.0
1227913417 940.0
1227913740 940.0
1227914063 940.0
1227914386 940.0
1227914548 940.0
1227914871 940.0
1227915194 940.0
1227915517 940.0
1227915840 940.0
1227916163 940.0
1227916486 940.0
1227916809 940.0
1227916970 940.0
1227917293 940.0
1227917616 940.0
1227917939 940.0
1227918262 940.0
1227918585 940.0
1227918908 940.0
1227919070 940.0
1227919393 940.0
1227919716 940.0
1227920039 940.0
1227920362 940.0
1227920685 940.0
1227921008 940.0
1227921169 940.0
1227921492 941.0
1227921815 941.0
1227922138 941.0
1227922461 941.0
1227922784 941.0
1227923107 941.0
1227923269 941.0
1227923592 941.0
1227923915 941.0
1227924238 941.0
1227924561 941.0
1227924884 941.0
1227925207 941.0
1227925530 941.0
1227925691 941.0
1227926014 941.0
1227926337 941.0
1227926660 941.0
1227926983 941.0
1227927306 941.0
1227927629 941.0
1227927791 941.0
1227928114 941.0
1227928437 941.0
1227928760 941.0
1227929083 941.0
1227929406 941.0
1227929729 941.0
1227929890 941.0
1227930213 941.0
1227930536 941.0
1227930859 941.0
1227931182 941.0
1227931505 941.0
1227931828 941.0
1227932151 941.0
1227932313 941.0
1227932636 941.0
1227932959 941.0
1227933282 941.0
1227933605 941.0
1227933928 941.0
1227934251 941.0
1227934412 941.0
1227934735 941.0
1227935058 941.0
1227935381 941.0
1227935704 941.0
1227936027 941.0
1227936350 941.0
1227936512 941.0
1227936835 941.0
1227937158 941.0
1227937481 941.0
1227937804 941.0
1227938127 941.0
1227938450 941.0
1227938611 941.0
1227938934 941.0
1227939257 941.0
1227939580 941.0
1227939903 941.0
1227940226 941.0
1227940549 941.0
1227940872 941.0
1227941034 942.0
1227941357 941.0
1227941680 941.0
1227942003 942.0
1227942326 942.0
1227942649 942.0
1227942972 942.0
1227943133 942.0
1227943456 942.0
1227943779 942.0
1227944102 942.0
1227944425 942.0
1227944748 942.0
1227945071 942.0
1227945233 942.0
1227945556 942.0
1227945879 942.0
1227946202 942.0
1227946525 942.0
1227946848 942.0
1227947171 942.0
1227947332 942.0
1227947655 942.0
1227947978 942.0
1227948301 942.0
1227948624 943.0
1227948947 943.0
1227949270 943.0
1227949593 943.0
1227949755 943.0
1227950078 943.0
1227950401 943.0
1227950724 943.0
1227951047 943.0
1227951370 943.0
1227951693 942.0
1227951854 942.0
1227952177 942.0
1227952500 942.0
1227952823 942.0
1227953146 942.0
1227953469 942.0
1227953792 942.0
1227953954 942.0
1227954277 942.0
1227954600 942.0
1227954923 942.0
1227955246 942.0
1227955569 942.0
1227955892 942.0
1227956215 942.0
1227956376 942.0
1227956699 942.0
1227957022 942.0
1227957345 942.0
1227957668 942.0
1227957991 942.0
1227958314 942.0
1227958476 942.0
1227958799 942.0
1227959122 942.0
1227959445 942.0
1227959768 942.0
1227960091 942.0
1227960414 942.0
1227960575 942.0
1227960898 942.0
1227961221 942.0
1227961544 942.0
1227961867 942.0
1227962190 942.0
1227962513 942.0
1227962675 942.0
1227962998 942.0
1227963321 942.0
1227963644 942.0
1227963967 942.0
1227964290 941.0
1227964613 941.0
1227964936 941.0
1227965097 941.0
1227965420 941.0
1227965743 941.0
1227966066 941.0
1227966389 941.0
1227966712 941.0
1227967035 941.0
1227967197 941.0
1227967520 941.0
1227967843 941.0
1227968166 941.0
1227968489 941.0
1227968812 942.0
1227969135 942.0
1227969296 942.0
1227969619 942.0
1227969942 942.0
1227970265 942.0
1227970588 942.0
1227970911 942.0
1227971234 942.0
1227971396 942.0
1227971719 942.0
1227972042 942.0
1227972365 942.0
1227972688 942.0
1227973011 942.0
1227973334 942.0
1227973657 942.0
1227973818 942.0
1227974141 942.0
1227974464 942.0
1227974787 942.0
1227975110 942.0
1227975433 942.0
1227975756 942.0
1227975918 942.0
1227976241 942.0
1227976564 942.0
1227976887 942.0
1227977210 942.0
1227977533 942.0
1227977856 942.0
1227978017 942.0
1227978340 942.0
1227978663 942.0
1227978986 942.0
1227979309 942.0
1227979632 942.0
1227979955 942.0
1227980278 942.0
1227980440 942.0
1227980763 942.0
1227981086 942.0
1227981409 942.0
1227981732 942.0
1227982055 942.0
1227982378 942.0
1227982539 942.0
1227982862 942.0
1227983185 942.0
1227983508 942.0
1227983831 942.0
1227984154 942.0
1227984477 942.0
1227984639 942.0
1227984962 942.0
1227985285 942.0
1227985608 942.0
1227985931 942.0
1227986254 942.0
1227986577 942.0
1227986738 942.0
1227987061 942.0
1227987384 942.0
1227987707 942.0
1227988030 941.0
1227988353 941.0
1227988676 942.0
1227988999 942.0
1227989161 941.0
1227989484 941.0
1227989807 941.0
1227990130 941.0
1227990453 942.0
1227990776 942.0
1227991099 941.0
1227991260 941.0
1227991583 941.0
1227991906 941.0
1227992229 941.0
1227992552 941.0
1227992875 941.0
1227993198 941.0
1227993360 941.0
1227993683 941.0
1227994006 941.0
1227994329 941.0
1227994652 941.0
1227994975 941.0
1227995298 941.0
1227995459 941.0
1227995782 940.0
1227996105 940.0
1227996428 940.0
1227996751 940.0
1227997074 940.0
1227997397 940.0
1227997720 940.0
1227997882 940.0
1227998205 940.0
1227998528 940.0
1227998851 940.0
1227999174 939.0
1227999497 940.0
1227999820 940.0
1227999981 940.0
1228000304 939.0
1228000627 939.0
1228000950 939.0
1228001273 939.0
1228001596 939.0
1228001919 939.0
1228002081 939.0
1228002404 939.0
1228002727 939.0
1228003050 939.0
1228003373 938.0
1228003696 938.0
1228004019 938.0
1228004342 938.0
1228004503 938.0
1228004826 938.0
1228005149 938.0
1228005472 938.0
1228005795 938.0
1228006118 938.0
1228006441 938.0
1228006603 938.0
1228006926 938.0
1228007249 938.0
1228007572 938.0
1228007895 938.0
1228008218 938.0
1228008541 938.0
1228008702 938.0
1228009025 938.0
1228009348 938.0
1228009671 938.0
1228009994 938.0
1228010317 938.0
1228010640 938.0
1228010963 938.0
1228011125 938.0
1228011448 939.0
1228011771 939.0
1228012094 938.0
1228012417 938.0
1228012740 938.0
1228013063 938.0
1228013224 938.0
1228013547 938.0
1228013870 938.0
1228014193 937.0
1228014516 938.0
1228014839 938.0
1228015162 937.0
1228015324 937.0
1228015647 938.0
1228015970 938.0
1228016293 938.0
1228016616 938.0
1228016939 937.0
1228017262 937.0
1228017585 937.0
1228017746 938.0
1228018069 938.0
1228018392 938.0
1228018715 938.0
1228019038 937.0
1228019361 938.0
1228019684 938.0
1228019846 938.0
1228020169 937.0
1228020492 937.0
1228020815 937.0
1228021138 937.0
1228021461 937.0
1228021784 937.0
1228021945 937.0
1228022268 937.0
1228022591 938.0
1228022914 938.0
1228023237 938.0
1228023560 938.0
1228023883 939.0
1228024045 939.0
1228024368 939.0
1228024691 939.0
1228025014 939.0
1228025175 939.0
1228025660 939.0
1228025983 939.0
1228026306 939.0
1228026467 939.0
1228026790 939.0
1228027113 939.0
1228027436 939.0
