This file contains any messages produced by compilers while
running configure, to aid debugging if configure makes a mistake.

configure:551: checking host system type
configure:586: checking for a BSD compatible install
configure:639: checking whether build environment is sane
configure:696: checking whether make sets ${MAKE}
configure:742: checking for working aclocal
configure:755: checking for working autoconf
configure:768: checking for working automake
configure:781: checking for working autoheader
configure:794: checking for working makeinfo
configure:819: checking for gcc
configure:932: checking whether the C compiler (gcc  ) works
configure:948: gcc -o conftest    conftest.c  1>&5
configure:974: checking whether the C compiler (gcc  ) is a cross-compiler
configure:979: checking whether we are using GNU C
configure:988: gcc -E conftest.c
configure:1007: checking whether gcc accepts -g
configure:1041: checking for ranlib
configure:1076: checking how to run the C preprocessor
configure:1097: gcc -E  -I/usr/local/include/ conftest.c >/dev/null 2>conftest.out
configure:1156: checking for ANSI C header files
configure:1169: gcc -E  -I/usr/local/include/ conftest.c >/dev/null 2>conftest.out
configure:1236: gcc -o conftest -g -O2  -I/usr/local/include/  conftest.c  -L/usr/local/lib/ 1>&5
configure:1260: checking for sys/wait.h that is POSIX.1 compatible
configure:1281: gcc -c -g -O2  -I/usr/local/include/ conftest.c 1>&5
configure:1305: checking for fcntl.h
configure:1315: gcc -E  -I/usr/local/include/ conftest.c >/dev/null 2>conftest.out
configure:1305: checking for strings.h
configure:1315: gcc -E  -I/usr/local/include/ conftest.c >/dev/null 2>conftest.out
configure:1305: checking for sys/ioctl.h
configure:1315: gcc -E  -I/usr/local/include/ conftest.c >/dev/null 2>conftest.out
configure:1305: checking for syslog.h
configure:1315: gcc -E  -I/usr/local/include/ conftest.c >/dev/null 2>conftest.out
configure:1305: checking for unistd.h
configure:1315: gcc -E  -I/usr/local/include/ conftest.c >/dev/null 2>conftest.out
configure:1345: checking for xmlrpc.h
configure:1355: gcc -E  -I/usr/local/include/ conftest.c >/dev/null 2>conftest.out
configure:1345: checking for xmlrpc_client.h
configure:1355: gcc -E  -I/usr/local/include/ conftest.c >/dev/null 2>conftest.out
configure:1345: checking for xmlrpc_abyss.h
configure:1355: gcc -E  -I/usr/local/include/ conftest.c >/dev/null 2>conftest.out
configure:1384: checking for working const
configure:1438: gcc -c -g -O2  -I/usr/local/include/ conftest.c 1>&5
configure:1459: checking for pid_t
configure:1492: checking for size_t
configure:1525: checking whether struct tm is in sys/time.h or time.h
configure:1538: gcc -c -g -O2  -I/usr/local/include/ conftest.c 1>&5
configure:1561: checking whether gcc needs -traditional
configure:1586: termio.h: No such file or directory
configure:1607: checking return type of signal handlers
configure:1629: gcc -c -g -O2  -I/usr/local/include/ conftest.c 1>&5
configure:1650: checking for mktime
configure:1678: gcc -o conftest -g -O2  -I/usr/local/include/  conftest.c  -L/usr/local/lib/ 1>&5
configure:1650: checking for select
configure:1678: gcc -o conftest -g -O2  -I/usr/local/include/  conftest.c  -L/usr/local/lib/ 1>&5
configure:1650: checking for socket
configure:1678: gcc -o conftest -g -O2  -I/usr/local/include/  conftest.c  -L/usr/local/lib/ 1>&5
configure:1650: checking for strcspn
configure:1678: gcc -o conftest -g -O2  -I/usr/local/include/  conftest.c  -L/usr/local/lib/ 1>&5
configure:1650: checking for strdup
configure:1678: gcc -o conftest -g -O2  -I/usr/local/include/  conftest.c  -L/usr/local/lib/ 1>&5
configure:1650: checking for strerror
configure:1678: gcc -o conftest -g -O2  -I/usr/local/include/  conftest.c  -L/usr/local/lib/ 1>&5
configure:1650: checking for strspn
configure:1678: gcc -o conftest -g -O2  -I/usr/local/include/  conftest.c  -L/usr/local/lib/ 1>&5
