This file contains any messages produced by compilers while
running configure, to aid debugging if configure makes a mistake.

It was created by configure, which was
generated by GNU Autoconf 2.59.  Invocation command line was

  $ ./configure --enable-xmlrpc --enable-postgres

## --------- ##
## Platform. ##
## --------- ##

hostname = pcm1035
uname -m = i686
uname -r = 2.6.5-7.111-default
uname -s = Linux
uname -v = #1 Wed Oct 13 15:45:13 UTC 2004

/usr/bin/uname -p = unknown
/bin/uname -X     = unknown

/bin/arch              = i686
/usr/bin/arch -k       = unknown
/usr/convex/getsysinfo = unknown
hostinfo               = unknown
/bin/machine           = unknown
/usr/bin/oslevel       = unknown
/bin/universe          = unknown

PATH: /opt/OpenOffice.org/program
PATH: /home/jahns/bin
PATH: /usr/local/sbin/
PATH: /usr/sbin/
PATH: /sbin
PATH: /opt/OpenOffice.org/program
PATH: /home/jahns/bin
PATH: /usr/local/sbin/
PATH: /usr/sbin/
PATH: /sbin
PATH: /opt/OpenOffice.org/program
PATH: /home/jahns/bin
PATH: /usr/local/sbin/
PATH: /usr/sbin/
PATH: /sbin
PATH: /home/jahns/bin
PATH: /usr/local/bin
PATH: /usr/bin
PATH: /usr/X11R6/bin
PATH: /bin
PATH: /usr/games
PATH: /opt/gnome/bin
PATH: /opt/kde3/bin
PATH: /usr/lib/java/bin


## ----------- ##
## Core tests. ##
## ----------- ##

configure:1336: checking build system type
configure:1354: result: i686-suse-linux
configure:1362: checking host system type
configure:1376: result: i686-suse-linux
configure:1384: checking target system type
configure:1398: result: i686-suse-linux
configure:1426: checking for a BSD-compatible install
configure:1481: result: /usr/bin/install -c
configure:1492: checking whether build environment is sane
configure:1535: result: yes
configure:1592: checking for gawk
configure:1608: found /usr/bin/gawk
configure:1618: result: gawk
configure:1628: checking whether make sets $(MAKE)
configure:1648: result: yes
configure:1866: checking for gcc
configure:1882: found /usr/bin/gcc
configure:1892: result: gcc
configure:2136: checking for C compiler version
configure:2139: gcc --version </dev/null >&5
gcc (GCC) 3.3.3 (SuSE Linux)
Copyright (C) 2003 Free Software Foundation, Inc.
This is free software; see the source for copying conditions.  There is NO
warranty; not even for MERCHANTABILITY or FITNESS FOR A PARTICULAR PURPOSE.

configure:2142: $? = 0
configure:2144: gcc -v </dev/null >&5
Reading specs from /usr/lib/gcc-lib/i586-suse-linux/3.3.3/specs
Configured with: ../configure --enable-threads=posix --prefix=/usr --with-local-prefix=/usr/local --infodir=/usr/share/info --mandir=/usr/share/man --enable-languages=c,c++,f77,objc,java,ada --disable-checking --libdir=/usr/lib --enable-libgcj --with-gxx-include-dir=/usr/include/g++ --with-slibdir=/lib --with-system-zlib --enable-shared --enable-__cxa_atexit i586-suse-linux
Thread model: posix
gcc version 3.3.3 (SuSE Linux)
configure:2147: $? = 0
configure:2149: gcc -V </dev/null >&5
gcc: `-V' option must have argument
configure:2152: $? = 1
configure:2175: checking for C compiler default output file name
configure:2178: gcc    conftest.c  >&5
configure:2181: $? = 0
configure:2227: result: a.out
configure:2232: checking whether the C compiler works
configure:2238: ./a.out
configure:2241: $? = 0
configure:2258: result: yes
configure:2265: checking whether we are cross compiling
configure:2267: result: no
configure:2270: checking for suffix of executables
configure:2272: gcc -o conftest    conftest.c  >&5
configure:2275: $? = 0
configure:2300: result: 
configure:2306: checking for suffix of object files
configure:2327: gcc -c   conftest.c >&5
configure:2330: $? = 0
configure:2352: result: o
configure:2356: checking whether we are using the GNU C compiler
configure:2380: gcc -c   conftest.c >&5
configure:2386: $? = 0
configure:2390: test -z 
			 || test ! -s conftest.err
configure:2393: $? = 0
configure:2396: test -s conftest.o
configure:2399: $? = 0
configure:2412: result: yes
configure:2418: checking whether gcc accepts -g
configure:2439: gcc -c -g  conftest.c >&5
configure:2445: $? = 0
configure:2449: test -z 
			 || test ! -s conftest.err
configure:2452: $? = 0
configure:2455: test -s conftest.o
configure:2458: $? = 0
configure:2469: result: yes
configure:2486: checking for gcc option to accept ANSI C
configure:2556: gcc  -c -g -O2  conftest.c >&5
configure:2562: $? = 0
configure:2566: test -z 
			 || test ! -s conftest.err
configure:2569: $? = 0
configure:2572: test -s conftest.o
configure:2575: $? = 0
configure:2593: result: none needed
configure:2611: gcc -c -g -O2  conftest.c >&5
conftest.c:2: error: parse error before "me"
configure:2617: $? = 1
configure: failed program was:
| #ifndef __cplusplus
|   choke me
| #endif
configure:2761: checking for style of include used by make
configure:2789: result: GNU
configure:2817: checking dependency style of gcc
configure:2902: result: gcc3
configure:2960: checking for ranlib
configure:2976: found /usr/bin/ranlib
configure:2987: result: ranlib
configure:3036: checking how to run the C preprocessor
configure:3071: gcc -E  -I/usr/local/include/ -I/usr/include conftest.c
configure:3077: $? = 0
configure:3109: gcc -E  -I/usr/local/include/ -I/usr/include conftest.c
conftest.c:12:28: ac_nonexistent.h: No such file or directory
configure:3115: $? = 1
configure: failed program was:
| /* confdefs.h.  */
| 
| #define PACKAGE_NAME ""
| #define PACKAGE_TARNAME ""
| #define PACKAGE_VERSION ""
| #define PACKAGE_STRING ""
| #define PACKAGE_BUGREPORT ""
| #define PACKAGE "wth"
| #define VERSION "0.4.4"
| #define _GNU_SOURCE 1
| /* end confdefs.h.  */
| #include <ac_nonexistent.h>
configure:3154: result: gcc -E
configure:3178: gcc -E  -I/usr/local/include/ -I/usr/include conftest.c
configure:3184: $? = 0
configure:3216: gcc -E  -I/usr/local/include/ -I/usr/include conftest.c
conftest.c:12:28: ac_nonexistent.h: No such file or directory
configure:3222: $? = 1
configure: failed program was:
| /* confdefs.h.  */
| 
| #define PACKAGE_NAME ""
| #define PACKAGE_TARNAME ""
| #define PACKAGE_VERSION ""
| #define PACKAGE_STRING ""
| #define PACKAGE_BUGREPORT ""
| #define PACKAGE "wth"
| #define VERSION "0.4.4"
| #define _GNU_SOURCE 1
| /* end confdefs.h.  */
| #include <ac_nonexistent.h>
configure:3266: checking for egrep
configure:3276: result: grep -E
configure:3281: checking for ANSI C header files
configure:3306: gcc -c -g -O2 -DLINUX -Wall  -I/usr/local/include/ -I/usr/include conftest.c >&5
configure:3312: $? = 0
configure:3316: test -z 
			 || test ! -s conftest.err
configure:3319: $? = 0
configure:3322: test -s conftest.o
configure:3325: $? = 0
configure:3411: gcc -o conftest -g -O2 -DLINUX -Wall  -I/usr/local/include/ -I/usr/include  conftest.c  >&5
conftest.c: In function `main':
conftest.c:29: warning: implicit declaration of function `exit'
configure:3414: $? = 0
configure:3416: ./conftest
configure:3419: $? = 0
configure:3434: result: yes
configure:3444: checking for sys/wait.h that is POSIX.1 compatible
configure:3475: gcc -c -g -O2 -DLINUX -Wall  -I/usr/local/include/ -I/usr/include conftest.c >&5
configure:3481: $? = 0
configure:3485: test -z 
			 || test ! -s conftest.err
configure:3488: $? = 0
configure:3491: test -s conftest.o
configure:3494: $? = 0
configure:3505: result: yes
configure:3529: checking for sys/types.h
configure:3545: gcc -c -g -O2 -DLINUX -Wall  -I/usr/local/include/ -I/usr/include conftest.c >&5
configure:3551: $? = 0
configure:3555: test -z 
			 || test ! -s conftest.err
configure:3558: $? = 0
configure:3561: test -s conftest.o
configure:3564: $? = 0
configure:3575: result: yes
configure:3529: checking for sys/stat.h
configure:3545: gcc -c -g -O2 -DLINUX -Wall  -I/usr/local/include/ -I/usr/include conftest.c >&5
configure:3551: $? = 0
configure:3555: test -z 
			 || test ! -s conftest.err
configure:3558: $? = 0
configure:3561: test -s conftest.o
configure:3564: $? = 0
configure:3575: result: yes
configure:3529: checking for stdlib.h
configure:3545: gcc -c -g -O2 -DLINUX -Wall  -I/usr/local/include/ -I/usr/include conftest.c >&5
configure:3551: $? = 0
configure:3555: test -z 
			 || test ! -s conftest.err
configure:3558: $? = 0
configure:3561: test -s conftest.o
configure:3564: $? = 0
configure:3575: result: yes
configure:3529: checking for string.h
configure:3545: gcc -c -g -O2 -DLINUX -Wall  -I/usr/local/include/ -I/usr/include conftest.c >&5
configure:3551: $? = 0
configure:3555: test -z 
			 || test ! -s conftest.err
configure:3558: $? = 0
configure:3561: test -s conftest.o
configure:3564: $? = 0
configure:3575: result: yes
configure:3529: checking for memory.h
configure:3545: gcc -c -g -O2 -DLINUX -Wall  -I/usr/local/include/ -I/usr/include conftest.c >&5
configure:3551: $? = 0
configure:3555: test -z 
			 || test ! -s conftest.err
configure:3558: $? = 0
configure:3561: test -s conftest.o
configure:3564: $? = 0
configure:3575: result: yes
configure:3529: checking for strings.h
configure:3545: gcc -c -g -O2 -DLINUX -Wall  -I/usr/local/include/ -I/usr/include conftest.c >&5
configure:3551: $? = 0
configure:3555: test -z 
			 || test ! -s conftest.err
configure:3558: $? = 0
configure:3561: test -s conftest.o
configure:3564: $? = 0
configure:3575: result: yes
configure:3529: checking for inttypes.h
configure:3545: gcc -c -g -O2 -DLINUX -Wall  -I/usr/local/include/ -I/usr/include conftest.c >&5
configure:3551: $? = 0
configure:3555: test -z 
			 || test ! -s conftest.err
configure:3558: $? = 0
configure:3561: test -s conftest.o
configure:3564: $? = 0
configure:3575: result: yes
configure:3529: checking for stdint.h
configure:3545: gcc -c -g -O2 -DLINUX -Wall  -I/usr/local/include/ -I/usr/include conftest.c >&5
configure:3551: $? = 0
configure:3555: test -z 
			 || test ! -s conftest.err
configure:3558: $? = 0
configure:3561: test -s conftest.o
configure:3564: $? = 0
configure:3575: result: yes
configure:3529: checking for unistd.h
configure:3545: gcc -c -g -O2 -DLINUX -Wall  -I/usr/local/include/ -I/usr/include conftest.c >&5
configure:3551: $? = 0
configure:3555: test -z 
			 || test ! -s conftest.err
configure:3558: $? = 0
configure:3561: test -s conftest.o
configure:3564: $? = 0
configure:3575: result: yes
configure:3605: checking fcntl.h usability
configure:3617: gcc -c -g -O2 -DLINUX -Wall  -I/usr/local/include/ -I/usr/include conftest.c >&5
configure:3623: $? = 0
configure:3627: test -z 
			 || test ! -s conftest.err
configure:3630: $? = 0
configure:3633: test -s conftest.o
configure:3636: $? = 0
configure:3646: result: yes
configure:3650: checking fcntl.h presence
configure:3660: gcc -E  -I/usr/local/include/ -I/usr/include conftest.c
configure:3666: $? = 0
configure:3686: result: yes
configure:3721: checking for fcntl.h
configure:3728: result: yes
configure:3596: checking for strings.h
configure:3601: result: yes
configure:3605: checking sys/ioctl.h usability
configure:3617: gcc -c -g -O2 -DLINUX -Wall  -I/usr/local/include/ -I/usr/include conftest.c >&5
configure:3623: $? = 0
configure:3627: test -z 
			 || test ! -s conftest.err
configure:3630: $? = 0
configure:3633: test -s conftest.o
configure:3636: $? = 0
configure:3646: result: yes
configure:3650: checking sys/ioctl.h presence
configure:3660: gcc -E  -I/usr/local/include/ -I/usr/include conftest.c
configure:3666: $? = 0
configure:3686: result: yes
configure:3721: checking for sys/ioctl.h
configure:3728: result: yes
configure:3605: checking syslog.h usability
configure:3617: gcc -c -g -O2 -DLINUX -Wall  -I/usr/local/include/ -I/usr/include conftest.c >&5
configure:3623: $? = 0
configure:3627: test -z 
			 || test ! -s conftest.err
configure:3630: $? = 0
configure:3633: test -s conftest.o
configure:3636: $? = 0
configure:3646: result: yes
configure:3650: checking syslog.h presence
configure:3660: gcc -E  -I/usr/local/include/ -I/usr/include conftest.c
configure:3666: $? = 0
configure:3686: result: yes
configure:3721: checking for syslog.h
configure:3728: result: yes
configure:3596: checking for unistd.h
configure:3601: result: yes
configure:3744: checking for MD5Init in -lmd5
configure:3774: gcc -o conftest -g -O2 -DLINUX -Wall  -I/usr/local/include/ -I/usr/include  conftest.c -lmd5   >&5
configure:3780: $? = 0
configure:3784: test -z 
			 || test ! -s conftest.err
configure:3787: $? = 0
configure:3790: test -s conftest
configure:3793: $? = 0
configure:3806: result: yes
configure:3828: checking for xmlrpc.h
configure:3847: gcc -c -g -O2 -DLINUX -Wall  -I/usr/local/include/ -I/usr/include conftest.c >&5
configure:3853: $? = 0
configure:3857: test -z 
			 || test ! -s conftest.err
configure:3860: $? = 0
configure:3863: test -s conftest.o
configure:3866: $? = 0
configure:3877: result: yes
configure:3828: checking for xmlrpc_client.h
configure:3847: gcc -c -g -O2 -DLINUX -Wall  -I/usr/local/include/ -I/usr/include conftest.c >&5
configure:3853: $? = 0
configure:3857: test -z 
			 || test ! -s conftest.err
configure:3860: $? = 0
configure:3863: test -s conftest.o
configure:3866: $? = 0
configure:3877: result: yes
configure:3828: checking for xmlrpc_abyss.h
configure:3847: gcc -c -g -O2 -DLINUX -Wall  -I/usr/local/include/ -I/usr/include conftest.c >&5
configure:3853: $? = 0
configure:3857: test -z 
			 || test ! -s conftest.err
configure:3860: $? = 0
configure:3863: test -s conftest.o
configure:3866: $? = 0
configure:3877: result: yes
configure:3909: gcc -o conftest -g -O2 -DLINUX -Wall  -I/usr/local/include/ -I/usr/include  conftest.c -lmd5  -lxmlrpc -lexpat >&5
conftest.c: In function `main':
conftest.c:36: warning: unused variable `env'
configure:3915: $? = 0
configure:3919: test -z 
			 || test ! -s conftest.err
configure:3922: $? = 0
configure:3925: test -s conftest
configure:3928: $? = 0
configure:3950: checking for PQsetdbLogin in -lpq
configure:3980: gcc -o conftest -g -O2 -DLINUX -Wall  -I/usr/local/include/ -I/usr/include  conftest.c -lpq  -lmd5  -lxmlrpc -lexpat >&5
configure:3986: $? = 0
configure:3990: test -z 
			 || test ! -s conftest.err
configure:3993: $? = 0
configure:3996: test -s conftest
configure:3999: $? = 0
configure:4012: result: yes
configure:4032: checking for pgsql/libpq-fe.h
configure:4051: gcc -c -g -O2 -DLINUX -Wall  -I/usr/local/include/ -I/usr/include conftest.c >&5
configure:4057: $? = 0
configure:4061: test -z 
			 || test ! -s conftest.err
configure:4064: $? = 0
configure:4067: test -s conftest.o
configure:4070: $? = 0
configure:4081: result: yes
configure:4102: checking for an ANSI C-conforming const
configure:4169: gcc -c -g -O2 -DLINUX -Wall -DPOSTGRES  -I/usr/local/include/ -I/usr/include conftest.c >&5
conftest.c: In function `main':
conftest.c:62: warning: unused variable `s'
conftest.c:82: warning: unused variable `foo'
conftest.c:43: warning: unused variable `x'
conftest.c:49: warning: unused variable `zero'
conftest.c:61: warning: `t' might be used uninitialized in this function
conftest.c:79: warning: `b' might be used uninitialized in this function
configure:4175: $? = 0
configure:4179: test -z 
			 || test ! -s conftest.err
configure:4182: $? = 0
configure:4185: test -s conftest.o
configure:4188: $? = 0
configure:4199: result: yes
configure:4209: checking for pid_t
configure:4233: gcc -c -g -O2 -DLINUX -Wall -DPOSTGRES  -I/usr/local/include/ -I/usr/include conftest.c >&5
configure:4239: $? = 0
configure:4243: test -z 
			 || test ! -s conftest.err
configure:4246: $? = 0
configure:4249: test -s conftest.o
configure:4252: $? = 0
configure:4263: result: yes
configure:4275: checking for size_t
configure:4299: gcc -c -g -O2 -DLINUX -Wall -DPOSTGRES  -I/usr/local/include/ -I/usr/include conftest.c >&5
configure:4305: $? = 0
configure:4309: test -z 
			 || test ! -s conftest.err
configure:4312: $? = 0
configure:4315: test -s conftest.o
configure:4318: $? = 0
configure:4329: result: yes
configure:4341: checking whether struct tm is in sys/time.h or time.h
configure:4364: gcc -c -g -O2 -DLINUX -Wall -DPOSTGRES  -I/usr/local/include/ -I/usr/include conftest.c >&5
conftest.c: In function `main':
conftest.c:41: warning: statement with no effect
configure:4370: $? = 0
configure:4374: test -z 
			 || test ! -s conftest.err
configure:4377: $? = 0
configure:4380: test -s conftest.o
configure:4383: $? = 0
configure:4394: result: time.h
configure:4406: checking whether gcc needs -traditional
configure:4448: result: no
configure:4455: checking return type of signal handlers
configure:4486: gcc -c -g -O2 -DLINUX -Wall -DPOSTGRES  -I/usr/local/include/ -I/usr/include conftest.c >&5
conftest.c: In function `main':
conftest.c:49: warning: unused variable `i'
configure:4492: $? = 0
configure:4496: test -z 
			 || test ! -s conftest.err
configure:4499: $? = 0
configure:4502: test -s conftest.o
configure:4505: $? = 0
configure:4516: result: void
configure:4534: checking for mktime
configure:4591: gcc -o conftest -g -O2 -DLINUX -Wall -DPOSTGRES  -I/usr/local/include/ -I/usr/include  conftest.c -lpq -lmd5  -lxmlrpc -lexpat -lpq >&5
configure:4597: $? = 0
configure:4601: test -z 
			 || test ! -s conftest.err
configure:4604: $? = 0
configure:4607: test -s conftest
configure:4610: $? = 0
configure:4622: result: yes
configure:4534: checking for select
configure:4591: gcc -o conftest -g -O2 -DLINUX -Wall -DPOSTGRES  -I/usr/local/include/ -I/usr/include  conftest.c -lpq -lmd5  -lxmlrpc -lexpat -lpq >&5
configure:4597: $? = 0
configure:4601: test -z 
			 || test ! -s conftest.err
configure:4604: $? = 0
configure:4607: test -s conftest
configure:4610: $? = 0
configure:4622: result: yes
configure:4534: checking for socket
configure:4591: gcc -o conftest -g -O2 -DLINUX -Wall -DPOSTGRES  -I/usr/local/include/ -I/usr/include  conftest.c -lpq -lmd5  -lxmlrpc -lexpat -lpq >&5
configure:4597: $? = 0
configure:4601: test -z 
			 || test ! -s conftest.err
configure:4604: $? = 0
configure:4607: test -s conftest
configure:4610: $? = 0
configure:4622: result: yes
configure:4534: checking for strcspn
configure:4591: gcc -o conftest -g -O2 -DLINUX -Wall -DPOSTGRES  -I/usr/local/include/ -I/usr/include  conftest.c -lpq -lmd5  -lxmlrpc -lexpat -lpq >&5
conftest.c:63: warning: conflicting types for built-in function `strcspn'
configure:4597: $? = 0
configure:4601: test -z 
			 || test ! -s conftest.err
configure:4604: $? = 0
configure:4607: test -s conftest
configure:4610: $? = 0
configure:4622: result: yes
configure:4534: checking for strdup
configure:4591: gcc -o conftest -g -O2 -DLINUX -Wall -DPOSTGRES  -I/usr/local/include/ -I/usr/include  conftest.c -lpq -lmd5  -lxmlrpc -lexpat -lpq >&5
configure:4597: $? = 0
configure:4601: test -z 
			 || test ! -s conftest.err
configure:4604: $? = 0
configure:4607: test -s conftest
configure:4610: $? = 0
configure:4622: result: yes
configure:4534: checking for strerror
configure:4591: gcc -o conftest -g -O2 -DLINUX -Wall -DPOSTGRES  -I/usr/local/include/ -I/usr/include  conftest.c -lpq -lmd5  -lxmlrpc -lexpat -lpq >&5
configure:4597: $? = 0
configure:4601: test -z 
			 || test ! -s conftest.err
configure:4604: $? = 0
configure:4607: test -s conftest
configure:4610: $? = 0
configure:4622: result: yes
configure:4534: checking for strspn
configure:4591: gcc -o conftest -g -O2 -DLINUX -Wall -DPOSTGRES  -I/usr/local/include/ -I/usr/include  conftest.c -lpq -lmd5  -lxmlrpc -lexpat -lpq >&5
conftest.c:66: warning: conflicting types for built-in function `strspn'
configure:4597: $? = 0
configure:4601: test -z 
			 || test ! -s conftest.err
configure:4604: $? = 0
configure:4607: test -s conftest
configure:4610: $? = 0
configure:4622: result: yes
configure:4743: creating ./config.status

## ---------------------- ##
## Running config.status. ##
## ---------------------- ##

This file was extended by config.status, which was
generated by GNU Autoconf 2.59.  Invocation command line was

  CONFIG_FILES    = 
  CONFIG_HEADERS  = 
  CONFIG_LINKS    = 
  CONFIG_COMMANDS = 
  $ ./config.status 

on pcm1035

config.status:701: creating Makefile
config.status:805: creating config.h
config.status:1153: executing depfiles commands

## ---------------- ##
## Cache variables. ##
## ---------------- ##

ac_cv_build=i686-suse-linux
ac_cv_build_alias=i686-suse-linux
ac_cv_c_compiler_gnu=yes
ac_cv_c_const=yes
ac_cv_env_CC_set=
ac_cv_env_CC_value=
ac_cv_env_CFLAGS_set=
ac_cv_env_CFLAGS_value=
ac_cv_env_CPPFLAGS_set=
ac_cv_env_CPPFLAGS_value=
ac_cv_env_CPP_set=
ac_cv_env_CPP_value=
ac_cv_env_LDFLAGS_set=
ac_cv_env_LDFLAGS_value=
ac_cv_env_build_alias_set=
ac_cv_env_build_alias_value=
ac_cv_env_host_alias_set=
ac_cv_env_host_alias_value=
ac_cv_env_target_alias_set=
ac_cv_env_target_alias_value=
ac_cv_exeext=
ac_cv_func_mktime=yes
ac_cv_func_select=yes
ac_cv_func_socket=yes
ac_cv_func_strcspn=yes
ac_cv_func_strdup=yes
ac_cv_func_strerror=yes
ac_cv_func_strspn=yes
ac_cv_header_fcntl_h=yes
ac_cv_header_inttypes_h=yes
ac_cv_header_memory_h=yes
ac_cv_header_pgsql_libpq_fe_h=yes
ac_cv_header_stdc=yes
ac_cv_header_stdint_h=yes
ac_cv_header_stdlib_h=yes
ac_cv_header_string_h=yes
ac_cv_header_strings_h=yes
ac_cv_header_sys_ioctl_h=yes
ac_cv_header_sys_stat_h=yes
ac_cv_header_sys_types_h=yes
ac_cv_header_sys_wait_h=yes
ac_cv_header_syslog_h=yes
ac_cv_header_unistd_h=yes
ac_cv_header_xmlrpc_abyss_h=yes
ac_cv_header_xmlrpc_client_h=yes
ac_cv_header_xmlrpc_h=yes
ac_cv_host=i686-suse-linux
ac_cv_host_alias=i686-suse-linux
ac_cv_lib_md5_MD5Init=yes
ac_cv_lib_pq_PQsetdbLogin=yes
ac_cv_objext=o
ac_cv_path_install='/usr/bin/install -c'
ac_cv_prog_AWK=gawk
ac_cv_prog_CPP='gcc -E'
ac_cv_prog_ac_ct_CC=gcc
ac_cv_prog_ac_ct_RANLIB=ranlib
ac_cv_prog_cc_g=yes
ac_cv_prog_cc_stdc=
ac_cv_prog_egrep='grep -E'
ac_cv_prog_gcc_traditional=no
ac_cv_prog_make_make_set=yes
ac_cv_struct_tm=time.h
ac_cv_target=i686-suse-linux
ac_cv_target_alias=i686-suse-linux
ac_cv_type_pid_t=yes
ac_cv_type_signal=void
ac_cv_type_size_t=yes
am_cv_CC_dependencies_compiler_type=gcc3

## ----------------- ##
## Output variables. ##
## ----------------- ##

ACLOCAL='${SHELL} /proj/wetter/software/serial/wth/wth-0.4.4/missing --run aclocal-1.8'
AMDEPBACKSLASH='\'
AMDEP_FALSE='#'
AMDEP_TRUE=''
AMTAR='${SHELL} /proj/wetter/software/serial/wth/wth-0.4.4/missing --run tar'
AUTOCONF='${SHELL} /proj/wetter/software/serial/wth/wth-0.4.4/missing --run autoconf'
AUTOHEADER='${SHELL} /proj/wetter/software/serial/wth/wth-0.4.4/missing --run autoheader'
AUTOMAKE='${SHELL} /proj/wetter/software/serial/wth/wth-0.4.4/missing --run automake-1.8'
AWK='gawk'
CC='gcc'
CCDEPMODE='depmode=gcc3'
CFLAGS='-g -O2 -DLINUX -Wall -DPOSTGRES'
CPP='gcc -E'
CPPFLAGS=' -I/usr/local/include/ -I/usr/include'
CYGPATH_W='echo'
DEFS='-DHAVE_CONFIG_H'
DEPDIR='.deps'
ECHO_C=''
ECHO_N='-n'
ECHO_T=''
EGREP='grep -E'
EXEEXT=''
INSTALL_DATA='${INSTALL} -m 644'
INSTALL_PROGRAM='${INSTALL}'
INSTALL_SCRIPT='${INSTALL}'
INSTALL_STRIP_PROGRAM='${SHELL} $(install_sh) -c -s'
LDFLAGS=''
LIBOBJS=''
LIBS='-lpq -lmd5  -lxmlrpc -lexpat -lpq'
LTLIBOBJS=''
MAKEINFO='${SHELL} /proj/wetter/software/serial/wth/wth-0.4.4/missing --run makeinfo'
OBJEXT='o'
PACKAGE='wth'
PACKAGE_BUGREPORT=''
PACKAGE_NAME=''
PACKAGE_STRING=''
PACKAGE_TARNAME=''
PACKAGE_VERSION=''
PATH_SEPARATOR=':'
RANLIB='ranlib'
SET_MAKE=''
SHELL='/bin/sh'
STRIP=''
VERSION='0.4.4'
ac_ct_CC='gcc'
ac_ct_RANLIB='ranlib'
ac_ct_STRIP=''
am__fastdepCC_FALSE='#'
am__fastdepCC_TRUE=''
am__include='include'
am__leading_dot='.'
am__quote=''
bindir='${exec_prefix}/bin'
build='i686-suse-linux'
build_alias=''
build_cpu='i686'
build_os='linux'
build_vendor='suse'
datadir='${prefix}/share'
exec_prefix='${prefix}'
host='i686-suse-linux'
host_alias=''
host_cpu='i686'
host_os='linux'
host_vendor='suse'
includedir='${prefix}/include'
infodir='${prefix}/info'
install_sh='/proj/wetter/software/serial/wth/wth-0.4.4/install-sh'
libdir='${exec_prefix}/lib'
libexecdir='${exec_prefix}/libexec'
localstatedir='${prefix}/var'
mandir='${prefix}/man'
mkdir_p='mkdir -p -- .'
oldincludedir='/usr/include'
prefix='/usr/local'
program_transform_name='s,x,x,'
sbindir='${exec_prefix}/sbin'
sharedstatedir='${prefix}/com'
sysconfdir='${prefix}/etc'
target='i686-suse-linux'
target_alias=''
target_cpu='i686'
target_os='linux'
target_vendor='suse'

## ----------- ##
## confdefs.h. ##
## ----------- ##

#define HAVE_FCNTL_H 1
#define HAVE_INTTYPES_H 1
#define HAVE_LIBMD5 1
#define HAVE_LIBPQ 1
#define HAVE_MEMORY_H 1
#define HAVE_MKTIME 1
#define HAVE_PGSQL_LIBPQ_FE_H 1
#define HAVE_SELECT 1
#define HAVE_SOCKET 1
#define HAVE_STDINT_H 1
#define HAVE_STDLIB_H 1
#define HAVE_STRCSPN 1
#define HAVE_STRDUP 1
#define HAVE_STRERROR 1
#define HAVE_STRINGS_H 1
#define HAVE_STRINGS_H 1
#define HAVE_STRING_H 1
#define HAVE_STRSPN 1
#define HAVE_SYSLOG_H 1
#define HAVE_SYS_IOCTL_H 1
#define HAVE_SYS_STAT_H 1
#define HAVE_SYS_TYPES_H 1
#define HAVE_SYS_WAIT_H 1
#define HAVE_UNISTD_H 1
#define HAVE_UNISTD_H 1
#define HAVE_XMLRPC_ABYSS_H 1
#define HAVE_XMLRPC_CLIENT_H 1
#define HAVE_XMLRPC_H 1
#define PACKAGE "wth"
#define PACKAGE_BUGREPORT ""
#define PACKAGE_NAME ""
#define PACKAGE_STRING ""
#define PACKAGE_TARNAME ""
#define PACKAGE_VERSION ""
#define RETSIGTYPE void
#define STDC_HEADERS 1
#define VERSION "0.4.4"
#define WITH_LIBXMLRPC 1
#define _GNU_SOURCE 1

configure: exit 0
