This file contains any messages produced by compilers while
running configure, to aid debugging if configure makes a mistake.

It was created by configure, which was
generated by GNU Autoconf 2.59.  Invocation command line was

  $ ./configure 

## --------- ##
## Platform. ##
## --------- ##

hostname = pcm1035
uname -m = i686
uname -r = 2.6.8
uname -s = Linux
uname -v = #1 Wed Jun 28 17:10:54 CEST 2006

/usr/bin/uname -p = unknown
/bin/uname -X     = unknown

/bin/arch              = i686
/usr/bin/arch -k       = unknown
/usr/convex/getsysinfo = unknown
hostinfo               = unknown
/bin/machine           = unknown
/usr/bin/oslevel       = unknown
/bin/universe          = unknown

PATH: /proj/devel/linux/mipsel/BR6104KP/br6104_mipsel_usbroot/staging_dir_mipsel/bin
PATH: /opt/OpenOffice.org/program
PATH: /home/jahns/bin
PATH: /usr/local/sbin/
PATH: /usr/sbin/
PATH: /sbin
PATH: /usr/lib/java/j2sdk1.4.2_01/bin
PATH: /usr/local/bin
PATH: /usr/bin
PATH: /bin
PATH: /usr/bin/X11
PATH: /usr/games


## ----------- ##
## Core tests. ##
## ----------- ##

configure:1336: checking build system type
configure:1354: result: i686-pc-linux
configure:1362: checking host system type
configure:1376: result: i686-pc-linux
configure:1384: checking target system type
configure:1398: result: i686-pc-linux
configure:1426: checking for a BSD-compatible install
configure:1481: result: /usr/bin/install -c
configure:1492: checking whether build environment is sane
configure:1535: result: yes
configure:1592: checking for gawk
configure:1621: result: no
configure:1592: checking for mawk
configure:1608: found /usr/bin/mawk
configure:1618: result: mawk
configure:1628: checking whether make sets $(MAKE)
configure:1648: result: yes
configure:1866: checking for gcc
configure:1892: result: mipsel-linux-gcc
configure:2136: checking for C compiler version
configure:2139: mipsel-linux-gcc --version </dev/null >&5
mipsel-linux-gcc (GCC) 3.4.4 (OpenWrt-2.0)
Copyright (C) 2004 Free Software Foundation, Inc.
This is free software; see the source for copying conditions.  There is NO
warranty; not even for MERCHANTABILITY or FITNESS FOR A PARTICULAR PURPOSE.

configure:2142: $? = 0
configure:2144: mipsel-linux-gcc -v </dev/null >&5
Reading specs from /.automount/zvrserv/net/zvrserv/fs1/proj/devel/linux/mipsel/BR6104KP/br6104_mipsel_usbroot/staging_dir_mipsel/bin/../lib/gcc/mipsel-linux-uclibc/3.4.4/specs
Configured with: /proj/devel/linux/mipsel/BR6104KP/br6104_mipsel_usbroot/toolchain_build_mipsel/gcc-3.4.4/configure --prefix=/proj/devel/linux/mipsel/BR6104KP/br6104_mipsel_usbroot/staging_dir_mipsel --build=i386-pc-linux-gnu --host=i386-pc-linux-gnu --target=mipsel-linux-uclibc --enable-languages=c,c++ --enable-shared --disable-__cxa_atexit --enable-target-optspace --with-gnu-ld --disable-nls
Thread model: posix
gcc version 3.4.4 (OpenWrt-2.0)
configure:2147: $? = 0
configure:2149: mipsel-linux-gcc -V </dev/null >&5
mipsel-linux-gcc: `-V' option must have argument
configure:2152: $? = 1
configure:2175: checking for C compiler default output file name
configure:2178: mipsel-linux-gcc    conftest.c  >&5
configure:2181: $? = 0
configure:2227: result: a.out
configure:2232: checking whether the C compiler works
configure:2238: ./a.out
./configure: line 1: ./a.out: cannot execute binary file
configure:2241: $? = 126
configure:2250: error: cannot run C compiled programs.
If you meant to cross compile, use `--host'.
See `config.log' for more details.

## ---------------- ##
## Cache variables. ##
## ---------------- ##

ac_cv_build=i686-pc-linux
ac_cv_build_alias=i686-pc-linux
ac_cv_env_CC_set=set
ac_cv_env_CC_value=mipsel-linux-gcc
ac_cv_env_CFLAGS_set=
ac_cv_env_CFLAGS_value=
ac_cv_env_CPPFLAGS_set=
ac_cv_env_CPPFLAGS_value=
ac_cv_env_CPP_set=set
ac_cv_env_CPP_value=mipsel-linux-cpp
ac_cv_env_LDFLAGS_set=
ac_cv_env_LDFLAGS_value=
ac_cv_env_build_alias_set=
ac_cv_env_build_alias_value=
ac_cv_env_host_alias_set=
ac_cv_env_host_alias_value=
ac_cv_env_target_alias_set=
ac_cv_env_target_alias_value=
ac_cv_exeext=
ac_cv_host=i686-pc-linux
ac_cv_host_alias=i686-pc-linux
ac_cv_path_install='/usr/bin/install -c'
ac_cv_prog_AWK=mawk
ac_cv_prog_ac_ct_CC=mipsel-linux-gcc
ac_cv_prog_make_make_set=yes
ac_cv_target=i686-pc-linux
ac_cv_target_alias=i686-pc-linux

## ----------------- ##
## Output variables. ##
## ----------------- ##

ACLOCAL='${SHELL} /proj/wetter/software/serial/wth/wth-0.4.4/missing --run aclocal-1.8'
AMDEPBACKSLASH=''
AMDEP_FALSE=''
AMDEP_TRUE=''
AMTAR='${SHELL} /proj/wetter/software/serial/wth/wth-0.4.4/missing --run tar'
AUTOCONF='${SHELL} /proj/wetter/software/serial/wth/wth-0.4.4/missing --run autoconf'
AUTOHEADER='${SHELL} /proj/wetter/software/serial/wth/wth-0.4.4/missing --run autoheader'
AUTOMAKE='${SHELL} /proj/wetter/software/serial/wth/wth-0.4.4/missing --run automake-1.8'
AWK='mawk'
CC='mipsel-linux-gcc'
CCDEPMODE=''
CFLAGS=''
CPP='mipsel-linux-cpp'
CPPFLAGS=''
CYGPATH_W='echo'
DEFS=''
DEPDIR=''
ECHO_C=''
ECHO_N='-n'
ECHO_T=''
EGREP=''
EXEEXT=''
INSTALL_DATA='${INSTALL} -m 644'
INSTALL_PROGRAM='${INSTALL}'
INSTALL_SCRIPT='${INSTALL}'
INSTALL_STRIP_PROGRAM='${SHELL} $(install_sh) -c -s'
LDFLAGS=''
LIBOBJS=''
LIBS=''
LTLIBOBJS=''
MAKEINFO='${SHELL} /proj/wetter/software/serial/wth/wth-0.4.4/missing --run makeinfo'
OBJEXT=''
PACKAGE='wth'
PACKAGE_BUGREPORT=''
PACKAGE_NAME=''
PACKAGE_STRING=''
PACKAGE_TARNAME=''
PACKAGE_VERSION=''
PATH_SEPARATOR=':'
RANLIB='mipsel-linux-ranlib'
SET_MAKE=''
SHELL='/bin/sh'
STRIP=''
VERSION='0.4.4'
ac_ct_CC='mipsel-linux-gcc'
ac_ct_RANLIB=''
ac_ct_STRIP=''
am__fastdepCC_FALSE=''
am__fastdepCC_TRUE=''
am__include=''
am__leading_dot='.'
am__quote=''
bindir='${exec_prefix}/bin'
build='i686-pc-linux'
build_alias=''
build_cpu='i686'
build_os='linux'
build_vendor='pc'
datadir='${prefix}/share'
exec_prefix='NONE'
host='i686-pc-linux'
host_alias=''
host_cpu='i686'
host_os='linux'
host_vendor='pc'
includedir='${prefix}/include'
infodir='${prefix}/info'
install_sh='/proj/wetter/software/serial/wth/wth-0.4.4/install-sh'
libdir='${exec_prefix}/lib'
libexecdir='${exec_prefix}/libexec'
localstatedir='${prefix}/var'
mandir='${prefix}/man'
mkdir_p='mkdir -p -- .'
oldincludedir='/usr/include'
prefix='NONE'
program_transform_name='s,x,x,'
sbindir='${exec_prefix}/sbin'
sharedstatedir='${prefix}/com'
sysconfdir='${prefix}/etc'
target='i686-pc-linux'
target_alias=''
target_cpu='i686'
target_os='linux'
target_vendor='pc'

## ----------- ##
## confdefs.h. ##
## ----------- ##

#define PACKAGE "wth"
#define PACKAGE_BUGREPORT ""
#define PACKAGE_NAME ""
#define PACKAGE_STRING ""
#define PACKAGE_TARNAME ""
#define PACKAGE_VERSION ""
#define VERSION "0.4.4"
#define _GNU_SOURCE 1

configure: exit 1
