This file contains any messages produced by compilers while
running configure, to aid debugging if configure makes a mistake.

configure:556: checking for a BSD compatible install
configure:609: checking whether build environment is sane
configure:666: checking whether make sets ${MAKE}
configure:712: checking for working aclocal
configure:725: checking for working autoconf
configure:738: checking for working automake
configure:751: checking for working autoheader
configure:764: checking for working makeinfo
configure:785: checking for gcc
configure:898: checking whether the C compiler (gcc  ) works
configure:914: gcc -o conftest    conftest.c  1>&5
configure:940: checking whether the C compiler (gcc  ) is a cross-compiler
configure:945: checking whether we are using GNU C
configure:973: checking whether gcc accepts -g
configure:1007: checking for ranlib
configure:1037: checking how to run the C preprocessor
configure:1117: checking for ANSI C header files
configure:1221: checking for sys/wait.h that is POSIX.1 compatible
configure:1266: checking for fcntl.h
configure:1266: checking for strings.h
configure:1266: checking for sys/ioctl.h
configure:1266: checking for syslog.h
configure:1266: checking for unistd.h
configure:1304: checking for working const
configure:1379: checking for pid_t
configure:1412: checking for size_t
configure:1445: checking whether struct tm is in sys/time.h or time.h
configure:1481: checking whether gcc needs -traditional
configure:1527: checking return type of signal handlers
configure:1570: checking for mktime
configure:1570: checking for select
configure:1570: checking for socket
configure:1570: checking for strcspn
configure:1570: checking for strdup
configure:1570: checking for strerror
configure:1570: checking for strspn
